<?xml version="1.0" encoding="UTF-8"?>
<coverage generated="1775258018354" clover="3.2.0">
  <project timestamp="1775258018354" name="All files">
    <metrics statements="284" coveredstatements="284" conditionals="362" coveredconditionals="362" methods="50" coveredmethods="50" elements="696" coveredelements="696" complexity="0" loc="284" ncloc="284" packages="1" files="8" classes="8"/>
    <file name="communitySession.ts" path="C:\Users\adria\Documents\UP\Semestre 10\Ing Proyectos Tecnologicos\ParkPulse\src\lib\communitySession.ts">
      <metrics statements="8" coveredstatements="8" conditionals="4" coveredconditionals="4" methods="3" coveredmethods="3"/>
      <line num="1" count="1" type="stmt"/>
      <line num="3" count="1" type="stmt"/>
      <line num="9" count="4" type="stmt"/>
      <line num="13" count="4" type="stmt"/>
      <line num="17" count="4" type="cond" truecount="2" falsecount="0"/>
      <line num="18" count="3" type="stmt"/>
      <line num="21" count="4" type="stmt"/>
      <line num="25" count="4" type="stmt"/>
    </file>
    <file name="parkingPresentation.ts" path="C:\Users\adria\Documents\UP\Semestre 10\Ing Proyectos Tecnologicos\ParkPulse\src\lib\parkingPresentation.ts">
      <metrics statements="30" coveredstatements="30" conditionals="44" coveredconditionals="44" methods="5" coveredmethods="5"/>
      <line num="4" count="59" type="stmt"/>
      <line num="5" count="59" type="cond" truecount="2" falsecount="0"/>
      <line num="12" count="36" type="cond" truecount="2" falsecount="0"/>
      <line num="14" count="35" type="cond" truecount="2" falsecount="0"/>
      <line num="15" count="35" type="stmt"/>
      <line num="16" count="35" type="stmt"/>
      <line num="18" count="35" type="cond" truecount="4" falsecount="0"/>
      <line num="19" count="29" type="cond" truecount="2" falsecount="0"/>
      <line num="20" count="28" type="stmt"/>
      <line num="23" count="6" type="cond" truecount="2" falsecount="0"/>
      <line num="24" count="5" type="cond" truecount="2" falsecount="0"/>
      <line num="26" count="4" type="cond" truecount="2" falsecount="0"/>
      <line num="27" count="2" type="cond" truecount="2" falsecount="0"/>
      <line num="30" count="2" type="cond" truecount="2" falsecount="0"/>
      <line num="31" count="1" type="cond" truecount="2" falsecount="0"/>
      <line num="34" count="1" type="cond" truecount="2" falsecount="0"/>
      <line num="41" count="32" type="stmt"/>
      <line num="42" count="32" type="stmt"/>
      <line num="44" count="32" type="cond" truecount="4" falsecount="0"/>
      <line num="45" count="29" type="cond" truecount="2" falsecount="0"/>
      <line num="46" count="28" type="stmt"/>
      <line num="49" count="3" type="cond" truecount="2" falsecount="0"/>
      <line num="50" count="2" type="cond" truecount="2" falsecount="0"/>
      <line num="51" count="1" type="stmt"/>
      <line num="58" count="29" type="cond" truecount="4" falsecount="0"/>
      <line num="59" count="4" type="stmt"/>
      <line num="62" count="25" type="stmt"/>
      <line num="69" count="23" type="cond" truecount="2" falsecount="0"/>
      <line num="70" count="20" type="cond" truecount="2" falsecount="0"/>
      <line num="71" count="19" type="stmt"/>
    </file>
    <file name="parkingShared.ts" path="C:\Users\adria\Documents\UP\Semestre 10\Ing Proyectos Tecnologicos\ParkPulse\src\lib\parkingShared.ts">
      <metrics statements="41" coveredstatements="41" conditionals="83" coveredconditionals="83" methods="11" coveredmethods="11"/>
      <line num="58" count="230" type="cond" truecount="2" falsecount="0"/>
      <line num="60" count="98" type="stmt"/>
      <line num="61" count="98" type="cond" truecount="2" falsecount="0"/>
      <line num="65" count="199" type="cond" truecount="4" falsecount="0"/>
      <line num="66" count="151" type="cond" truecount="4" falsecount="0"/>
      <line num="67" count="7" type="stmt"/>
      <line num="68" count="7" type="cond" truecount="2" falsecount="0"/>
      <line num="71" count="145" type="stmt"/>
      <line num="75" count="86" type="stmt"/>
      <line num="76" count="86" type="cond" truecount="2" falsecount="0"/>
      <line num="78" count="8" type="stmt"/>
      <line num="84" count="35" type="stmt"/>
      <line num="85" count="35" type="cond" truecount="2" falsecount="0"/>
      <line num="87" count="33" type="cond" truecount="4" falsecount="0"/>
      <line num="88" count="18" type="cond" truecount="4" falsecount="0"/>
      <line num="89" count="13" type="cond" truecount="4" falsecount="0"/>
      <line num="90" count="5" type="stmt"/>
      <line num="96" count="21" type="stmt"/>
      <line num="97" count="21" type="cond" truecount="2" falsecount="0"/>
      <line num="103" count="20" type="stmt"/>
      <line num="104" count="20" type="cond" truecount="4" falsecount="0"/>
      <line num="105" count="19" type="cond" truecount="4" falsecount="0"/>
      <line num="106" count="18" type="cond" truecount="4" falsecount="0"/>
      <line num="107" count="17" type="stmt"/>
      <line num="113" count="20" type="stmt"/>
      <line num="114" count="20" type="cond" truecount="2" falsecount="0"/>
      <line num="115" count="19" type="cond" truecount="4" falsecount="0"/>
      <line num="116" count="18" type="cond" truecount="4" falsecount="0"/>
      <line num="117" count="17" type="stmt"/>
      <line num="123" count="20" type="stmt"/>
      <line num="124" count="20" type="cond" truecount="4" falsecount="0"/>
      <line num="125" count="19" type="cond" truecount="4" falsecount="0"/>
      <line num="126" count="18" type="cond" truecount="4" falsecount="0"/>
      <line num="127" count="17" type="stmt"/>
      <line num="134" count="18" type="stmt"/>
      <line num="135" count="18" type="cond" truecount="4" falsecount="0"/>
      <line num="139" count="22" type="cond" truecount="4" falsecount="0"/>
      <line num="141" count="14" type="cond" truecount="4" falsecount="0"/>
      <line num="142" count="10" type="stmt"/>
      <line num="146" count="21" type="cond" truecount="4" falsecount="0"/>
      <line num="147" count="18" type="stmt"/>
    </file>
    <file name="places.ts" path="C:\Users\adria\Documents\UP\Semestre 10\Ing Proyectos Tecnologicos\ParkPulse\src\lib\places.ts">
      <metrics statements="83" coveredstatements="83" conditionals="99" coveredconditionals="99" methods="11" coveredmethods="11"/>
      <line num="71" count="1" type="stmt"/>
      <line num="96" count="1" type="stmt"/>
      <line num="108" count="1" type="stmt"/>
      <line num="128" count="1" type="stmt"/>
      <line num="137" count="1" type="stmt"/>
      <line num="216" count="17" type="stmt"/>
      <line num="222" count="10" type="stmt"/>
      <line num="223" count="10" type="stmt"/>
      <line num="224" count="10" type="stmt"/>
      <line num="225" count="10" type="stmt"/>
      <line num="226" count="10" type="stmt"/>
      <line num="227" count="10" type="stmt"/>
      <line num="228" count="10" type="stmt"/>
      <line num="230" count="10" type="cond" truecount="2" falsecount="0"/>
      <line num="231" count="1" type="stmt"/>
      <line num="234" count="9" type="cond" truecount="4" falsecount="0"/>
      <line num="235" count="1" type="stmt"/>
      <line num="238" count="8" type="cond" truecount="2" falsecount="0"/>
      <line num="243" count="1" type="stmt"/>
      <line num="246" count="7" type="cond" truecount="5" falsecount="0"/>
      <line num="247" count="1" type="stmt"/>
      <line num="250" count="6" type="stmt"/>
      <line num="271" count="14" type="cond" truecount="2" falsecount="0"/>
      <line num="272" count="14" type="cond" truecount="2" falsecount="0"/>
      <line num="273" count="14" type="cond" truecount="4" falsecount="0"/>
      <line num="275" count="10" type="stmt"/>
      <line num="305" count="12" type="stmt"/>
      <line num="306" count="12" type="cond" truecount="2" falsecount="0"/>
      <line num="308" count="11" type="stmt"/>
      <line num="313" count="11" type="cond" truecount="2" falsecount="0"/>
      <line num="314" count="8" type="cond" truecount="2" falsecount="0"/>
      <line num="315" count="5" type="stmt"/>
      <line num="316" count="5" type="stmt"/>
      <line num="319" count="3" type="stmt"/>
      <line num="324" count="3" type="cond" truecount="2" falsecount="0"/>
      <line num="325" count="1" type="stmt"/>
      <line num="329" count="1" type="stmt"/>
      <line num="332" count="2" type="cond" truecount="2" falsecount="0"/>
      <line num="335" count="3" type="cond" truecount="2" falsecount="0"/>
      <line num="339" count="9" type="stmt"/>
      <line num="340" count="9" type="cond" truecount="2" falsecount="0"/>
      <line num="342" count="8" type="stmt"/>
      <line num="347" count="8" type="cond" truecount="2" falsecount="0"/>
      <line num="348" count="5" type="cond" truecount="2" falsecount="0"/>
      <line num="349" count="1" type="stmt"/>
      <line num="350" count="1" type="stmt"/>
      <line num="353" count="4" type="stmt"/>
      <line num="358" count="4" type="cond" truecount="2" falsecount="0"/>
      <line num="359" count="1" type="stmt"/>
      <line num="360" count="1" type="stmt"/>
      <line num="363" count="3" type="cond" truecount="2" falsecount="0"/>
      <line num="366" count="3" type="cond" truecount="2" falsecount="0"/>
      <line num="370" count="12" type="cond" truecount="2" falsecount="0"/>
      <line num="372" count="12" type="stmt"/>
      <line num="374" count="6" type="stmt"/>
      <line num="376" count="12" type="cond" truecount="4" falsecount="0"/>
      <line num="380" count="9" type="stmt"/>
      <line num="381" count="9" type="cond" truecount="2" falsecount="0"/>
      <line num="383" count="8" type="stmt"/>
      <line num="384" count="8" type="cond" truecount="2" falsecount="0"/>
      <line num="385" count="4" type="cond" truecount="2" falsecount="0"/>
      <line num="388" count="6" type="stmt"/>
      <line num="394" count="6" type="cond" truecount="2" falsecount="0"/>
      <line num="395" count="4" type="cond" truecount="2" falsecount="0"/>
      <line num="396" count="1" type="stmt"/>
      <line num="397" count="1" type="stmt"/>
      <line num="400" count="3" type="stmt"/>
      <line num="406" count="3" type="cond" truecount="2" falsecount="0"/>
      <line num="407" count="1" type="stmt"/>
      <line num="408" count="1" type="stmt"/>
      <line num="411" count="2" type="cond" truecount="2" falsecount="0"/>
      <line num="414" count="2" type="cond" truecount="2" falsecount="0"/>
      <line num="420" count="5" type="stmt"/>
      <line num="421" count="5" type="stmt"/>
      <line num="423" count="5" type="stmt"/>
      <line num="441" count="5" type="cond" truecount="2" falsecount="0"/>
      <line num="442" count="1" type="stmt"/>
      <line num="445" count="4" type="cond" truecount="2" falsecount="0"/>
      <line num="446" count="4" type="cond" truecount="2" falsecount="0"/>
      <line num="448" count="4" type="cond" truecount="2" falsecount="0"/>
      <line num="449" count="2" type="stmt"/>
      <line num="452" count="2" type="stmt"/>
      <line num="456" count="3" type="cond" truecount="2" falsecount="0"/>
    </file>
    <file name="profiles.ts" path="C:\Users\adria\Documents\UP\Semestre 10\Ing Proyectos Tecnologicos\ParkPulse\src\lib\profiles.ts">
      <metrics statements="34" coveredstatements="34" conditionals="30" coveredconditionals="30" methods="4" coveredmethods="4"/>
      <line num="32" count="7" type="stmt"/>
      <line num="33" count="7" type="stmt"/>
      <line num="35" count="7" type="cond" truecount="4" falsecount="0"/>
      <line num="37" count="3" type="stmt"/>
      <line num="49" count="8" type="stmt"/>
      <line num="50" count="8" type="stmt"/>
      <line num="52" count="8" type="cond" truecount="2" falsecount="0"/>
      <line num="53" count="1" type="stmt"/>
      <line num="56" count="7" type="cond" truecount="2" falsecount="0"/>
      <line num="60" count="7" type="stmt"/>
      <line num="61" count="7" type="cond" truecount="2" falsecount="0"/>
      <line num="63" count="6" type="stmt"/>
      <line num="64" count="6" type="cond" truecount="2" falsecount="0"/>
      <line num="65" count="1" type="stmt"/>
      <line num="68" count="5" type="cond" truecount="2" falsecount="0"/>
      <line num="70" count="4" type="stmt"/>
      <line num="76" count="4" type="cond" truecount="2" falsecount="0"/>
      <line num="77" count="1" type="stmt"/>
      <line num="80" count="3" type="cond" truecount="2" falsecount="0"/>
      <line num="86" count="8" type="stmt"/>
      <line num="87" count="8" type="stmt"/>
      <line num="89" count="7" type="cond" truecount="2" falsecount="0"/>
      <line num="90" count="1" type="stmt"/>
      <line num="93" count="6" type="cond" truecount="2" falsecount="0"/>
      <line num="94" count="6" type="cond" truecount="2" falsecount="0"/>
      <line num="95" count="1" type="stmt"/>
      <line num="98" count="5" type="stmt"/>
      <line num="107" count="5" type="stmt"/>
      <line num="113" count="5" type="cond" truecount="2" falsecount="0"/>
      <line num="114" count="1" type="stmt"/>
      <line num="117" count="4" type="cond" truecount="2" falsecount="0"/>
      <line num="118" count="4" type="cond" truecount="2" falsecount="0"/>
      <line num="119" count="2" type="stmt"/>
      <line num="122" count="2" type="stmt"/>
    </file>
    <file name="ratings.ts" path="C:\Users\adria\Documents\UP\Semestre 10\Ing Proyectos Tecnologicos\ParkPulse\src\lib\ratings.ts">
      <metrics statements="24" coveredstatements="24" conditionals="37" coveredconditionals="37" methods="3" coveredmethods="3"/>
      <line num="28" count="9" type="stmt"/>
      <line num="29" count="9" type="stmt"/>
      <line num="31" count="9" type="cond" truecount="2" falsecount="0"/>
      <line num="32" count="1" type="stmt"/>
      <line num="35" count="8" type="cond" truecount="2" falsecount="0"/>
      <line num="36" count="1" type="stmt"/>
      <line num="39" count="7" type="stmt"/>
      <line num="51" count="5" type="stmt"/>
      <line num="53" count="5" type="cond" truecount="4" falsecount="0"/>
      <line num="57" count="5" type="cond" truecount="5" falsecount="0"/>
      <line num="58" count="2" type="stmt"/>
      <line num="62" count="3" type="cond" truecount="4" falsecount="0"/>
      <line num="66" count="3" type="cond" truecount="4" falsecount="0"/>
      <line num="70" count="3" type="stmt"/>
      <line num="85" count="6" type="stmt"/>
      <line num="86" count="6" type="stmt"/>
      <line num="88" count="6" type="stmt"/>
      <line num="95" count="6" type="cond" truecount="2" falsecount="0"/>
      <line num="96" count="1" type="stmt"/>
      <line num="99" count="5" type="cond" truecount="2" falsecount="0"/>
      <line num="100" count="5" type="stmt"/>
      <line num="104" count="5" type="cond" truecount="2" falsecount="0"/>
      <line num="105" count="2" type="stmt"/>
      <line num="108" count="3" type="stmt"/>
    </file>
    <file name="reports.ts" path="C:\Users\adria\Documents\UP\Semestre 10\Ing Proyectos Tecnologicos\ParkPulse\src\lib\reports.ts">
      <metrics statements="56" coveredstatements="56" conditionals="59" coveredconditionals="59" methods="11" coveredmethods="11"/>
      <line num="46" count="1" type="stmt"/>
      <line num="59" count="1" type="stmt"/>
      <line num="71" count="1" type="stmt"/>
      <line num="101" count="8" type="stmt"/>
      <line num="107" count="9" type="stmt"/>
      <line num="108" count="9" type="stmt"/>
      <line num="109" count="9" type="stmt"/>
      <line num="110" count="9" type="stmt"/>
      <line num="112" count="9" type="cond" truecount="4" falsecount="0"/>
      <line num="113" count="1" type="stmt"/>
      <line num="116" count="8" type="cond" truecount="2" falsecount="0"/>
      <line num="117" count="1" type="stmt"/>
      <line num="120" count="7" type="cond" truecount="5" falsecount="0"/>
      <line num="121" count="1" type="stmt"/>
      <line num="124" count="6" type="stmt"/>
      <line num="139" count="9" type="stmt"/>
      <line num="142" count="6" type="stmt"/>
      <line num="153" count="13" type="stmt"/>
      <line num="154" count="19" type="stmt"/>
      <line num="155" count="19" type="cond" truecount="2" falsecount="0"/>
      <line num="157" count="19" type="stmt"/>
      <line num="162" count="13" type="stmt"/>
      <line num="164" count="13" type="cond" truecount="2" falsecount="0"/>
      <line num="165" count="8" type="cond" truecount="2" falsecount="0"/>
      <line num="166" count="2" type="stmt"/>
      <line num="167" count="2" type="stmt"/>
      <line num="170" count="6" type="stmt"/>
      <line num="171" count="6" type="cond" truecount="2" falsecount="0"/>
      <line num="172" count="2" type="stmt"/>
      <line num="173" count="2" type="stmt"/>
      <line num="176" count="4" type="cond" truecount="2" falsecount="0"/>
      <line num="179" count="5" type="cond" truecount="2" falsecount="0"/>
      <line num="183" count="10" type="cond" truecount="2" falsecount="0"/>
      <line num="184" count="10" type="cond" truecount="2" falsecount="0"/>
      <line num="186" count="7" type="cond" truecount="2" falsecount="0"/>
      <line num="188" count="7" type="stmt"/>
      <line num="204" count="8" type="stmt"/>
      <line num="205" count="8" type="cond" truecount="2" falsecount="0"/>
      <line num="207" count="7" type="stmt"/>
      <line num="220" count="8" type="stmt"/>
      <line num="221" count="8" type="cond" truecount="2" falsecount="0"/>
      <line num="223" count="7" type="stmt"/>
      <line num="224" count="7" type="cond" truecount="2" falsecount="0"/>
      <line num="225" count="1" type="stmt"/>
      <line num="226" count="2" type="stmt"/>
      <line num="230" count="6" type="stmt"/>
      <line num="242" count="5" type="stmt"/>
      <line num="243" count="5" type="stmt"/>
      <line num="245" count="5" type="stmt"/>
      <line num="256" count="5" type="cond" truecount="2" falsecount="0"/>
      <line num="257" count="1" type="stmt"/>
      <line num="260" count="4" type="cond" truecount="2" falsecount="0"/>
      <line num="261" count="4" type="cond" truecount="2" falsecount="0"/>
      <line num="263" count="4" type="cond" truecount="2" falsecount="0"/>
      <line num="264" count="2" type="stmt"/>
      <line num="267" count="2" type="stmt"/>
    </file>
    <file name="supabase.ts" path="C:\Users\adria\Documents\UP\Semestre 10\Ing Proyectos Tecnologicos\ParkPulse\src\lib\supabase.ts">
      <metrics statements="8" coveredstatements="8" conditionals="6" coveredconditionals="6" methods="2" coveredmethods="2"/>
      <line num="3" count="2" type="stmt"/>
      <line num="4" count="2" type="stmt"/>
      <line num="6" count="2" type="cond" truecount="2" falsecount="0"/>
      <line num="8" count="2" type="cond" truecount="2" falsecount="0"/>
      <line num="18" count="2" type="stmt"/>
      <line num="22" count="2" type="cond" truecount="2" falsecount="0"/>
      <line num="23" count="1" type="stmt"/>
      <line num="28" count="1" type="stmt"/>
    </file>
  </project>
</coverage>
