<?xml version="1.0" encoding="UTF-8"?>
<coverage generated="1775076693180" clover="3.2.0">
  <project timestamp="1775076693181" name="All files">
    <metrics statements="254" coveredstatements="254" conditionals="338" coveredconditionals="338" methods="46" coveredmethods="46" elements="638" coveredelements="638" complexity="0" loc="254" ncloc="254" packages="1" files="8" classes="8"/>
    <file name="communitySession.ts" path="C:\Users\adria\Documents\UP\Semestre 10\Ing Proyectos Tecnologicos\ParkPulse\src\lib\communitySession.ts">
      <metrics statements="8" coveredstatements="8" conditionals="4" coveredconditionals="4" methods="3" coveredmethods="3"/>
      <line num="1" count="1" type="stmt"/>
      <line num="3" count="1" type="stmt"/>
      <line num="9" count="4" type="stmt"/>
      <line num="13" count="4" type="stmt"/>
      <line num="17" count="4" type="cond" truecount="2" falsecount="0"/>
      <line num="18" count="3" type="stmt"/>
      <line num="21" count="4" type="stmt"/>
      <line num="25" count="4" type="stmt"/>
    </file>
    <file name="parkingPresentation.ts" path="C:\Users\adria\Documents\UP\Semestre 10\Ing Proyectos Tecnologicos\ParkPulse\src\lib\parkingPresentation.ts">
      <metrics statements="30" coveredstatements="30" conditionals="44" coveredconditionals="44" methods="5" coveredmethods="5"/>
      <line num="4" count="61" type="stmt"/>
      <line num="5" count="61" type="cond" truecount="2" falsecount="0"/>
      <line num="12" count="37" type="cond" truecount="2" falsecount="0"/>
      <line num="14" count="36" type="cond" truecount="2" falsecount="0"/>
      <line num="15" count="36" type="stmt"/>
      <line num="16" count="36" type="stmt"/>
      <line num="18" count="36" type="cond" truecount="4" falsecount="0"/>
      <line num="19" count="30" type="cond" truecount="2" falsecount="0"/>
      <line num="20" count="29" type="stmt"/>
      <line num="23" count="6" type="cond" truecount="2" falsecount="0"/>
      <line num="24" count="5" type="cond" truecount="2" falsecount="0"/>
      <line num="26" count="4" type="cond" truecount="2" falsecount="0"/>
      <line num="27" count="2" type="cond" truecount="2" falsecount="0"/>
      <line num="30" count="2" type="cond" truecount="2" falsecount="0"/>
      <line num="31" count="1" type="cond" truecount="2" falsecount="0"/>
      <line num="34" count="1" type="cond" truecount="2" falsecount="0"/>
      <line num="41" count="33" type="stmt"/>
      <line num="42" count="33" type="stmt"/>
      <line num="44" count="33" type="cond" truecount="4" falsecount="0"/>
      <line num="45" count="30" type="cond" truecount="2" falsecount="0"/>
      <line num="46" count="29" type="stmt"/>
      <line num="49" count="3" type="cond" truecount="2" falsecount="0"/>
      <line num="50" count="2" type="cond" truecount="2" falsecount="0"/>
      <line num="51" count="1" type="stmt"/>
      <line num="58" count="30" type="cond" truecount="4" falsecount="0"/>
      <line num="59" count="4" type="stmt"/>
      <line num="62" count="26" type="stmt"/>
      <line num="69" count="24" type="cond" truecount="2" falsecount="0"/>
      <line num="70" count="21" type="cond" truecount="2" falsecount="0"/>
      <line num="71" count="20" type="stmt"/>
    </file>
    <file name="parkingShared.ts" path="C:\Users\adria\Documents\UP\Semestre 10\Ing Proyectos Tecnologicos\ParkPulse\src\lib\parkingShared.ts">
      <metrics statements="41" coveredstatements="41" conditionals="83" coveredconditionals="83" methods="11" coveredmethods="11"/>
      <line num="58" count="202" type="cond" truecount="2" falsecount="0"/>
      <line num="60" count="86" type="stmt"/>
      <line num="61" count="86" type="cond" truecount="2" falsecount="0"/>
      <line num="65" count="155" type="cond" truecount="4" falsecount="0"/>
      <line num="66" count="115" type="cond" truecount="4" falsecount="0"/>
      <line num="67" count="7" type="stmt"/>
      <line num="68" count="7" type="cond" truecount="2" falsecount="0"/>
      <line num="71" count="109" type="stmt"/>
      <line num="75" count="64" type="stmt"/>
      <line num="76" count="64" type="cond" truecount="2" falsecount="0"/>
      <line num="78" count="8" type="stmt"/>
      <line num="84" count="29" type="stmt"/>
      <line num="85" count="29" type="cond" truecount="2" falsecount="0"/>
      <line num="87" count="27" type="cond" truecount="4" falsecount="0"/>
      <line num="88" count="13" type="cond" truecount="4" falsecount="0"/>
      <line num="89" count="10" type="cond" truecount="4" falsecount="0"/>
      <line num="90" count="5" type="stmt"/>
      <line num="96" count="19" type="stmt"/>
      <line num="97" count="19" type="cond" truecount="2" falsecount="0"/>
      <line num="103" count="16" type="stmt"/>
      <line num="104" count="16" type="cond" truecount="4" falsecount="0"/>
      <line num="105" count="15" type="cond" truecount="4" falsecount="0"/>
      <line num="106" count="14" type="cond" truecount="4" falsecount="0"/>
      <line num="107" count="13" type="stmt"/>
      <line num="113" count="16" type="stmt"/>
      <line num="114" count="16" type="cond" truecount="2" falsecount="0"/>
      <line num="115" count="15" type="cond" truecount="4" falsecount="0"/>
      <line num="116" count="14" type="cond" truecount="4" falsecount="0"/>
      <line num="117" count="13" type="stmt"/>
      <line num="123" count="16" type="stmt"/>
      <line num="124" count="16" type="cond" truecount="4" falsecount="0"/>
      <line num="125" count="15" type="cond" truecount="4" falsecount="0"/>
      <line num="126" count="14" type="cond" truecount="4" falsecount="0"/>
      <line num="127" count="13" type="stmt"/>
      <line num="134" count="14" type="stmt"/>
      <line num="135" count="14" type="cond" truecount="4" falsecount="0"/>
      <line num="139" count="22" type="cond" truecount="4" falsecount="0"/>
      <line num="141" count="14" type="cond" truecount="4" falsecount="0"/>
      <line num="142" count="10" type="stmt"/>
      <line num="146" count="15" type="cond" truecount="4" falsecount="0"/>
      <line num="147" count="12" type="stmt"/>
    </file>
    <file name="places.ts" path="C:\Users\adria\Documents\UP\Semestre 10\Ing Proyectos Tecnologicos\ParkPulse\src\lib\places.ts">
      <metrics statements="62" coveredstatements="62" conditionals="81" coveredconditionals="81" methods="10" coveredmethods="10"/>
      <line num="72" count="1" type="stmt"/>
      <line num="97" count="1" type="stmt"/>
      <line num="117" count="1" type="stmt"/>
      <line num="198" count="10" type="stmt"/>
      <line num="199" count="10" type="stmt"/>
      <line num="200" count="10" type="stmt"/>
      <line num="201" count="10" type="stmt"/>
      <line num="202" count="10" type="stmt"/>
      <line num="203" count="10" type="stmt"/>
      <line num="204" count="10" type="stmt"/>
      <line num="206" count="10" type="cond" truecount="2" falsecount="0"/>
      <line num="207" count="1" type="stmt"/>
      <line num="210" count="9" type="cond" truecount="4" falsecount="0"/>
      <line num="211" count="1" type="stmt"/>
      <line num="214" count="8" type="cond" truecount="2" falsecount="0"/>
      <line num="219" count="1" type="stmt"/>
      <line num="222" count="7" type="cond" truecount="5" falsecount="0"/>
      <line num="223" count="1" type="stmt"/>
      <line num="226" count="6" type="stmt"/>
      <line num="247" count="9" type="cond" truecount="2" falsecount="0"/>
      <line num="248" count="9" type="cond" truecount="2" falsecount="0"/>
      <line num="249" count="9" type="cond" truecount="4" falsecount="0"/>
      <line num="251" count="6" type="stmt"/>
      <line num="281" count="6" type="stmt"/>
      <line num="282" count="6" type="cond" truecount="2" falsecount="0"/>
      <line num="284" count="5" type="stmt"/>
      <line num="289" count="5" type="cond" truecount="2" falsecount="0"/>
      <line num="290" count="2" type="stmt"/>
      <line num="291" count="2" type="stmt"/>
      <line num="294" count="3" type="cond" truecount="2" falsecount="0"/>
      <line num="298" count="4" type="stmt"/>
      <line num="299" count="4" type="cond" truecount="2" falsecount="0"/>
      <line num="301" count="3" type="stmt"/>
      <line num="306" count="3" type="cond" truecount="2" falsecount="0"/>
      <line num="307" count="1" type="stmt"/>
      <line num="308" count="1" type="stmt"/>
      <line num="311" count="2" type="cond" truecount="2" falsecount="0"/>
      <line num="315" count="6" type="cond" truecount="2" falsecount="0"/>
      <line num="317" count="6" type="stmt"/>
      <line num="319" count="3" type="stmt"/>
      <line num="321" count="6" type="cond" truecount="4" falsecount="0"/>
      <line num="325" count="6" type="stmt"/>
      <line num="326" count="6" type="cond" truecount="2" falsecount="0"/>
      <line num="328" count="5" type="stmt"/>
      <line num="329" count="5" type="cond" truecount="2" falsecount="0"/>
      <line num="330" count="4" type="cond" truecount="2" falsecount="0"/>
      <line num="333" count="3" type="stmt"/>
      <line num="339" count="3" type="cond" truecount="2" falsecount="0"/>
      <line num="340" count="1" type="stmt"/>
      <line num="341" count="1" type="stmt"/>
      <line num="344" count="2" type="cond" truecount="2" falsecount="0"/>
      <line num="350" count="5" type="stmt"/>
      <line num="351" count="5" type="stmt"/>
      <line num="353" count="5" type="stmt"/>
      <line num="371" count="5" type="cond" truecount="2" falsecount="0"/>
      <line num="372" count="1" type="stmt"/>
      <line num="375" count="4" type="cond" truecount="2" falsecount="0"/>
      <line num="376" count="4" type="cond" truecount="2" falsecount="0"/>
      <line num="378" count="4" type="cond" truecount="2" falsecount="0"/>
      <line num="379" count="2" type="stmt"/>
      <line num="382" count="2" type="stmt"/>
      <line num="386" count="3" type="cond" truecount="2" falsecount="0"/>
    </file>
    <file name="profiles.ts" path="C:\Users\adria\Documents\UP\Semestre 10\Ing Proyectos Tecnologicos\ParkPulse\src\lib\profiles.ts">
      <metrics statements="34" coveredstatements="34" conditionals="30" coveredconditionals="30" methods="4" coveredmethods="4"/>
      <line num="32" count="7" type="stmt"/>
      <line num="33" count="7" type="stmt"/>
      <line num="35" count="7" type="cond" truecount="4" falsecount="0"/>
      <line num="37" count="3" type="stmt"/>
      <line num="49" count="8" type="stmt"/>
      <line num="50" count="8" type="stmt"/>
      <line num="52" count="8" type="cond" truecount="2" falsecount="0"/>
      <line num="53" count="1" type="stmt"/>
      <line num="56" count="7" type="cond" truecount="2" falsecount="0"/>
      <line num="60" count="7" type="stmt"/>
      <line num="61" count="7" type="cond" truecount="2" falsecount="0"/>
      <line num="63" count="6" type="stmt"/>
      <line num="64" count="6" type="cond" truecount="2" falsecount="0"/>
      <line num="65" count="1" type="stmt"/>
      <line num="68" count="5" type="cond" truecount="2" falsecount="0"/>
      <line num="70" count="4" type="stmt"/>
      <line num="76" count="4" type="cond" truecount="2" falsecount="0"/>
      <line num="77" count="1" type="stmt"/>
      <line num="80" count="3" type="cond" truecount="2" falsecount="0"/>
      <line num="86" count="8" type="stmt"/>
      <line num="87" count="8" type="stmt"/>
      <line num="89" count="7" type="cond" truecount="2" falsecount="0"/>
      <line num="90" count="1" type="stmt"/>
      <line num="93" count="6" type="cond" truecount="2" falsecount="0"/>
      <line num="94" count="6" type="cond" truecount="2" falsecount="0"/>
      <line num="95" count="1" type="stmt"/>
      <line num="98" count="5" type="stmt"/>
      <line num="107" count="5" type="stmt"/>
      <line num="113" count="5" type="cond" truecount="2" falsecount="0"/>
      <line num="114" count="1" type="stmt"/>
      <line num="117" count="4" type="cond" truecount="2" falsecount="0"/>
      <line num="118" count="4" type="cond" truecount="2" falsecount="0"/>
      <line num="119" count="2" type="stmt"/>
      <line num="122" count="2" type="stmt"/>
    </file>
    <file name="ratings.ts" path="C:\Users\adria\Documents\UP\Semestre 10\Ing Proyectos Tecnologicos\ParkPulse\src\lib\ratings.ts">
      <metrics statements="24" coveredstatements="24" conditionals="37" coveredconditionals="37" methods="3" coveredmethods="3"/>
      <line num="28" count="9" type="stmt"/>
      <line num="29" count="9" type="stmt"/>
      <line num="31" count="9" type="cond" truecount="2" falsecount="0"/>
      <line num="32" count="1" type="stmt"/>
      <line num="35" count="8" type="cond" truecount="2" falsecount="0"/>
      <line num="36" count="1" type="stmt"/>
      <line num="39" count="7" type="stmt"/>
      <line num="51" count="5" type="stmt"/>
      <line num="53" count="5" type="cond" truecount="4" falsecount="0"/>
      <line num="57" count="5" type="cond" truecount="5" falsecount="0"/>
      <line num="58" count="2" type="stmt"/>
      <line num="62" count="3" type="cond" truecount="4" falsecount="0"/>
      <line num="66" count="3" type="cond" truecount="4" falsecount="0"/>
      <line num="70" count="3" type="stmt"/>
      <line num="85" count="6" type="stmt"/>
      <line num="86" count="6" type="stmt"/>
      <line num="88" count="6" type="stmt"/>
      <line num="95" count="6" type="cond" truecount="2" falsecount="0"/>
      <line num="96" count="1" type="stmt"/>
      <line num="99" count="5" type="cond" truecount="2" falsecount="0"/>
      <line num="100" count="5" type="stmt"/>
      <line num="104" count="5" type="cond" truecount="2" falsecount="0"/>
      <line num="105" count="2" type="stmt"/>
      <line num="108" count="3" type="stmt"/>
    </file>
    <file name="reports.ts" path="C:\Users\adria\Documents\UP\Semestre 10\Ing Proyectos Tecnologicos\ParkPulse\src\lib\reports.ts">
      <metrics statements="47" coveredstatements="47" conditionals="53" coveredconditionals="53" methods="8" coveredmethods="8"/>
      <line num="46" count="1" type="stmt"/>
      <line num="59" count="1" type="stmt"/>
      <line num="91" count="9" type="stmt"/>
      <line num="92" count="9" type="stmt"/>
      <line num="93" count="9" type="stmt"/>
      <line num="94" count="9" type="stmt"/>
      <line num="96" count="9" type="cond" truecount="4" falsecount="0"/>
      <line num="97" count="1" type="stmt"/>
      <line num="100" count="8" type="cond" truecount="2" falsecount="0"/>
      <line num="101" count="1" type="stmt"/>
      <line num="104" count="7" type="cond" truecount="5" falsecount="0"/>
      <line num="105" count="1" type="stmt"/>
      <line num="108" count="6" type="stmt"/>
      <line num="123" count="8" type="cond" truecount="2" falsecount="0"/>
      <line num="124" count="8" type="cond" truecount="2" falsecount="0"/>
      <line num="126" count="5" type="cond" truecount="2" falsecount="0"/>
      <line num="128" count="5" type="stmt"/>
      <line num="144" count="5" type="stmt"/>
      <line num="145" count="5" type="cond" truecount="2" falsecount="0"/>
      <line num="147" count="4" type="stmt"/>
      <line num="153" count="4" type="cond" truecount="2" falsecount="0"/>
      <line num="154" count="1" type="stmt"/>
      <line num="155" count="1" type="stmt"/>
      <line num="158" count="3" type="stmt"/>
      <line num="161" count="3" type="stmt"/>
      <line num="169" count="5" type="stmt"/>
      <line num="170" count="5" type="cond" truecount="2" falsecount="0"/>
      <line num="172" count="4" type="stmt"/>
      <line num="173" count="4" type="cond" truecount="2" falsecount="0"/>
      <line num="174" count="1" type="stmt"/>
      <line num="175" count="2" type="stmt"/>
      <line num="179" count="3" type="stmt"/>
      <line num="184" count="3" type="cond" truecount="2" falsecount="0"/>
      <line num="185" count="1" type="stmt"/>
      <line num="186" count="1" type="stmt"/>
      <line num="189" count="2" type="stmt"/>
      <line num="192" count="1" type="stmt"/>
      <line num="199" count="5" type="stmt"/>
      <line num="200" count="5" type="stmt"/>
      <line num="202" count="5" type="stmt"/>
      <line num="213" count="5" type="cond" truecount="2" falsecount="0"/>
      <line num="214" count="1" type="stmt"/>
      <line num="217" count="4" type="cond" truecount="2" falsecount="0"/>
      <line num="218" count="4" type="cond" truecount="2" falsecount="0"/>
      <line num="220" count="4" type="cond" truecount="2" falsecount="0"/>
      <line num="221" count="2" type="stmt"/>
      <line num="224" count="2" type="stmt"/>
    </file>
    <file name="supabase.ts" path="C:\Users\adria\Documents\UP\Semestre 10\Ing Proyectos Tecnologicos\ParkPulse\src\lib\supabase.ts">
      <metrics statements="8" coveredstatements="8" conditionals="6" coveredconditionals="6" methods="2" coveredmethods="2"/>
      <line num="3" count="2" type="stmt"/>
      <line num="4" count="2" type="stmt"/>
      <line num="6" count="2" type="cond" truecount="2" falsecount="0"/>
      <line num="8" count="2" type="cond" truecount="2" falsecount="0"/>
      <line num="18" count="2" type="stmt"/>
      <line num="22" count="2" type="cond" truecount="2" falsecount="0"/>
      <line num="23" count="1" type="stmt"/>
      <line num="28" count="1" type="stmt"/>
    </file>
  </project>
</coverage>
