{"C:\\Users\\adria\\Documents\\UP\\Semestre 10\\Ing Proyectos Tecnologicos\\ParkPulse\\src\\lib\\communitySession.ts": {"path":"C:\\Users\\adria\\Documents\\UP\\Semestre 10\\Ing Proyectos Tecnologicos\\ParkPulse\\src\\lib\\communitySession.ts","statementMap":{"0":{"start":{"line":1,"column":23},"end":{"line":1,"column":44}},"1":{"start":{"line":3,"column":46},"end":{"line":3,"column":50}},"2":{"start":{"line":9,"column":27},"end":{"line":11,"column":21}},"3":{"start":{"line":13,"column":2},"end":{"line":13,"column":69}},"4":{"start":{"line":17,"column":2},"end":{"line":19,"column":3}},"5":{"start":{"line":18,"column":4},"end":{"line":18,"column":57}},"6":{"start":{"line":21,"column":2},"end":{"line":21,"column":34}},"7":{"start":{"line":25,"column":2},"end":{"line":25,"column":34}}},"fnMap":{"0":{"name":"buildCommunitySessionId","decl":{"start":{"line":5,"column":16},"end":{"line":5,"column":39}},"loc":{"start":{"line":8,"column":2},"end":{"line":14,"column":1}},"line":8},"1":{"name":"getCommunitySessionId","decl":{"start":{"line":16,"column":16},"end":{"line":16,"column":37}},"loc":{"start":{"line":16,"column":40},"end":{"line":22,"column":1}},"line":16},"2":{"name":"resetCommunitySessionIdForTests","decl":{"start":{"line":24,"column":16},"end":{"line":24,"column":47}},"loc":{"start":{"line":24,"column":50},"end":{"line":26,"column":1}},"line":24}},"branchMap":{"0":{"loc":{"start":{"line":6,"column":2},"end":{"line":6,"column":18}},"type":"default-arg","locations":[{"start":{"line":6,"column":8},"end":{"line":6,"column":18}}],"line":6},"1":{"loc":{"start":{"line":7,"column":2},"end":{"line":7,"column":29}},"type":"default-arg","locations":[{"start":{"line":7,"column":16},"end":{"line":7,"column":29}}],"line":7},"2":{"loc":{"start":{"line":17,"column":2},"end":{"line":19,"column":3}},"type":"if","locations":[{"start":{"line":17,"column":2},"end":{"line":19,"column":3}},{"start":{},"end":{}}],"line":17}},"s":{"0":1,"1":1,"2":4,"3":4,"4":4,"5":3,"6":4,"7":4},"f":{"0":4,"1":4,"2":4},"b":{"0":[3],"1":[3],"2":[3,1]},"_coverageSchema":"1a1c01bbd47fc00a2c39e90264f33305004495a9","hash":"6b7aa46471ed89ece880478e429dc352d4efe3ac"}
,"C:\\Users\\adria\\Documents\\UP\\Semestre 10\\Ing Proyectos Tecnologicos\\ParkPulse\\src\\lib\\parkingPresentation.ts": {"path":"C:\\Users\\adria\\Documents\\UP\\Semestre 10\\Ing Proyectos Tecnologicos\\ParkPulse\\src\\lib\\parkingPresentation.ts","statementMap":{"0":{"start":{"line":4,"column":21},"end":{"line":4,"column":46}},"1":{"start":{"line":5,"column":2},"end":{"line":5,"column":83}},"2":{"start":{"line":12,"column":2},"end":{"line":12,"column":49}},"3":{"start":{"line":12,"column":33},"end":{"line":12,"column":49}},"4":{"start":{"line":14,"column":23},"end":{"line":14,"column":50}},"5":{"start":{"line":15,"column":14},"end":{"line":15,"column":33}},"6":{"start":{"line":16,"column":14},"end":{"line":16,"column":33}},"7":{"start":{"line":18,"column":2},"end":{"line":21,"column":3}},"8":{"start":{"line":19,"column":4},"end":{"line":19,"column":73}},"9":{"start":{"line":19,"column":21},"end":{"line":19,"column":73}},"10":{"start":{"line":20,"column":4},"end":{"line":20,"column":81}},"11":{"start":{"line":23,"column":2},"end":{"line":23,"column":78}},"12":{"start":{"line":23,"column":20},"end":{"line":23,"column":78}},"13":{"start":{"line":24,"column":2},"end":{"line":24,"column":78}},"14":{"start":{"line":24,"column":20},"end":{"line":24,"column":78}},"15":{"start":{"line":26,"column":2},"end":{"line":28,"column":3}},"16":{"start":{"line":27,"column":4},"end":{"line":27,"column":45}},"17":{"start":{"line":30,"column":2},"end":{"line":32,"column":3}},"18":{"start":{"line":31,"column":4},"end":{"line":31,"column":51}},"19":{"start":{"line":34,"column":2},"end":{"line":34,"column":40}},"20":{"start":{"line":41,"column":14},"end":{"line":41,"column":31}},"21":{"start":{"line":42,"column":14},"end":{"line":42,"column":31}},"22":{"start":{"line":44,"column":2},"end":{"line":47,"column":3}},"23":{"start":{"line":45,"column":4},"end":{"line":45,"column":43}},"24":{"start":{"line":45,"column":21},"end":{"line":45,"column":43}},"25":{"start":{"line":46,"column":4},"end":{"line":46,"column":33}},"26":{"start":{"line":49,"column":2},"end":{"line":49,"column":43}},"27":{"start":{"line":49,"column":20},"end":{"line":49,"column":43}},"28":{"start":{"line":50,"column":2},"end":{"line":50,"column":48}},"29":{"start":{"line":50,"column":20},"end":{"line":50,"column":48}},"30":{"start":{"line":51,"column":2},"end":{"line":51,"column":23}},"31":{"start":{"line":58,"column":2},"end":{"line":60,"column":3}},"32":{"start":{"line":59,"column":4},"end":{"line":59,"column":32}},"33":{"start":{"line":62,"column":2},"end":{"line":62,"column":70}},"34":{"start":{"line":69,"column":2},"end":{"line":69,"column":58}},"35":{"start":{"line":69,"column":36},"end":{"line":69,"column":58}},"36":{"start":{"line":70,"column":2},"end":{"line":70,"column":55}},"37":{"start":{"line":70,"column":36},"end":{"line":70,"column":55}},"38":{"start":{"line":71,"column":2},"end":{"line":71,"column":46}}},"fnMap":{"0":{"name":"formatMoneyValue","decl":{"start":{"line":3,"column":9},"end":{"line":3,"column":25}},"loc":{"start":{"line":3,"column":42},"end":{"line":6,"column":1}},"line":3},"1":{"name":"formatCostSummary","decl":{"start":{"line":8,"column":16},"end":{"line":8,"column":33}},"loc":{"start":{"line":11,"column":3},"end":{"line":35,"column":1}},"line":11},"2":{"name":"formatCapacitySummary","decl":{"start":{"line":37,"column":16},"end":{"line":37,"column":37}},"loc":{"start":{"line":40,"column":3},"end":{"line":52,"column":1}},"line":40},"3":{"name":"formatRatingSummary","decl":{"start":{"line":54,"column":16},"end":{"line":54,"column":35}},"loc":{"start":{"line":57,"column":3},"end":{"line":63,"column":1}},"line":57},"4":{"name":"formatReportVolumeSummary","decl":{"start":{"line":65,"column":16},"end":{"line":65,"column":41}},"loc":{"start":{"line":68,"column":3},"end":{"line":72,"column":1}},"line":68}},"branchMap":{"0":{"loc":{"start":{"line":5,"column":9},"end":{"line":5,"column":82}},"type":"cond-expr","locations":[{"start":{"line":5,"column":40},"end":{"line":5,"column":58}},{"start":{"line":5,"column":61},"end":{"line":5,"column":82}}],"line":5},"1":{"loc":{"start":{"line":12,"column":2},"end":{"line":12,"column":49}},"type":"if","locations":[{"start":{"line":12,"column":2},"end":{"line":12,"column":49}},{"start":{},"end":{}}],"line":12},"2":{"loc":{"start":{"line":14,"column":23},"end":{"line":14,"column":50}},"type":"binary-expr","locations":[{"start":{"line":14,"column":23},"end":{"line":14,"column":41}},{"start":{"line":14,"column":45},"end":{"line":14,"column":50}}],"line":14},"3":{"loc":{"start":{"line":18,"column":2},"end":{"line":21,"column":3}},"type":"if","locations":[{"start":{"line":18,"column":2},"end":{"line":21,"column":3}},{"start":{},"end":{}}],"line":18},"4":{"loc":{"start":{"line":18,"column":6},"end":{"line":18,"column":34}},"type":"binary-expr","locations":[{"start":{"line":18,"column":6},"end":{"line":18,"column":18}},{"start":{"line":18,"column":22},"end":{"line":18,"column":34}}],"line":18},"5":{"loc":{"start":{"line":19,"column":4},"end":{"line":19,"column":73}},"type":"if","locations":[{"start":{"line":19,"column":4},"end":{"line":19,"column":73}},{"start":{},"end":{}}],"line":19},"6":{"loc":{"start":{"line":23,"column":2},"end":{"line":23,"column":78}},"type":"if","locations":[{"start":{"line":23,"column":2},"end":{"line":23,"column":78}},{"start":{},"end":{}}],"line":23},"7":{"loc":{"start":{"line":24,"column":2},"end":{"line":24,"column":78}},"type":"if","locations":[{"start":{"line":24,"column":2},"end":{"line":24,"column":78}},{"start":{},"end":{}}],"line":24},"8":{"loc":{"start":{"line":26,"column":2},"end":{"line":28,"column":3}},"type":"if","locations":[{"start":{"line":26,"column":2},"end":{"line":28,"column":3}},{"start":{},"end":{}}],"line":26},"9":{"loc":{"start":{"line":27,"column":11},"end":{"line":27,"column":44}},"type":"binary-expr","locations":[{"start":{"line":27,"column":11},"end":{"line":27,"column":26}},{"start":{"line":27,"column":30},"end":{"line":27,"column":44}}],"line":27},"10":{"loc":{"start":{"line":30,"column":2},"end":{"line":32,"column":3}},"type":"if","locations":[{"start":{"line":30,"column":2},"end":{"line":32,"column":3}},{"start":{},"end":{}}],"line":30},"11":{"loc":{"start":{"line":31,"column":11},"end":{"line":31,"column":50}},"type":"binary-expr","locations":[{"start":{"line":31,"column":11},"end":{"line":31,"column":26}},{"start":{"line":31,"column":30},"end":{"line":31,"column":50}}],"line":31},"12":{"loc":{"start":{"line":34,"column":9},"end":{"line":34,"column":39}},"type":"binary-expr","locations":[{"start":{"line":34,"column":9},"end":{"line":34,"column":24}},{"start":{"line":34,"column":28},"end":{"line":34,"column":39}}],"line":34},"13":{"loc":{"start":{"line":44,"column":2},"end":{"line":47,"column":3}},"type":"if","locations":[{"start":{"line":44,"column":2},"end":{"line":47,"column":3}},{"start":{},"end":{}}],"line":44},"14":{"loc":{"start":{"line":44,"column":6},"end":{"line":44,"column":34}},"type":"binary-expr","locations":[{"start":{"line":44,"column":6},"end":{"line":44,"column":18}},{"start":{"line":44,"column":22},"end":{"line":44,"column":34}}],"line":44},"15":{"loc":{"start":{"line":45,"column":4},"end":{"line":45,"column":43}},"type":"if","locations":[{"start":{"line":45,"column":4},"end":{"line":45,"column":43}},{"start":{},"end":{}}],"line":45},"16":{"loc":{"start":{"line":49,"column":2},"end":{"line":49,"column":43}},"type":"if","locations":[{"start":{"line":49,"column":2},"end":{"line":49,"column":43}},{"start":{},"end":{}}],"line":49},"17":{"loc":{"start":{"line":50,"column":2},"end":{"line":50,"column":48}},"type":"if","locations":[{"start":{"line":50,"column":2},"end":{"line":50,"column":48}},{"start":{},"end":{}}],"line":50},"18":{"loc":{"start":{"line":58,"column":2},"end":{"line":60,"column":3}},"type":"if","locations":[{"start":{"line":58,"column":2},"end":{"line":60,"column":3}},{"start":{},"end":{}}],"line":58},"19":{"loc":{"start":{"line":58,"column":6},"end":{"line":58,"column":61}},"type":"binary-expr","locations":[{"start":{"line":58,"column":6},"end":{"line":58,"column":34}},{"start":{"line":58,"column":38},"end":{"line":58,"column":61}}],"line":58},"20":{"loc":{"start":{"line":69,"column":2},"end":{"line":69,"column":58}},"type":"if","locations":[{"start":{"line":69,"column":2},"end":{"line":69,"column":58}},{"start":{},"end":{}}],"line":69},"21":{"loc":{"start":{"line":70,"column":2},"end":{"line":70,"column":55}},"type":"if","locations":[{"start":{"line":70,"column":2},"end":{"line":70,"column":55}},{"start":{},"end":{}}],"line":70}},"s":{"0":61,"1":61,"2":37,"3":1,"4":36,"5":36,"6":36,"7":36,"8":30,"9":1,"10":29,"11":6,"12":1,"13":5,"14":1,"15":4,"16":2,"17":2,"18":1,"19":1,"20":33,"21":33,"22":33,"23":30,"24":1,"25":29,"26":3,"27":1,"28":2,"29":1,"30":1,"31":30,"32":4,"33":26,"34":24,"35":3,"36":21,"37":1,"38":20},"f":{"0":61,"1":37,"2":33,"3":30,"4":24},"b":{"0":[60,1],"1":[1,36],"2":[36,1],"3":[30,6],"4":[36,31],"5":[1,29],"6":[1,5],"7":[1,4],"8":[2,2],"9":[2,1],"10":[1,1],"11":[1,1],"12":[1,1],"13":[30,3],"14":[33,31],"15":[1,29],"16":[1,2],"17":[1,1],"18":[4,26],"19":[30,26],"20":[3,21],"21":[1,20]},"_coverageSchema":"1a1c01bbd47fc00a2c39e90264f33305004495a9","hash":"3c6221c00c74ebfac5cc2718a7f930ffdd528ae0"}
,"C:\\Users\\adria\\Documents\\UP\\Semestre 10\\Ing Proyectos Tecnologicos\\ParkPulse\\src\\lib\\parkingShared.ts": {"path":"C:\\Users\\adria\\Documents\\UP\\Semestre 10\\Ing Proyectos Tecnologicos\\ParkPulse\\src\\lib\\parkingShared.ts","statementMap":{"0":{"start":{"line":58,"column":2},"end":{"line":58,"column":45}},"1":{"start":{"line":58,"column":33},"end":{"line":58,"column":45}},"2":{"start":{"line":60,"column":20},"end":{"line":60,"column":32}},"3":{"start":{"line":61,"column":2},"end":{"line":61,"column":49}},"4":{"start":{"line":65,"column":2},"end":{"line":65,"column":72}},"5":{"start":{"line":65,"column":59},"end":{"line":65,"column":72}},"6":{"start":{"line":66,"column":2},"end":{"line":69,"column":3}},"7":{"start":{"line":67,"column":24},"end":{"line":67,"column":37}},"8":{"start":{"line":68,"column":4},"end":{"line":68,"column":57}},"9":{"start":{"line":68,"column":38},"end":{"line":68,"column":57}},"10":{"start":{"line":71,"column":2},"end":{"line":71,"column":14}},"11":{"start":{"line":75,"column":22},"end":{"line":75,"column":37}},"12":{"start":{"line":76,"column":2},"end":{"line":76,"column":40}},"13":{"start":{"line":76,"column":28},"end":{"line":76,"column":40}},"14":{"start":{"line":78,"column":2},"end":{"line":78,"column":33}},"15":{"start":{"line":84,"column":16},"end":{"line":84,"column":41}},"16":{"start":{"line":85,"column":2},"end":{"line":85,"column":31}},"17":{"start":{"line":85,"column":14},"end":{"line":85,"column":31}},"18":{"start":{"line":87,"column":2},"end":{"line":87,"column":74}},"19":{"start":{"line":87,"column":55},"end":{"line":87,"column":74}},"20":{"start":{"line":88,"column":2},"end":{"line":88,"column":59}},"21":{"start":{"line":88,"column":45},"end":{"line":88,"column":59}},"22":{"start":{"line":89,"column":2},"end":{"line":89,"column":65}},"23":{"start":{"line":89,"column":49},"end":{"line":89,"column":65}},"24":{"start":{"line":90,"column":2},"end":{"line":90,"column":19}},"25":{"start":{"line":96,"column":16},"end":{"line":96,"column":43}},"26":{"start":{"line":97,"column":2},"end":{"line":97,"column":44}},"27":{"start":{"line":103,"column":16},"end":{"line":103,"column":41}},"28":{"start":{"line":104,"column":2},"end":{"line":104,"column":60}},"29":{"start":{"line":104,"column":46},"end":{"line":104,"column":60}},"30":{"start":{"line":105,"column":2},"end":{"line":105,"column":58}},"31":{"start":{"line":105,"column":44},"end":{"line":105,"column":58}},"32":{"start":{"line":106,"column":2},"end":{"line":106,"column":61}},"33":{"start":{"line":106,"column":46},"end":{"line":106,"column":61}},"34":{"start":{"line":107,"column":2},"end":{"line":107,"column":19}},"35":{"start":{"line":113,"column":16},"end":{"line":113,"column":41}},"36":{"start":{"line":114,"column":2},"end":{"line":114,"column":40}},"37":{"start":{"line":114,"column":25},"end":{"line":114,"column":40}},"38":{"start":{"line":115,"column":2},"end":{"line":115,"column":72}},"39":{"start":{"line":115,"column":53},"end":{"line":115,"column":72}},"40":{"start":{"line":116,"column":2},"end":{"line":116,"column":61}},"41":{"start":{"line":116,"column":46},"end":{"line":116,"column":61}},"42":{"start":{"line":117,"column":2},"end":{"line":117,"column":19}},"43":{"start":{"line":123,"column":16},"end":{"line":123,"column":41}},"44":{"start":{"line":124,"column":2},"end":{"line":124,"column":65}},"45":{"start":{"line":124,"column":49},"end":{"line":124,"column":65}},"46":{"start":{"line":125,"column":2},"end":{"line":125,"column":67}},"47":{"start":{"line":125,"column":50},"end":{"line":125,"column":67}},"48":{"start":{"line":126,"column":2},"end":{"line":126,"column":61}},"49":{"start":{"line":126,"column":46},"end":{"line":126,"column":61}},"50":{"start":{"line":127,"column":2},"end":{"line":127,"column":19}},"51":{"start":{"line":134,"column":16},"end":{"line":134,"column":41}},"52":{"start":{"line":135,"column":2},"end":{"line":135,"column":54}},"53":{"start":{"line":139,"column":2},"end":{"line":139,"column":72}},"54":{"start":{"line":139,"column":60},"end":{"line":139,"column":72}},"55":{"start":{"line":141,"column":2},"end":{"line":141,"column":42}},"56":{"start":{"line":141,"column":30},"end":{"line":141,"column":42}},"57":{"start":{"line":142,"column":2},"end":{"line":142,"column":27}},"58":{"start":{"line":146,"column":2},"end":{"line":146,"column":61}},"59":{"start":{"line":146,"column":45},"end":{"line":146,"column":61}},"60":{"start":{"line":147,"column":2},"end":{"line":147,"column":40}}},"fnMap":{"0":{"name":"toTrimmedString","decl":{"start":{"line":57,"column":16},"end":{"line":57,"column":31}},"loc":{"start":{"line":57,"column":48},"end":{"line":62,"column":1}},"line":57},"1":{"name":"toNumber","decl":{"start":{"line":64,"column":16},"end":{"line":64,"column":24}},"loc":{"start":{"line":64,"column":56},"end":{"line":72,"column":1}},"line":64},"2":{"name":"toInteger","decl":{"start":{"line":74,"column":16},"end":{"line":74,"column":25}},"loc":{"start":{"line":74,"column":57},"end":{"line":79,"column":1}},"line":74},"3":{"name":"normalizeParkingStatus","decl":{"start":{"line":81,"column":16},"end":{"line":81,"column":38}},"loc":{"start":{"line":83,"column":17},"end":{"line":91,"column":1}},"line":83},"4":{"name":"normalizeParkingReportStatus","decl":{"start":{"line":93,"column":16},"end":{"line":93,"column":44}},"loc":{"start":{"line":95,"column":30},"end":{"line":98,"column":1}},"line":95},"5":{"name":"normalizeCostType","decl":{"start":{"line":100,"column":16},"end":{"line":100,"column":33}},"loc":{"start":{"line":102,"column":19},"end":{"line":108,"column":1}},"line":102},"6":{"name":"normalizeCapacityConfidence","decl":{"start":{"line":110,"column":16},"end":{"line":110,"column":43}},"loc":{"start":{"line":112,"column":22},"end":{"line":118,"column":1}},"line":112},"7":{"name":"normalizeAccessType","decl":{"start":{"line":120,"column":16},"end":{"line":120,"column":35}},"loc":{"start":{"line":122,"column":14},"end":{"line":128,"column":1}},"line":122},"8":{"name":"normalizeCurrencyCode","decl":{"start":{"line":130,"column":16},"end":{"line":130,"column":37}},"loc":{"start":{"line":133,"column":2},"end":{"line":136,"column":1}},"line":133},"9":{"name":"normalizeRatingValue","decl":{"start":{"line":138,"column":16},"end":{"line":138,"column":36}},"loc":{"start":{"line":138,"column":71},"end":{"line":143,"column":1}},"line":138},"10":{"name":"clampLimit","decl":{"start":{"line":145,"column":16},"end":{"line":145,"column":26}},"loc":{"start":{"line":145,"column":60},"end":{"line":148,"column":1}},"line":145}},"branchMap":{"0":{"loc":{"start":{"line":58,"column":2},"end":{"line":58,"column":45}},"type":"if","locations":[{"start":{"line":58,"column":2},"end":{"line":58,"column":45}},{"start":{},"end":{}}],"line":58},"1":{"loc":{"start":{"line":61,"column":9},"end":{"line":61,"column":48}},"type":"cond-expr","locations":[{"start":{"line":61,"column":32},"end":{"line":61,"column":41}},{"start":{"line":61,"column":44},"end":{"line":61,"column":48}}],"line":61},"2":{"loc":{"start":{"line":65,"column":2},"end":{"line":65,"column":72}},"type":"if","locations":[{"start":{"line":65,"column":2},"end":{"line":65,"column":72}},{"start":{},"end":{}}],"line":65},"3":{"loc":{"start":{"line":65,"column":6},"end":{"line":65,"column":57}},"type":"binary-expr","locations":[{"start":{"line":65,"column":6},"end":{"line":65,"column":31}},{"start":{"line":65,"column":35},"end":{"line":65,"column":57}}],"line":65},"4":{"loc":{"start":{"line":66,"column":2},"end":{"line":69,"column":3}},"type":"if","locations":[{"start":{"line":66,"column":2},"end":{"line":69,"column":3}},{"start":{},"end":{}}],"line":66},"5":{"loc":{"start":{"line":66,"column":6},"end":{"line":66,"column":58}},"type":"binary-expr","locations":[{"start":{"line":66,"column":6},"end":{"line":66,"column":31}},{"start":{"line":66,"column":35},"end":{"line":66,"column":58}}],"line":66},"6":{"loc":{"start":{"line":68,"column":4},"end":{"line":68,"column":57}},"type":"if","locations":[{"start":{"line":68,"column":4},"end":{"line":68,"column":57}},{"start":{},"end":{}}],"line":68},"7":{"loc":{"start":{"line":76,"column":2},"end":{"line":76,"column":40}},"type":"if","locations":[{"start":{"line":76,"column":2},"end":{"line":76,"column":40}},{"start":{},"end":{}}],"line":76},"8":{"loc":{"start":{"line":85,"column":2},"end":{"line":85,"column":31}},"type":"if","locations":[{"start":{"line":85,"column":2},"end":{"line":85,"column":31}},{"start":{},"end":{}}],"line":85},"9":{"loc":{"start":{"line":87,"column":2},"end":{"line":87,"column":74}},"type":"if","locations":[{"start":{"line":87,"column":2},"end":{"line":87,"column":74}},{"start":{},"end":{}}],"line":87},"10":{"loc":{"start":{"line":87,"column":6},"end":{"line":87,"column":53}},"type":"binary-expr","locations":[{"start":{"line":87,"column":6},"end":{"line":87,"column":27}},{"start":{"line":87,"column":31},"end":{"line":87,"column":53}}],"line":87},"11":{"loc":{"start":{"line":88,"column":2},"end":{"line":88,"column":59}},"type":"if","locations":[{"start":{"line":88,"column":2},"end":{"line":88,"column":59}},{"start":{},"end":{}}],"line":88},"12":{"loc":{"start":{"line":88,"column":6},"end":{"line":88,"column":43}},"type":"binary-expr","locations":[{"start":{"line":88,"column":6},"end":{"line":88,"column":22}},{"start":{"line":88,"column":26},"end":{"line":88,"column":43}}],"line":88},"13":{"loc":{"start":{"line":89,"column":2},"end":{"line":89,"column":65}},"type":"if","locations":[{"start":{"line":89,"column":2},"end":{"line":89,"column":65}},{"start":{},"end":{}}],"line":89},"14":{"loc":{"start":{"line":89,"column":6},"end":{"line":89,"column":47}},"type":"binary-expr","locations":[{"start":{"line":89,"column":6},"end":{"line":89,"column":24}},{"start":{"line":89,"column":28},"end":{"line":89,"column":47}}],"line":89},"15":{"loc":{"start":{"line":97,"column":9},"end":{"line":97,"column":43}},"type":"cond-expr","locations":[{"start":{"line":97,"column":31},"end":{"line":97,"column":35}},{"start":{"line":97,"column":38},"end":{"line":97,"column":43}}],"line":97},"16":{"loc":{"start":{"line":104,"column":2},"end":{"line":104,"column":60}},"type":"if","locations":[{"start":{"line":104,"column":2},"end":{"line":104,"column":60}},{"start":{},"end":{}}],"line":104},"17":{"loc":{"start":{"line":104,"column":6},"end":{"line":104,"column":44}},"type":"binary-expr","locations":[{"start":{"line":104,"column":6},"end":{"line":104,"column":22}},{"start":{"line":104,"column":26},"end":{"line":104,"column":44}}],"line":104},"18":{"loc":{"start":{"line":105,"column":2},"end":{"line":105,"column":58}},"type":"if","locations":[{"start":{"line":105,"column":2},"end":{"line":105,"column":58}},{"start":{},"end":{}}],"line":105},"19":{"loc":{"start":{"line":105,"column":6},"end":{"line":105,"column":42}},"type":"binary-expr","locations":[{"start":{"line":105,"column":6},"end":{"line":105,"column":22}},{"start":{"line":105,"column":26},"end":{"line":105,"column":42}}],"line":105},"20":{"loc":{"start":{"line":106,"column":2},"end":{"line":106,"column":61}},"type":"if","locations":[{"start":{"line":106,"column":2},"end":{"line":106,"column":61}},{"start":{},"end":{}}],"line":106},"21":{"loc":{"start":{"line":106,"column":6},"end":{"line":106,"column":44}},"type":"binary-expr","locations":[{"start":{"line":106,"column":6},"end":{"line":106,"column":23}},{"start":{"line":106,"column":27},"end":{"line":106,"column":44}}],"line":106},"22":{"loc":{"start":{"line":114,"column":2},"end":{"line":114,"column":40}},"type":"if","locations":[{"start":{"line":114,"column":2},"end":{"line":114,"column":40}},{"start":{},"end":{}}],"line":114},"23":{"loc":{"start":{"line":115,"column":2},"end":{"line":115,"column":72}},"type":"if","locations":[{"start":{"line":115,"column":2},"end":{"line":115,"column":72}},{"start":{},"end":{}}],"line":115},"24":{"loc":{"start":{"line":115,"column":6},"end":{"line":115,"column":51}},"type":"binary-expr","locations":[{"start":{"line":115,"column":6},"end":{"line":115,"column":27}},{"start":{"line":115,"column":31},"end":{"line":115,"column":51}}],"line":115},"25":{"loc":{"start":{"line":116,"column":2},"end":{"line":116,"column":61}},"type":"if","locations":[{"start":{"line":116,"column":2},"end":{"line":116,"column":61}},{"start":{},"end":{}}],"line":116},"26":{"loc":{"start":{"line":116,"column":6},"end":{"line":116,"column":44}},"type":"binary-expr","locations":[{"start":{"line":116,"column":6},"end":{"line":116,"column":23}},{"start":{"line":116,"column":27},"end":{"line":116,"column":44}}],"line":116},"27":{"loc":{"start":{"line":124,"column":2},"end":{"line":124,"column":65}},"type":"if","locations":[{"start":{"line":124,"column":2},"end":{"line":124,"column":65}},{"start":{},"end":{}}],"line":124},"28":{"loc":{"start":{"line":124,"column":6},"end":{"line":124,"column":47}},"type":"binary-expr","locations":[{"start":{"line":124,"column":6},"end":{"line":124,"column":24}},{"start":{"line":124,"column":28},"end":{"line":124,"column":47}}],"line":124},"29":{"loc":{"start":{"line":125,"column":2},"end":{"line":125,"column":67}},"type":"if","locations":[{"start":{"line":125,"column":2},"end":{"line":125,"column":67}},{"start":{},"end":{}}],"line":125},"30":{"loc":{"start":{"line":125,"column":6},"end":{"line":125,"column":48}},"type":"binary-expr","locations":[{"start":{"line":125,"column":6},"end":{"line":125,"column":25}},{"start":{"line":125,"column":29},"end":{"line":125,"column":48}}],"line":125},"31":{"loc":{"start":{"line":126,"column":2},"end":{"line":126,"column":61}},"type":"if","locations":[{"start":{"line":126,"column":2},"end":{"line":126,"column":61}},{"start":{},"end":{}}],"line":126},"32":{"loc":{"start":{"line":126,"column":6},"end":{"line":126,"column":44}},"type":"binary-expr","locations":[{"start":{"line":126,"column":6},"end":{"line":126,"column":23}},{"start":{"line":126,"column":27},"end":{"line":126,"column":44}}],"line":126},"33":{"loc":{"start":{"line":132,"column":2},"end":{"line":132,"column":18}},"type":"default-arg","locations":[{"start":{"line":132,"column":13},"end":{"line":132,"column":18}}],"line":132},"34":{"loc":{"start":{"line":135,"column":9},"end":{"line":135,"column":53}},"type":"cond-expr","locations":[{"start":{"line":135,"column":37},"end":{"line":135,"column":42}},{"start":{"line":135,"column":45},"end":{"line":135,"column":53}}],"line":135},"35":{"loc":{"start":{"line":135,"column":9},"end":{"line":135,"column":34}},"type":"binary-expr","locations":[{"start":{"line":135,"column":9},"end":{"line":135,"column":14}},{"start":{"line":135,"column":18},"end":{"line":135,"column":34}}],"line":135},"36":{"loc":{"start":{"line":139,"column":2},"end":{"line":139,"column":72}},"type":"if","locations":[{"start":{"line":139,"column":2},"end":{"line":139,"column":72}},{"start":{},"end":{}}],"line":139},"37":{"loc":{"start":{"line":139,"column":6},"end":{"line":139,"column":58}},"type":"binary-expr","locations":[{"start":{"line":139,"column":6},"end":{"line":139,"column":31}},{"start":{"line":139,"column":35},"end":{"line":139,"column":58}}],"line":139},"38":{"loc":{"start":{"line":141,"column":2},"end":{"line":141,"column":42}},"type":"if","locations":[{"start":{"line":141,"column":2},"end":{"line":141,"column":42}},{"start":{},"end":{}}],"line":141},"39":{"loc":{"start":{"line":141,"column":6},"end":{"line":141,"column":28}},"type":"binary-expr","locations":[{"start":{"line":141,"column":6},"end":{"line":141,"column":15}},{"start":{"line":141,"column":19},"end":{"line":141,"column":28}}],"line":141},"40":{"loc":{"start":{"line":146,"column":2},"end":{"line":146,"column":61}},"type":"if","locations":[{"start":{"line":146,"column":2},"end":{"line":146,"column":61}},{"start":{},"end":{}}],"line":146},"41":{"loc":{"start":{"line":146,"column":6},"end":{"line":146,"column":43}},"type":"binary-expr","locations":[{"start":{"line":146,"column":6},"end":{"line":146,"column":29}},{"start":{"line":146,"column":33},"end":{"line":146,"column":43}}],"line":146}},"s":{"0":202,"1":116,"2":86,"3":86,"4":155,"5":40,"6":115,"7":7,"8":7,"9":6,"10":109,"11":64,"12":64,"13":56,"14":8,"15":29,"16":29,"17":2,"18":27,"19":14,"20":13,"21":3,"22":10,"23":5,"24":5,"25":19,"26":19,"27":16,"28":16,"29":1,"30":15,"31":1,"32":14,"33":1,"34":13,"35":16,"36":16,"37":1,"38":15,"39":1,"40":14,"41":1,"42":13,"43":16,"44":16,"45":1,"46":15,"47":1,"48":14,"49":1,"50":13,"51":14,"52":14,"53":22,"54":8,"55":14,"56":4,"57":10,"58":15,"59":3,"60":12},"f":{"0":202,"1":155,"2":64,"3":29,"4":19,"5":16,"6":16,"7":16,"8":14,"9":22,"10":15},"b":{"0":[116,86],"1":[80,6],"2":[40,115],"3":[155,41],"4":[7,108],"5":[115,7],"6":[6,1],"7":[56,8],"8":[2,27],"9":[14,13],"10":[27,14],"11":[3,10],"12":[13,11],"13":[5,5],"14":[10,6],"15":[5,14],"16":[1,15],"17":[16,16],"18":[1,14],"19":[15,15],"20":[1,13],"21":[14,14],"22":[1,15],"23":[1,14],"24":[15,15],"25":[1,13],"26":[14,14],"27":[1,15],"28":[16,16],"29":[1,14],"30":[15,15],"31":[1,13],"32":[14,14],"33":[14],"34":[1,13],"35":[14,1],"36":[8,14],"37":[22,14],"38":[4,10],"39":[14,12],"40":[3,12],"41":[15,14]},"_coverageSchema":"1a1c01bbd47fc00a2c39e90264f33305004495a9","hash":"6a31ebebf7a48a3702d0a6c15deac242d4dc918b"}
,"C:\\Users\\adria\\Documents\\UP\\Semestre 10\\Ing Proyectos Tecnologicos\\ParkPulse\\src\\lib\\places.ts": {"path":"C:\\Users\\adria\\Documents\\UP\\Semestre 10\\Ing Proyectos Tecnologicos\\ParkPulse\\src\\lib\\places.ts","statementMap":{"0":{"start":{"line":72,"column":26},"end":{"line":95,"column":12}},"1":{"start":{"line":97,"column":26},"end":{"line":115,"column":12}},"2":{"start":{"line":117,"column":39},"end":{"line":193,"column":1}},"3":{"start":{"line":198,"column":15},"end":{"line":198,"column":42}},"4":{"start":{"line":199,"column":19},"end":{"line":199,"column":43}},"5":{"start":{"line":200,"column":20},"end":{"line":200,"column":45}},"6":{"start":{"line":201,"column":24},"end":{"line":201,"column":53}},"7":{"start":{"line":202,"column":24},"end":{"line":202,"column":53}},"8":{"start":{"line":203,"column":22},"end":{"line":203,"column":50}},"9":{"start":{"line":204,"column":22},"end":{"line":204,"column":50}},"10":{"start":{"line":206,"column":2},"end":{"line":208,"column":3}},"11":{"start":{"line":207,"column":4},"end":{"line":207,"column":69}},"12":{"start":{"line":210,"column":2},"end":{"line":212,"column":3}},"13":{"start":{"line":211,"column":4},"end":{"line":211,"column":74}},"14":{"start":{"line":214,"column":2},"end":{"line":220,"column":3}},"15":{"start":{"line":219,"column":4},"end":{"line":219,"column":75}},"16":{"start":{"line":222,"column":2},"end":{"line":224,"column":3}},"17":{"start":{"line":223,"column":4},"end":{"line":223,"column":75}},"18":{"start":{"line":226,"column":2},"end":{"line":243,"column":4}},"19":{"start":{"line":247,"column":19},"end":{"line":247,"column":56}},"20":{"start":{"line":248,"column":20},"end":{"line":248,"column":58}},"21":{"start":{"line":249,"column":2},"end":{"line":249,"column":59}},"22":{"start":{"line":249,"column":47},"end":{"line":249,"column":59}},"23":{"start":{"line":251,"column":2},"end":{"line":277,"column":4}},"24":{"start":{"line":281,"column":17},"end":{"line":281,"column":36}},"25":{"start":{"line":282,"column":2},"end":{"line":282,"column":27}},"26":{"start":{"line":282,"column":15},"end":{"line":282,"column":27}},"27":{"start":{"line":284,"column":26},"end":{"line":287,"column":39}},"28":{"start":{"line":289,"column":2},"end":{"line":292,"column":3}},"29":{"start":{"line":290,"column":4},"end":{"line":290,"column":73}},"30":{"start":{"line":291,"column":4},"end":{"line":291,"column":16}},"31":{"start":{"line":294,"column":2},"end":{"line":294,"column":45}},"32":{"start":{"line":298,"column":17},"end":{"line":298,"column":36}},"33":{"start":{"line":299,"column":2},"end":{"line":299,"column":27}},"34":{"start":{"line":299,"column":15},"end":{"line":299,"column":27}},"35":{"start":{"line":301,"column":26},"end":{"line":304,"column":39}},"36":{"start":{"line":306,"column":2},"end":{"line":309,"column":3}},"37":{"start":{"line":307,"column":4},"end":{"line":307,"column":62}},"38":{"start":{"line":308,"column":4},"end":{"line":308,"column":16}},"39":{"start":{"line":311,"column":2},"end":{"line":311,"column":45}},"40":{"start":{"line":315,"column":15},"end":{"line":315,"column":76}},"41":{"start":{"line":317,"column":17},"end":{"line":319,"column":58}},"42":{"start":{"line":319,"column":44},"end":{"line":319,"column":57}},"43":{"start":{"line":321,"column":2},"end":{"line":321,"column":63}},"44":{"start":{"line":325,"column":28},"end":{"line":325,"column":52}},"45":{"start":{"line":326,"column":2},"end":{"line":326,"column":38}},"46":{"start":{"line":326,"column":26},"end":{"line":326,"column":38}},"47":{"start":{"line":328,"column":17},"end":{"line":328,"column":36}},"48":{"start":{"line":329,"column":2},"end":{"line":331,"column":3}},"49":{"start":{"line":330,"column":4},"end":{"line":330,"column":82}},"50":{"start":{"line":330,"column":42},"end":{"line":330,"column":72}},"51":{"start":{"line":333,"column":26},"end":{"line":337,"column":18}},"52":{"start":{"line":339,"column":2},"end":{"line":342,"column":3}},"53":{"start":{"line":340,"column":4},"end":{"line":340,"column":58}},"54":{"start":{"line":341,"column":4},"end":{"line":341,"column":16}},"55":{"start":{"line":344,"column":2},"end":{"line":344,"column":54}},"56":{"start":{"line":350,"column":26},"end":{"line":350,"column":65}},"57":{"start":{"line":351,"column":17},"end":{"line":351,"column":40}},"58":{"start":{"line":353,"column":26},"end":{"line":369,"column":4}},"59":{"start":{"line":371,"column":2},"end":{"line":373,"column":3}},"60":{"start":{"line":372,"column":4},"end":{"line":372,"column":35}},"61":{"start":{"line":375,"column":23},"end":{"line":375,"column":59}},"62":{"start":{"line":376,"column":22},"end":{"line":376,"column":74}},"63":{"start":{"line":378,"column":2},"end":{"line":380,"column":3}},"64":{"start":{"line":379,"column":4},"end":{"line":379,"column":73}},"65":{"start":{"line":382,"column":2},"end":{"line":382,"column":21}},"66":{"start":{"line":386,"column":2},"end":{"line":386,"column":60}}},"fnMap":{"0":{"name":"normalizeCreateParkingPlaceInput","decl":{"start":{"line":195,"column":16},"end":{"line":195,"column":48}},"loc":{"start":{"line":197,"column":2},"end":{"line":244,"column":1}},"line":197},"1":{"name":"mapRawPlace","decl":{"start":{"line":246,"column":9},"end":{"line":246,"column":20}},"loc":{"start":{"line":246,"column":59},"end":{"line":278,"column":1}},"line":246},"2":{"name":"readPlacesFromView","decl":{"start":{"line":280,"column":15},"end":{"line":280,"column":33}},"loc":{"start":{"line":280,"column":36},"end":{"line":295,"column":1}},"line":280},"3":{"name":"readPlacesFromTable","decl":{"start":{"line":297,"column":15},"end":{"line":297,"column":34}},"loc":{"start":{"line":297,"column":37},"end":{"line":312,"column":1}},"line":297},"4":{"name":"fetchPlaces","decl":{"start":{"line":314,"column":22},"end":{"line":314,"column":33}},"loc":{"start":{"line":314,"column":61},"end":{"line":322,"column":1}},"line":314},"5":{"name":"(anonymous_5)","decl":{"start":{"line":319,"column":12},"end":{"line":319,"column":13}},"loc":{"start":{"line":319,"column":44},"end":{"line":319,"column":57}},"line":319},"6":{"name":"fetchPlaceById","decl":{"start":{"line":324,"column":22},"end":{"line":324,"column":36}},"loc":{"start":{"line":324,"column":84},"end":{"line":345,"column":1}},"line":324},"7":{"name":"(anonymous_7)","decl":{"start":{"line":330,"column":31},"end":{"line":330,"column":32}},"loc":{"start":{"line":330,"column":42},"end":{"line":330,"column":72}},"line":330},"8":{"name":"createParkingPlace","decl":{"start":{"line":347,"column":22},"end":{"line":347,"column":40}},"loc":{"start":{"line":349,"column":25},"end":{"line":383,"column":1}},"line":349},"9":{"name":"limitPlaces","decl":{"start":{"line":385,"column":16},"end":{"line":385,"column":27}},"loc":{"start":{"line":385,"column":65},"end":{"line":387,"column":1}},"line":385}},"branchMap":{"0":{"loc":{"start":{"line":206,"column":2},"end":{"line":208,"column":3}},"type":"if","locations":[{"start":{"line":206,"column":2},"end":{"line":208,"column":3}},{"start":{},"end":{}}],"line":206},"1":{"loc":{"start":{"line":210,"column":2},"end":{"line":212,"column":3}},"type":"if","locations":[{"start":{"line":210,"column":2},"end":{"line":212,"column":3}},{"start":{},"end":{}}],"line":210},"2":{"loc":{"start":{"line":210,"column":6},"end":{"line":210,"column":45}},"type":"binary-expr","locations":[{"start":{"line":210,"column":6},"end":{"line":210,"column":23}},{"start":{"line":210,"column":27},"end":{"line":210,"column":45}}],"line":210},"3":{"loc":{"start":{"line":214,"column":2},"end":{"line":220,"column":3}},"type":"if","locations":[{"start":{"line":214,"column":2},"end":{"line":220,"column":3}},{"start":{},"end":{}}],"line":214},"4":{"loc":{"start":{"line":215,"column":4},"end":{"line":217,"column":33}},"type":"binary-expr","locations":[{"start":{"line":215,"column":4},"end":{"line":215,"column":26}},{"start":{"line":216,"column":4},"end":{"line":216,"column":26}},{"start":{"line":217,"column":4},"end":{"line":217,"column":33}}],"line":215},"5":{"loc":{"start":{"line":222,"column":2},"end":{"line":224,"column":3}},"type":"if","locations":[{"start":{"line":222,"column":2},"end":{"line":224,"column":3}},{"start":{},"end":{}}],"line":222},"6":{"loc":{"start":{"line":222,"column":6},"end":{"line":222,"column":79}},"type":"binary-expr","locations":[{"start":{"line":222,"column":6},"end":{"line":222,"column":26}},{"start":{"line":222,"column":30},"end":{"line":222,"column":50}},{"start":{"line":222,"column":54},"end":{"line":222,"column":79}}],"line":222},"7":{"loc":{"start":{"line":242,"column":6},"end":{"line":242,"column":74}},"type":"binary-expr","locations":[{"start":{"line":242,"column":6},"end":{"line":242,"column":47}},{"start":{"line":242,"column":51},"end":{"line":242,"column":74}}],"line":242},"8":{"loc":{"start":{"line":247,"column":28},"end":{"line":247,"column":55}},"type":"binary-expr","locations":[{"start":{"line":247,"column":28},"end":{"line":247,"column":42}},{"start":{"line":247,"column":46},"end":{"line":247,"column":55}}],"line":247},"9":{"loc":{"start":{"line":248,"column":29},"end":{"line":248,"column":57}},"type":"binary-expr","locations":[{"start":{"line":248,"column":29},"end":{"line":248,"column":44}},{"start":{"line":248,"column":48},"end":{"line":248,"column":57}}],"line":248},"10":{"loc":{"start":{"line":249,"column":2},"end":{"line":249,"column":59}},"type":"if","locations":[{"start":{"line":249,"column":2},"end":{"line":249,"column":59}},{"start":{},"end":{}}],"line":249},"11":{"loc":{"start":{"line":249,"column":6},"end":{"line":249,"column":45}},"type":"binary-expr","locations":[{"start":{"line":249,"column":6},"end":{"line":249,"column":23}},{"start":{"line":249,"column":27},"end":{"line":249,"column":45}}],"line":249},"12":{"loc":{"start":{"line":252,"column":15},"end":{"line":252,"column":63}},"type":"binary-expr","locations":[{"start":{"line":252,"column":15},"end":{"line":252,"column":23}},{"start":{"line":252,"column":27},"end":{"line":252,"column":63}}],"line":252},"13":{"loc":{"start":{"line":253,"column":10},"end":{"line":253,"column":58}},"type":"binary-expr","locations":[{"start":{"line":253,"column":10},"end":{"line":253,"column":37}},{"start":{"line":253,"column":41},"end":{"line":253,"column":58}}],"line":253},"14":{"loc":{"start":{"line":259,"column":6},"end":{"line":259,"column":68}},"type":"binary-expr","locations":[{"start":{"line":259,"column":6},"end":{"line":259,"column":28}},{"start":{"line":259,"column":32},"end":{"line":259,"column":52}},{"start":{"line":259,"column":56},"end":{"line":259,"column":68}}],"line":259},"15":{"loc":{"start":{"line":261,"column":15},"end":{"line":261,"column":39}},"type":"binary-expr","locations":[{"start":{"line":261,"column":15},"end":{"line":261,"column":31}},{"start":{"line":261,"column":35},"end":{"line":261,"column":39}}],"line":261},"16":{"loc":{"start":{"line":262,"column":20},"end":{"line":262,"column":50}},"type":"binary-expr","locations":[{"start":{"line":262,"column":20},"end":{"line":262,"column":42}},{"start":{"line":262,"column":46},"end":{"line":262,"column":50}}],"line":262},"17":{"loc":{"start":{"line":263,"column":23},"end":{"line":263,"column":64}},"type":"binary-expr","locations":[{"start":{"line":263,"column":23},"end":{"line":263,"column":59}},{"start":{"line":263,"column":63},"end":{"line":263,"column":64}}],"line":263},"18":{"loc":{"start":{"line":264,"column":22},"end":{"line":264,"column":62}},"type":"binary-expr","locations":[{"start":{"line":264,"column":22},"end":{"line":264,"column":57}},{"start":{"line":264,"column":61},"end":{"line":264,"column":62}}],"line":264},"19":{"loc":{"start":{"line":266,"column":17},"end":{"line":266,"column":51}},"type":"binary-expr","locations":[{"start":{"line":266,"column":17},"end":{"line":266,"column":46}},{"start":{"line":266,"column":50},"end":{"line":266,"column":51}}],"line":266},"20":{"loc":{"start":{"line":282,"column":2},"end":{"line":282,"column":27}},"type":"if","locations":[{"start":{"line":282,"column":2},"end":{"line":282,"column":27}},{"start":{},"end":{}}],"line":282},"21":{"loc":{"start":{"line":289,"column":2},"end":{"line":292,"column":3}},"type":"if","locations":[{"start":{"line":289,"column":2},"end":{"line":292,"column":3}},{"start":{},"end":{}}],"line":289},"22":{"loc":{"start":{"line":294,"column":9},"end":{"line":294,"column":44}},"type":"binary-expr","locations":[{"start":{"line":294,"column":10},"end":{"line":294,"column":35}},{"start":{"line":294,"column":40},"end":{"line":294,"column":44}}],"line":294},"23":{"loc":{"start":{"line":299,"column":2},"end":{"line":299,"column":27}},"type":"if","locations":[{"start":{"line":299,"column":2},"end":{"line":299,"column":27}},{"start":{},"end":{}}],"line":299},"24":{"loc":{"start":{"line":306,"column":2},"end":{"line":309,"column":3}},"type":"if","locations":[{"start":{"line":306,"column":2},"end":{"line":309,"column":3}},{"start":{},"end":{}}],"line":306},"25":{"loc":{"start":{"line":311,"column":9},"end":{"line":311,"column":44}},"type":"binary-expr","locations":[{"start":{"line":311,"column":10},"end":{"line":311,"column":35}},{"start":{"line":311,"column":40},"end":{"line":311,"column":44}}],"line":311},"26":{"loc":{"start":{"line":315,"column":15},"end":{"line":315,"column":76}},"type":"binary-expr","locations":[{"start":{"line":315,"column":16},"end":{"line":315,"column":42}},{"start":{"line":315,"column":48},"end":{"line":315,"column":75}}],"line":315},"27":{"loc":{"start":{"line":321,"column":9},"end":{"line":321,"column":62}},"type":"cond-expr","locations":[{"start":{"line":321,"column":39},"end":{"line":321,"column":45}},{"start":{"line":321,"column":48},"end":{"line":321,"column":62}}],"line":321},"28":{"loc":{"start":{"line":321,"column":9},"end":{"line":321,"column":36}},"type":"binary-expr","locations":[{"start":{"line":321,"column":9},"end":{"line":321,"column":15}},{"start":{"line":321,"column":19},"end":{"line":321,"column":36}}],"line":321},"29":{"loc":{"start":{"line":326,"column":2},"end":{"line":326,"column":38}},"type":"if","locations":[{"start":{"line":326,"column":2},"end":{"line":326,"column":38}},{"start":{},"end":{}}],"line":326},"30":{"loc":{"start":{"line":329,"column":2},"end":{"line":331,"column":3}},"type":"if","locations":[{"start":{"line":329,"column":2},"end":{"line":331,"column":3}},{"start":{},"end":{}}],"line":329},"31":{"loc":{"start":{"line":330,"column":11},"end":{"line":330,"column":81}},"type":"binary-expr","locations":[{"start":{"line":330,"column":11},"end":{"line":330,"column":73}},{"start":{"line":330,"column":77},"end":{"line":330,"column":81}}],"line":330},"32":{"loc":{"start":{"line":339,"column":2},"end":{"line":342,"column":3}},"type":"if","locations":[{"start":{"line":339,"column":2},"end":{"line":342,"column":3}},{"start":{},"end":{}}],"line":339},"33":{"loc":{"start":{"line":344,"column":21},"end":{"line":344,"column":52}},"type":"binary-expr","locations":[{"start":{"line":344,"column":22},"end":{"line":344,"column":45}},{"start":{"line":344,"column":50},"end":{"line":344,"column":52}}],"line":344},"34":{"loc":{"start":{"line":371,"column":2},"end":{"line":373,"column":3}},"type":"if","locations":[{"start":{"line":371,"column":2},"end":{"line":373,"column":3}},{"start":{},"end":{}}],"line":371},"35":{"loc":{"start":{"line":375,"column":23},"end":{"line":375,"column":59}},"type":"cond-expr","locations":[{"start":{"line":375,"column":45},"end":{"line":375,"column":52}},{"start":{"line":375,"column":55},"end":{"line":375,"column":59}}],"line":375},"36":{"loc":{"start":{"line":376,"column":34},"end":{"line":376,"column":73}},"type":"binary-expr","locations":[{"start":{"line":376,"column":35},"end":{"line":376,"column":66}},{"start":{"line":376,"column":71},"end":{"line":376,"column":73}}],"line":376},"37":{"loc":{"start":{"line":378,"column":2},"end":{"line":380,"column":3}},"type":"if","locations":[{"start":{"line":378,"column":2},"end":{"line":380,"column":3}},{"start":{},"end":{}}],"line":378},"38":{"loc":{"start":{"line":386,"column":41},"end":{"line":386,"column":57}},"type":"binary-expr","locations":[{"start":{"line":386,"column":41},"end":{"line":386,"column":52}},{"start":{"line":386,"column":56},"end":{"line":386,"column":57}}],"line":386}},"s":{"0":1,"1":1,"2":1,"3":10,"4":10,"5":10,"6":10,"7":10,"8":10,"9":10,"10":10,"11":1,"12":9,"13":1,"14":8,"15":1,"16":7,"17":1,"18":6,"19":9,"20":9,"21":9,"22":3,"23":6,"24":6,"25":6,"26":1,"27":5,"28":5,"29":2,"30":2,"31":3,"32":4,"33":4,"34":1,"35":3,"36":3,"37":1,"38":1,"39":2,"40":6,"41":6,"42":3,"43":6,"44":6,"45":6,"46":1,"47":5,"48":5,"49":2,"50":4,"51":3,"52":3,"53":1,"54":1,"55":2,"56":5,"57":5,"58":5,"59":5,"60":1,"61":4,"62":4,"63":4,"64":2,"65":2,"66":3},"f":{"0":10,"1":9,"2":6,"3":4,"4":6,"5":3,"6":6,"7":4,"8":5,"9":3},"b":{"0":[1,9],"1":[1,8],"2":[9,8],"3":[1,7],"4":[8,2,2],"5":[1,6],"6":[7,2,2],"7":[6,6],"8":[9,3],"9":[9,3],"10":[3,6],"11":[9,6],"12":[6,1],"13":[6,2],"14":[6,6,1],"15":[6,6],"16":[6,6],"17":[6,6],"18":[6,6],"19":[6,5],"20":[1,5],"21":[2,3],"22":[3,1],"23":[1,3],"24":[1,2],"25":[2,1],"26":[6,4],"27":[3,3],"28":[6,3],"29":[1,5],"30":[2,3],"31":[2,1],"32":[1,2],"33":[2,1],"34":[1,4],"35":[2,2],"36":[4,1],"37":[2,2],"38":[3,1]},"_coverageSchema":"1a1c01bbd47fc00a2c39e90264f33305004495a9","hash":"f56b9167b8ec2159001565342d5021b39378bee3"}
,"C:\\Users\\adria\\Documents\\UP\\Semestre 10\\Ing Proyectos Tecnologicos\\ParkPulse\\src\\lib\\profiles.ts": {"path":"C:\\Users\\adria\\Documents\\UP\\Semestre 10\\Ing Proyectos Tecnologicos\\ParkPulse\\src\\lib\\profiles.ts","statementMap":{"0":{"start":{"line":32,"column":17},"end":{"line":32,"column":50}},"1":{"start":{"line":33,"column":16},"end":{"line":33,"column":47}},"2":{"start":{"line":35,"column":2},"end":{"line":35,"column":37}},"3":{"start":{"line":35,"column":25},"end":{"line":35,"column":37}},"4":{"start":{"line":37,"column":2},"end":{"line":45,"column":4}},"5":{"start":{"line":49,"column":17},"end":{"line":49,"column":40}},"6":{"start":{"line":50,"column":26},"end":{"line":50,"column":53}},"7":{"start":{"line":52,"column":2},"end":{"line":54,"column":3}},"8":{"start":{"line":53,"column":4},"end":{"line":53,"column":35}},"9":{"start":{"line":56,"column":2},"end":{"line":56,"column":27}},"10":{"start":{"line":60,"column":17},"end":{"line":60,"column":36}},"11":{"start":{"line":61,"column":2},"end":{"line":61,"column":27}},"12":{"start":{"line":61,"column":15},"end":{"line":61,"column":27}},"13":{"start":{"line":63,"column":47},"end":{"line":63,"column":74}},"14":{"start":{"line":64,"column":2},"end":{"line":66,"column":3}},"15":{"start":{"line":65,"column":4},"end":{"line":65,"column":39}},"16":{"start":{"line":68,"column":2},"end":{"line":68,"column":38}},"17":{"start":{"line":68,"column":26},"end":{"line":68,"column":38}},"18":{"start":{"line":70,"column":26},"end":{"line":74,"column":18}},"19":{"start":{"line":76,"column":2},"end":{"line":78,"column":3}},"20":{"start":{"line":77,"column":4},"end":{"line":77,"column":35}},"21":{"start":{"line":80,"column":2},"end":{"line":80,"column":64}},"22":{"start":{"line":86,"column":17},"end":{"line":86,"column":40}},"23":{"start":{"line":87,"column":15},"end":{"line":87,"column":43}},"24":{"start":{"line":89,"column":2},"end":{"line":91,"column":3}},"25":{"start":{"line":90,"column":4},"end":{"line":90,"column":71}},"26":{"start":{"line":93,"column":16},"end":{"line":93,"column":75}},"27":{"start":{"line":94,"column":2},"end":{"line":96,"column":3}},"28":{"start":{"line":95,"column":4},"end":{"line":95,"column":60}},"29":{"start":{"line":98,"column":18},"end":{"line":105,"column":3}},"30":{"start":{"line":107,"column":26},"end":{"line":111,"column":13}},"31":{"start":{"line":113,"column":2},"end":{"line":115,"column":3}},"32":{"start":{"line":114,"column":4},"end":{"line":114,"column":35}},"33":{"start":{"line":117,"column":24},"end":{"line":117,"column":78}},"34":{"start":{"line":118,"column":2},"end":{"line":120,"column":3}},"35":{"start":{"line":119,"column":4},"end":{"line":119,"column":69}},"36":{"start":{"line":122,"column":2},"end":{"line":122,"column":23}}},"fnMap":{"0":{"name":"mapRawProfile","decl":{"start":{"line":31,"column":9},"end":{"line":31,"column":22}},"loc":{"start":{"line":31,"column":87},"end":{"line":46,"column":1}},"line":31},"1":{"name":"getAuthenticatedUser","decl":{"start":{"line":48,"column":15},"end":{"line":48,"column":35}},"loc":{"start":{"line":48,"column":38},"end":{"line":57,"column":1}},"line":48},"2":{"name":"fetchCurrentUserProfile","decl":{"start":{"line":59,"column":22},"end":{"line":59,"column":45}},"loc":{"start":{"line":59,"column":77},"end":{"line":81,"column":1}},"line":59},"3":{"name":"upsertCurrentUserProfile","decl":{"start":{"line":83,"column":22},"end":{"line":83,"column":46}},"loc":{"start":{"line":85,"column":24},"end":{"line":123,"column":1}},"line":85}},"branchMap":{"0":{"loc":{"start":{"line":35,"column":2},"end":{"line":35,"column":37}},"type":"if","locations":[{"start":{"line":35,"column":2},"end":{"line":35,"column":37}},{"start":{},"end":{}}],"line":35},"1":{"loc":{"start":{"line":35,"column":6},"end":{"line":35,"column":23}},"type":"binary-expr","locations":[{"start":{"line":35,"column":6},"end":{"line":35,"column":13}},{"start":{"line":35,"column":17},"end":{"line":35,"column":23}}],"line":35},"2":{"loc":{"start":{"line":52,"column":2},"end":{"line":54,"column":3}},"type":"if","locations":[{"start":{"line":52,"column":2},"end":{"line":54,"column":3}},{"start":{},"end":{}}],"line":52},"3":{"loc":{"start":{"line":56,"column":9},"end":{"line":56,"column":26}},"type":"binary-expr","locations":[{"start":{"line":56,"column":9},"end":{"line":56,"column":18}},{"start":{"line":56,"column":22},"end":{"line":56,"column":26}}],"line":56},"4":{"loc":{"start":{"line":61,"column":2},"end":{"line":61,"column":27}},"type":"if","locations":[{"start":{"line":61,"column":2},"end":{"line":61,"column":27}},{"start":{},"end":{}}],"line":61},"5":{"loc":{"start":{"line":64,"column":2},"end":{"line":66,"column":3}},"type":"if","locations":[{"start":{"line":64,"column":2},"end":{"line":66,"column":3}},{"start":{},"end":{}}],"line":64},"6":{"loc":{"start":{"line":68,"column":2},"end":{"line":68,"column":38}},"type":"if","locations":[{"start":{"line":68,"column":2},"end":{"line":68,"column":38}},{"start":{},"end":{}}],"line":68},"7":{"loc":{"start":{"line":76,"column":2},"end":{"line":78,"column":3}},"type":"if","locations":[{"start":{"line":76,"column":2},"end":{"line":78,"column":3}},{"start":{},"end":{}}],"line":76},"8":{"loc":{"start":{"line":80,"column":23},"end":{"line":80,"column":62}},"type":"binary-expr","locations":[{"start":{"line":80,"column":24},"end":{"line":80,"column":53}},{"start":{"line":80,"column":58},"end":{"line":80,"column":62}}],"line":80},"9":{"loc":{"start":{"line":89,"column":2},"end":{"line":91,"column":3}},"type":"if","locations":[{"start":{"line":89,"column":2},"end":{"line":91,"column":3}},{"start":{},"end":{}}],"line":89},"10":{"loc":{"start":{"line":93,"column":16},"end":{"line":93,"column":75}},"type":"binary-expr","locations":[{"start":{"line":93,"column":16},"end":{"line":93,"column":44}},{"start":{"line":93,"column":48},"end":{"line":93,"column":75}}],"line":93},"11":{"loc":{"start":{"line":94,"column":2},"end":{"line":96,"column":3}},"type":"if","locations":[{"start":{"line":94,"column":2},"end":{"line":96,"column":3}},{"start":{},"end":{}}],"line":94},"12":{"loc":{"start":{"line":113,"column":2},"end":{"line":115,"column":3}},"type":"if","locations":[{"start":{"line":113,"column":2},"end":{"line":115,"column":3}},{"start":{},"end":{}}],"line":113},"13":{"loc":{"start":{"line":117,"column":38},"end":{"line":117,"column":77}},"type":"binary-expr","locations":[{"start":{"line":117,"column":39},"end":{"line":117,"column":68}},{"start":{"line":117,"column":73},"end":{"line":117,"column":77}}],"line":117},"14":{"loc":{"start":{"line":118,"column":2},"end":{"line":120,"column":3}},"type":"if","locations":[{"start":{"line":118,"column":2},"end":{"line":120,"column":3}},{"start":{},"end":{}}],"line":118}},"s":{"0":7,"1":7,"2":7,"3":4,"4":3,"5":8,"6":8,"7":8,"8":1,"9":7,"10":7,"11":7,"12":1,"13":6,"14":6,"15":1,"16":5,"17":1,"18":4,"19":4,"20":1,"21":3,"22":8,"23":8,"24":7,"25":1,"26":6,"27":6,"28":1,"29":5,"30":5,"31":5,"32":1,"33":4,"34":4,"35":2,"36":2},"f":{"0":7,"1":8,"2":7,"3":8},"b":{"0":[4,3],"1":[7,5],"2":[1,7],"3":[7,1],"4":[1,6],"5":[1,5],"6":[1,4],"7":[1,3],"8":[3,1],"9":[1,6],"10":[6,5],"11":[1,5],"12":[1,4],"13":[4,1],"14":[2,2]},"_coverageSchema":"1a1c01bbd47fc00a2c39e90264f33305004495a9","hash":"b3cd56f0fb469365e19c9adf8974df7ea8a8ef5f"}
,"C:\\Users\\adria\\Documents\\UP\\Semestre 10\\Ing Proyectos Tecnologicos\\ParkPulse\\src\\lib\\ratings.ts": {"path":"C:\\Users\\adria\\Documents\\UP\\Semestre 10\\Ing Proyectos Tecnologicos\\ParkPulse\\src\\lib\\ratings.ts","statementMap":{"0":{"start":{"line":28,"column":18},"end":{"line":28,"column":48}},"1":{"start":{"line":29,"column":17},"end":{"line":29,"column":51}},"2":{"start":{"line":31,"column":2},"end":{"line":33,"column":3}},"3":{"start":{"line":32,"column":4},"end":{"line":32,"column":75}},"4":{"start":{"line":35,"column":2},"end":{"line":37,"column":3}},"5":{"start":{"line":36,"column":4},"end":{"line":36,"column":63}},"6":{"start":{"line":39,"column":2},"end":{"line":45,"column":4}},"7":{"start":{"line":51,"column":18},"end":{"line":51,"column":51}},"8":{"start":{"line":53,"column":4},"end":{"line":55,"column":33}},"9":{"start":{"line":57,"column":2},"end":{"line":59,"column":3}},"10":{"start":{"line":58,"column":4},"end":{"line":58,"column":16}},"11":{"start":{"line":62,"column":4},"end":{"line":64,"column":38}},"12":{"start":{"line":66,"column":4},"end":{"line":68,"column":48}},"13":{"start":{"line":70,"column":2},"end":{"line":79,"column":4}},"14":{"start":{"line":85,"column":26},"end":{"line":85,"column":66}},"15":{"start":{"line":86,"column":17},"end":{"line":86,"column":40}},"16":{"start":{"line":88,"column":26},"end":{"line":93,"column":4}},"17":{"start":{"line":95,"column":2},"end":{"line":97,"column":3}},"18":{"start":{"line":96,"column":4},"end":{"line":96,"column":35}},"19":{"start":{"line":99,"column":18},"end":{"line":99,"column":54}},"20":{"start":{"line":100,"column":24},"end":{"line":102,"column":3}},"21":{"start":{"line":104,"column":2},"end":{"line":106,"column":3}},"22":{"start":{"line":105,"column":4},"end":{"line":105,"column":83}},"23":{"start":{"line":108,"column":2},"end":{"line":108,"column":23}}},"fnMap":{"0":{"name":"normalizeSubmitParkingRatingInput","decl":{"start":{"line":25,"column":16},"end":{"line":25,"column":49}},"loc":{"start":{"line":27,"column":2},"end":{"line":46,"column":1}},"line":27},"1":{"name":"mapRawParkingRatingSummary","decl":{"start":{"line":48,"column":9},"end":{"line":48,"column":35}},"loc":{"start":{"line":50,"column":31},"end":{"line":80,"column":1}},"line":50},"2":{"name":"submitParkingRating","decl":{"start":{"line":82,"column":22},"end":{"line":82,"column":41}},"loc":{"start":{"line":84,"column":33},"end":{"line":109,"column":1}},"line":84}},"branchMap":{"0":{"loc":{"start":{"line":31,"column":2},"end":{"line":33,"column":3}},"type":"if","locations":[{"start":{"line":31,"column":2},"end":{"line":33,"column":3}},{"start":{},"end":{}}],"line":31},"1":{"loc":{"start":{"line":35,"column":2},"end":{"line":37,"column":3}},"type":"if","locations":[{"start":{"line":35,"column":2},"end":{"line":37,"column":3}},{"start":{},"end":{}}],"line":35},"2":{"loc":{"start":{"line":44,"column":6},"end":{"line":44,"column":70}},"type":"binary-expr","locations":[{"start":{"line":44,"column":6},"end":{"line":44,"column":43}},{"start":{"line":44,"column":47},"end":{"line":44,"column":70}}],"line":44},"3":{"loc":{"start":{"line":53,"column":4},"end":{"line":55,"column":33}},"type":"cond-expr","locations":[{"start":{"line":54,"column":8},"end":{"line":54,"column":12}},{"start":{"line":55,"column":8},"end":{"line":55,"column":33}}],"line":53},"4":{"loc":{"start":{"line":53,"column":4},"end":{"line":53,"column":65}},"type":"binary-expr","locations":[{"start":{"line":53,"column":4},"end":{"line":53,"column":30}},{"start":{"line":53,"column":34},"end":{"line":53,"column":65}}],"line":53},"5":{"loc":{"start":{"line":57,"column":2},"end":{"line":59,"column":3}},"type":"if","locations":[{"start":{"line":57,"column":2},"end":{"line":59,"column":3}},{"start":{},"end":{}}],"line":57},"6":{"loc":{"start":{"line":57,"column":6},"end":{"line":57,"column":65}},"type":"binary-expr","locations":[{"start":{"line":57,"column":6},"end":{"line":57,"column":14}},{"start":{"line":57,"column":18},"end":{"line":57,"column":35}},{"start":{"line":57,"column":39},"end":{"line":57,"column":65}}],"line":57},"7":{"loc":{"start":{"line":62,"column":4},"end":{"line":64,"column":38}},"type":"cond-expr","locations":[{"start":{"line":63,"column":8},"end":{"line":63,"column":12}},{"start":{"line":64,"column":8},"end":{"line":64,"column":38}}],"line":62},"8":{"loc":{"start":{"line":62,"column":4},"end":{"line":62,"column":75}},"type":"binary-expr","locations":[{"start":{"line":62,"column":4},"end":{"line":62,"column":35}},{"start":{"line":62,"column":39},"end":{"line":62,"column":75}}],"line":62},"9":{"loc":{"start":{"line":66,"column":4},"end":{"line":68,"column":48}},"type":"cond-expr","locations":[{"start":{"line":67,"column":8},"end":{"line":67,"column":9}},{"start":{"line":68,"column":8},"end":{"line":68,"column":48}}],"line":66},"10":{"loc":{"start":{"line":66,"column":4},"end":{"line":66,"column":71}},"type":"binary-expr","locations":[{"start":{"line":66,"column":4},"end":{"line":66,"column":33}},{"start":{"line":66,"column":37},"end":{"line":66,"column":71}}],"line":66},"11":{"loc":{"start":{"line":73,"column":6},"end":{"line":75,"column":23}},"type":"cond-expr","locations":[{"start":{"line":74,"column":10},"end":{"line":74,"column":14}},{"start":{"line":75,"column":10},"end":{"line":75,"column":23}}],"line":73},"12":{"loc":{"start":{"line":73,"column":6},"end":{"line":73,"column":63}},"type":"binary-expr","locations":[{"start":{"line":73,"column":6},"end":{"line":73,"column":28}},{"start":{"line":73,"column":32},"end":{"line":73,"column":63}}],"line":73},"13":{"loc":{"start":{"line":76,"column":17},"end":{"line":76,"column":63}},"type":"cond-expr","locations":[{"start":{"line":76,"column":48},"end":{"line":76,"column":59}},{"start":{"line":76,"column":62},"end":{"line":76,"column":63}}],"line":76},"14":{"loc":{"start":{"line":95,"column":2},"end":{"line":97,"column":3}},"type":"if","locations":[{"start":{"line":95,"column":2},"end":{"line":97,"column":3}},{"start":{},"end":{}}],"line":95},"15":{"loc":{"start":{"line":99,"column":18},"end":{"line":99,"column":54}},"type":"cond-expr","locations":[{"start":{"line":99,"column":40},"end":{"line":99,"column":47}},{"start":{"line":99,"column":50},"end":{"line":99,"column":54}}],"line":99},"16":{"loc":{"start":{"line":101,"column":4},"end":{"line":101,"column":53}},"type":"binary-expr","locations":[{"start":{"line":101,"column":5},"end":{"line":101,"column":46}},{"start":{"line":101,"column":51},"end":{"line":101,"column":53}}],"line":101},"17":{"loc":{"start":{"line":104,"column":2},"end":{"line":106,"column":3}},"type":"if","locations":[{"start":{"line":104,"column":2},"end":{"line":106,"column":3}},{"start":{},"end":{}}],"line":104}},"s":{"0":9,"1":9,"2":9,"3":1,"4":8,"5":1,"6":7,"7":5,"8":5,"9":5,"10":2,"11":3,"12":3,"13":3,"14":6,"15":6,"16":6,"17":6,"18":1,"19":5,"20":5,"21":5,"22":2,"23":3},"f":{"0":9,"1":5,"2":6},"b":{"0":[1,8],"1":[1,7],"2":[7,7],"3":[2,3],"4":[5,5],"5":[2,3],"6":[5,4,3],"7":[1,2],"8":[3,2],"9":[1,2],"10":[3,2],"11":[2,1],"12":[3,2],"13":[2,1],"14":[1,5],"15":[2,3],"16":[5,1],"17":[2,3]},"_coverageSchema":"1a1c01bbd47fc00a2c39e90264f33305004495a9","hash":"d25d26df4b2a168d298fc1c5a5af36e431744e2d"}
,"C:\\Users\\adria\\Documents\\UP\\Semestre 10\\Ing Proyectos Tecnologicos\\ParkPulse\\src\\lib\\reports.ts": {"path":"C:\\Users\\adria\\Documents\\UP\\Semestre 10\\Ing Proyectos Tecnologicos\\ParkPulse\\src\\lib\\reports.ts","statementMap":{"0":{"start":{"line":46,"column":22},"end":{"line":57,"column":12}},"1":{"start":{"line":59,"column":47},"end":{"line":86,"column":1}},"2":{"start":{"line":91,"column":18},"end":{"line":91,"column":48}},"3":{"start":{"line":92,"column":20},"end":{"line":92,"column":52}},"4":{"start":{"line":93,"column":17},"end":{"line":93,"column":59}},"5":{"start":{"line":94,"column":17},"end":{"line":94,"column":51}},"6":{"start":{"line":96,"column":2},"end":{"line":98,"column":3}},"7":{"start":{"line":97,"column":4},"end":{"line":97,"column":70}},"8":{"start":{"line":100,"column":2},"end":{"line":102,"column":3}},"9":{"start":{"line":101,"column":4},"end":{"line":101,"column":58}},"10":{"start":{"line":104,"column":2},"end":{"line":106,"column":3}},"11":{"start":{"line":105,"column":4},"end":{"line":105,"column":75}},"12":{"start":{"line":108,"column":2},"end":{"line":119,"column":4}},"13":{"start":{"line":123,"column":17},"end":{"line":123,"column":84}},"14":{"start":{"line":124,"column":2},"end":{"line":124,"column":27}},"15":{"start":{"line":124,"column":15},"end":{"line":124,"column":27}},"16":{"start":{"line":126,"column":20},"end":{"line":126,"column":65}},"17":{"start":{"line":128,"column":2},"end":{"line":140,"column":4}},"18":{"start":{"line":144,"column":17},"end":{"line":144,"column":36}},"19":{"start":{"line":145,"column":2},"end":{"line":145,"column":75}},"20":{"start":{"line":145,"column":15},"end":{"line":145,"column":75}},"21":{"start":{"line":147,"column":26},"end":{"line":151,"column":32}},"22":{"start":{"line":153,"column":2},"end":{"line":156,"column":3}},"23":{"start":{"line":154,"column":4},"end":{"line":154,"column":62}},"24":{"start":{"line":155,"column":4},"end":{"line":155,"column":14}},"25":{"start":{"line":158,"column":2},"end":{"line":162,"column":4}},"26":{"start":{"line":161,"column":47},"end":{"line":161,"column":60}},"27":{"start":{"line":169,"column":28},"end":{"line":169,"column":52}},"28":{"start":{"line":170,"column":2},"end":{"line":170,"column":36}},"29":{"start":{"line":170,"column":26},"end":{"line":170,"column":36}},"30":{"start":{"line":172,"column":17},"end":{"line":172,"column":36}},"31":{"start":{"line":173,"column":2},"end":{"line":177,"column":3}},"32":{"start":{"line":174,"column":4},"end":{"line":176,"column":39}},"33":{"start":{"line":175,"column":26},"end":{"line":175,"column":62}},"34":{"start":{"line":179,"column":26},"end":{"line":182,"column":4}},"35":{"start":{"line":184,"column":2},"end":{"line":187,"column":3}},"36":{"start":{"line":185,"column":4},"end":{"line":185,"column":64}},"37":{"start":{"line":186,"column":4},"end":{"line":186,"column":14}},"38":{"start":{"line":189,"column":2},"end":{"line":193,"column":4}},"39":{"start":{"line":192,"column":47},"end":{"line":192,"column":60}},"40":{"start":{"line":199,"column":26},"end":{"line":199,"column":66}},"41":{"start":{"line":200,"column":17},"end":{"line":200,"column":40}},"42":{"start":{"line":202,"column":26},"end":{"line":211,"column":4}},"43":{"start":{"line":213,"column":2},"end":{"line":215,"column":3}},"44":{"start":{"line":214,"column":4},"end":{"line":214,"column":35}},"45":{"start":{"line":217,"column":24},"end":{"line":217,"column":60}},"46":{"start":{"line":218,"column":23},"end":{"line":218,"column":85}},"47":{"start":{"line":220,"column":2},"end":{"line":222,"column":3}},"48":{"start":{"line":221,"column":4},"end":{"line":221,"column":65}},"49":{"start":{"line":224,"column":2},"end":{"line":224,"column":22}}},"fnMap":{"0":{"name":"normalizeSubmitParkingReportInput","decl":{"start":{"line":88,"column":16},"end":{"line":88,"column":49}},"loc":{"start":{"line":90,"column":2},"end":{"line":120,"column":1}},"line":90},"1":{"name":"mapRawReport","decl":{"start":{"line":122,"column":9},"end":{"line":122,"column":21}},"loc":{"start":{"line":122,"column":70},"end":{"line":141,"column":1}},"line":122},"2":{"name":"fetchRecentReports","decl":{"start":{"line":143,"column":22},"end":{"line":143,"column":40}},"loc":{"start":{"line":143,"column":78},"end":{"line":163,"column":1}},"line":143},"3":{"name":"(anonymous_3)","decl":{"start":{"line":161,"column":14},"end":{"line":161,"column":15}},"loc":{"start":{"line":161,"column":47},"end":{"line":161,"column":60}},"line":161},"4":{"name":"fetchReportsForPlace","decl":{"start":{"line":165,"column":22},"end":{"line":165,"column":42}},"loc":{"start":{"line":168,"column":28},"end":{"line":194,"column":1}},"line":168},"5":{"name":"(anonymous_5)","decl":{"start":{"line":175,"column":14},"end":{"line":175,"column":15}},"loc":{"start":{"line":175,"column":26},"end":{"line":175,"column":62}},"line":175},"6":{"name":"(anonymous_6)","decl":{"start":{"line":192,"column":14},"end":{"line":192,"column":15}},"loc":{"start":{"line":192,"column":47},"end":{"line":192,"column":60}},"line":192},"7":{"name":"submitParkingReport","decl":{"start":{"line":196,"column":22},"end":{"line":196,"column":41}},"loc":{"start":{"line":198,"column":26},"end":{"line":225,"column":1}},"line":198}},"branchMap":{"0":{"loc":{"start":{"line":96,"column":2},"end":{"line":98,"column":3}},"type":"if","locations":[{"start":{"line":96,"column":2},"end":{"line":98,"column":3}},{"start":{},"end":{}}],"line":96},"1":{"loc":{"start":{"line":96,"column":6},"end":{"line":96,"column":28}},"type":"binary-expr","locations":[{"start":{"line":96,"column":6},"end":{"line":96,"column":14}},{"start":{"line":96,"column":18},"end":{"line":96,"column":28}}],"line":96},"2":{"loc":{"start":{"line":100,"column":2},"end":{"line":102,"column":3}},"type":"if","locations":[{"start":{"line":100,"column":2},"end":{"line":102,"column":3}},{"start":{},"end":{}}],"line":100},"3":{"loc":{"start":{"line":104,"column":2},"end":{"line":106,"column":3}},"type":"if","locations":[{"start":{"line":104,"column":2},"end":{"line":106,"column":3}},{"start":{},"end":{}}],"line":104},"4":{"loc":{"start":{"line":104,"column":6},"end":{"line":104,"column":76}},"type":"binary-expr","locations":[{"start":{"line":104,"column":6},"end":{"line":104,"column":27}},{"start":{"line":104,"column":31},"end":{"line":104,"column":57}},{"start":{"line":104,"column":61},"end":{"line":104,"column":76}}],"line":104},"5":{"loc":{"start":{"line":114,"column":6},"end":{"line":114,"column":73}},"type":"binary-expr","locations":[{"start":{"line":114,"column":6},"end":{"line":114,"column":46}},{"start":{"line":114,"column":50},"end":{"line":114,"column":73}}],"line":114},"6":{"loc":{"start":{"line":123,"column":46},"end":{"line":123,"column":83}},"type":"binary-expr","locations":[{"start":{"line":123,"column":46},"end":{"line":123,"column":59}},{"start":{"line":123,"column":63},"end":{"line":123,"column":83}}],"line":123},"7":{"loc":{"start":{"line":124,"column":2},"end":{"line":124,"column":27}},"type":"if","locations":[{"start":{"line":124,"column":2},"end":{"line":124,"column":27}},{"start":{},"end":{}}],"line":124},"8":{"loc":{"start":{"line":126,"column":20},"end":{"line":126,"column":65}},"type":"binary-expr","locations":[{"start":{"line":126,"column":20},"end":{"line":126,"column":37}},{"start":{"line":126,"column":41},"end":{"line":126,"column":65}}],"line":126},"9":{"loc":{"start":{"line":129,"column":15},"end":{"line":129,"column":49}},"type":"binary-expr","locations":[{"start":{"line":129,"column":15},"end":{"line":129,"column":24}},{"start":{"line":129,"column":28},"end":{"line":129,"column":49}}],"line":129},"10":{"loc":{"start":{"line":130,"column":20},"end":{"line":130,"column":54}},"type":"binary-expr","locations":[{"start":{"line":130,"column":20},"end":{"line":130,"column":35}},{"start":{"line":130,"column":39},"end":{"line":130,"column":54}}],"line":130},"11":{"loc":{"start":{"line":131,"column":15},"end":{"line":131,"column":70}},"type":"binary-expr","locations":[{"start":{"line":131,"column":15},"end":{"line":131,"column":49}},{"start":{"line":131,"column":53},"end":{"line":131,"column":70}}],"line":131},"12":{"loc":{"start":{"line":135,"column":15},"end":{"line":135,"column":40}},"type":"binary-expr","locations":[{"start":{"line":135,"column":15},"end":{"line":135,"column":32}},{"start":{"line":135,"column":36},"end":{"line":135,"column":40}}],"line":135},"13":{"loc":{"start":{"line":137,"column":20},"end":{"line":137,"column":51}},"type":"binary-expr","locations":[{"start":{"line":137,"column":20},"end":{"line":137,"column":43}},{"start":{"line":137,"column":47},"end":{"line":137,"column":51}}],"line":137},"14":{"loc":{"start":{"line":143,"column":41},"end":{"line":143,"column":50}},"type":"default-arg","locations":[{"start":{"line":143,"column":49},"end":{"line":143,"column":50}}],"line":143},"15":{"loc":{"start":{"line":145,"column":2},"end":{"line":145,"column":75}},"type":"if","locations":[{"start":{"line":145,"column":2},"end":{"line":145,"column":75}},{"start":{},"end":{}}],"line":145},"16":{"loc":{"start":{"line":153,"column":2},"end":{"line":156,"column":3}},"type":"if","locations":[{"start":{"line":153,"column":2},"end":{"line":156,"column":3}},{"start":{},"end":{}}],"line":153},"17":{"loc":{"start":{"line":159,"column":4},"end":{"line":161,"column":67}},"type":"binary-expr","locations":[{"start":{"line":159,"column":4},"end":{"line":161,"column":61}},{"start":{"line":161,"column":65},"end":{"line":161,"column":67}}],"line":159},"18":{"loc":{"start":{"line":167,"column":2},"end":{"line":167,"column":12}},"type":"default-arg","locations":[{"start":{"line":167,"column":10},"end":{"line":167,"column":12}}],"line":167},"19":{"loc":{"start":{"line":170,"column":2},"end":{"line":170,"column":36}},"type":"if","locations":[{"start":{"line":170,"column":2},"end":{"line":170,"column":36}},{"start":{},"end":{}}],"line":170},"20":{"loc":{"start":{"line":173,"column":2},"end":{"line":177,"column":3}},"type":"if","locations":[{"start":{"line":173,"column":2},"end":{"line":177,"column":3}},{"start":{},"end":{}}],"line":173},"21":{"loc":{"start":{"line":184,"column":2},"end":{"line":187,"column":3}},"type":"if","locations":[{"start":{"line":184,"column":2},"end":{"line":187,"column":3}},{"start":{},"end":{}}],"line":184},"22":{"loc":{"start":{"line":190,"column":4},"end":{"line":192,"column":67}},"type":"binary-expr","locations":[{"start":{"line":190,"column":4},"end":{"line":192,"column":61}},{"start":{"line":192,"column":65},"end":{"line":192,"column":67}}],"line":190},"23":{"loc":{"start":{"line":213,"column":2},"end":{"line":215,"column":3}},"type":"if","locations":[{"start":{"line":213,"column":2},"end":{"line":215,"column":3}},{"start":{},"end":{}}],"line":213},"24":{"loc":{"start":{"line":217,"column":24},"end":{"line":217,"column":60}},"type":"cond-expr","locations":[{"start":{"line":217,"column":46},"end":{"line":217,"column":53}},{"start":{"line":217,"column":56},"end":{"line":217,"column":60}}],"line":217},"25":{"loc":{"start":{"line":218,"column":36},"end":{"line":218,"column":84}},"type":"binary-expr","locations":[{"start":{"line":218,"column":37},"end":{"line":218,"column":77}},{"start":{"line":218,"column":82},"end":{"line":218,"column":84}}],"line":218},"26":{"loc":{"start":{"line":220,"column":2},"end":{"line":222,"column":3}},"type":"if","locations":[{"start":{"line":220,"column":2},"end":{"line":222,"column":3}},{"start":{},"end":{}}],"line":220}},"s":{"0":1,"1":1,"2":9,"3":9,"4":9,"5":9,"6":9,"7":1,"8":8,"9":1,"10":7,"11":1,"12":6,"13":8,"14":8,"15":3,"16":5,"17":5,"18":5,"19":5,"20":1,"21":4,"22":4,"23":1,"24":1,"25":3,"26":3,"27":5,"28":5,"29":1,"30":4,"31":4,"32":1,"33":2,"34":3,"35":3,"36":1,"37":1,"38":2,"39":1,"40":5,"41":5,"42":5,"43":5,"44":1,"45":4,"46":4,"47":4,"48":2,"49":2},"f":{"0":9,"1":8,"2":5,"3":3,"4":5,"5":2,"6":1,"7":5},"b":{"0":[1,8],"1":[9,8],"2":[1,7],"3":[1,6],"4":[7,7,2],"5":[6,6],"6":[8,2],"7":[3,5],"8":[5,2],"9":[5,1],"10":[5,1],"11":[5,2],"12":[5,5],"13":[5,5],"14":[1],"15":[1,4],"16":[1,3],"17":[3,1],"18":[1],"19":[1,4],"20":[1,3],"21":[1,2],"22":[2,1],"23":[1,4],"24":[2,2],"25":[4,1],"26":[2,2]},"_coverageSchema":"1a1c01bbd47fc00a2c39e90264f33305004495a9","hash":"902caaa5d092de04ac9619ace232684e4482fab7"}
,"C:\\Users\\adria\\Documents\\UP\\Semestre 10\\Ing Proyectos Tecnologicos\\ParkPulse\\src\\lib\\supabase.ts": {"path":"C:\\Users\\adria\\Documents\\UP\\Semestre 10\\Ing Proyectos Tecnologicos\\ParkPulse\\src\\lib\\supabase.ts","statementMap":{"0":{"start":{"line":3,"column":20},"end":{"line":3,"column":56}},"1":{"start":{"line":4,"column":24},"end":{"line":4,"column":65}},"2":{"start":{"line":6,"column":36},"end":{"line":6,"column":75}},"3":{"start":{"line":8,"column":24},"end":{"line":15,"column":8}},"4":{"start":{"line":18,"column":2},"end":{"line":18,"column":18}},"5":{"start":{"line":22,"column":2},"end":{"line":26,"column":3}},"6":{"start":{"line":23,"column":4},"end":{"line":25,"column":6}},"7":{"start":{"line":28,"column":2},"end":{"line":28,"column":18}}},"fnMap":{"0":{"name":"getSupabaseClient","decl":{"start":{"line":17,"column":16},"end":{"line":17,"column":33}},"loc":{"start":{"line":17,"column":36},"end":{"line":19,"column":1}},"line":17},"1":{"name":"requireSupabaseClient","decl":{"start":{"line":21,"column":16},"end":{"line":21,"column":37}},"loc":{"start":{"line":21,"column":40},"end":{"line":29,"column":1}},"line":21}},"branchMap":{"0":{"loc":{"start":{"line":6,"column":44},"end":{"line":6,"column":74}},"type":"binary-expr","locations":[{"start":{"line":6,"column":44},"end":{"line":6,"column":55}},{"start":{"line":6,"column":59},"end":{"line":6,"column":74}}],"line":6},"1":{"loc":{"start":{"line":8,"column":24},"end":{"line":15,"column":8}},"type":"cond-expr","locations":[{"start":{"line":9,"column":4},"end":{"line":14,"column":6}},{"start":{"line":15,"column":4},"end":{"line":15,"column":8}}],"line":8},"2":{"loc":{"start":{"line":22,"column":2},"end":{"line":26,"column":3}},"type":"if","locations":[{"start":{"line":22,"column":2},"end":{"line":26,"column":3}},{"start":{},"end":{}}],"line":22}},"s":{"0":2,"1":2,"2":2,"3":2,"4":2,"5":2,"6":1,"7":1},"f":{"0":2,"1":2},"b":{"0":[2,1],"1":[1,1],"2":[1,1]},"_coverageSchema":"1a1c01bbd47fc00a2c39e90264f33305004495a9","hash":"51c0a01640ffe2710b761cf1723e67c7e194ffa6"}
}
