{"C:\\Users\\adria\\Documents\\UP\\Semestre 10\\Ing Proyectos Tecnologicos\\ParkPulse\\src\\lib\\auth.ts": {"path":"C:\\Users\\adria\\Documents\\UP\\Semestre 10\\Ing Proyectos Tecnologicos\\ParkPulse\\src\\lib\\auth.ts","statementMap":{"0":{"start":{"line":38,"column":20},"end":{"line":38,"column":48}},"1":{"start":{"line":39,"column":33},"end":{"line":39,"column":40}},"2":{"start":{"line":40,"column":29},"end":{"line":40,"column":33}},"3":{"start":{"line":41,"column":28},"end":{"line":41,"column":42}},"4":{"start":{"line":42,"column":26},"end":{"line":42,"column":31}},"5":{"start":{"line":45,"column":13},"end":{"line":45,"column":38}},"6":{"start":{"line":46,"column":16},"end":{"line":46,"column":44}},"7":{"start":{"line":48,"column":2},"end":{"line":48,"column":33}},"8":{"start":{"line":48,"column":21},"end":{"line":48,"column":33}},"9":{"start":{"line":50,"column":2},"end":{"line":55,"column":4}},"10":{"start":{"line":59,"column":2},"end":{"line":59,"column":45}},"11":{"start":{"line":59,"column":33},"end":{"line":59,"column":45}},"12":{"start":{"line":60,"column":2},"end":{"line":60,"column":15}},"13":{"start":{"line":64,"column":2},"end":{"line":64,"column":51}},"14":{"start":{"line":68,"column":2},"end":{"line":68,"column":27}},"15":{"start":{"line":68,"column":14},"end":{"line":68,"column":27}},"16":{"start":{"line":70,"column":21},"end":{"line":70,"column":66}},"17":{"start":{"line":71,"column":2},"end":{"line":71,"column":45}},"18":{"start":{"line":75,"column":2},"end":{"line":75,"column":30}},"19":{"start":{"line":75,"column":17},"end":{"line":75,"column":30}},"20":{"start":{"line":76,"column":2},"end":{"line":76,"column":64}},"21":{"start":{"line":76,"column":51},"end":{"line":76,"column":64}},"22":{"start":{"line":77,"column":2},"end":{"line":77,"column":61}},"23":{"start":{"line":77,"column":48},"end":{"line":77,"column":61}},"24":{"start":{"line":78,"column":2},"end":{"line":78,"column":57}},"25":{"start":{"line":78,"column":44},"end":{"line":78,"column":57}},"26":{"start":{"line":79,"column":2},"end":{"line":79,"column":56}},"27":{"start":{"line":79,"column":43},"end":{"line":79,"column":56}},"28":{"start":{"line":80,"column":2},"end":{"line":80,"column":14}},"29":{"start":{"line":84,"column":16},"end":{"line":84,"column":44}},"30":{"start":{"line":85,"column":19},"end":{"line":85,"column":47}},"31":{"start":{"line":87,"column":2},"end":{"line":89,"column":3}},"32":{"start":{"line":88,"column":4},"end":{"line":88,"column":49}},"33":{"start":{"line":91,"column":2},"end":{"line":93,"column":3}},"34":{"start":{"line":92,"column":4},"end":{"line":92,"column":53}},"35":{"start":{"line":95,"column":2},"end":{"line":98,"column":4}},"36":{"start":{"line":102,"column":19},"end":{"line":102,"column":50}},"37":{"start":{"line":103,"column":16},"end":{"line":103,"column":44}},"38":{"start":{"line":104,"column":16},"end":{"line":104,"column":44}},"39":{"start":{"line":105,"column":19},"end":{"line":105,"column":47}},"40":{"start":{"line":107,"column":2},"end":{"line":109,"column":3}},"41":{"start":{"line":108,"column":4},"end":{"line":108,"column":58}},"42":{"start":{"line":111,"column":2},"end":{"line":113,"column":3}},"43":{"start":{"line":112,"column":4},"end":{"line":112,"column":49}},"44":{"start":{"line":115,"column":2},"end":{"line":117,"column":3}},"45":{"start":{"line":116,"column":4},"end":{"line":116,"column":51}},"46":{"start":{"line":119,"column":2},"end":{"line":123,"column":3}},"47":{"start":{"line":120,"column":4},"end":{"line":122,"column":6}},"48":{"start":{"line":125,"column":2},"end":{"line":130,"column":4}},"49":{"start":{"line":134,"column":17},"end":{"line":134,"column":36}},"50":{"start":{"line":135,"column":2},"end":{"line":135,"column":27}},"51":{"start":{"line":135,"column":15},"end":{"line":135,"column":27}},"52":{"start":{"line":137,"column":26},"end":{"line":137,"column":56}},"53":{"start":{"line":138,"column":2},"end":{"line":140,"column":3}},"54":{"start":{"line":139,"column":4},"end":{"line":139,"column":35}},"55":{"start":{"line":142,"column":2},"end":{"line":142,"column":41}},"56":{"start":{"line":148,"column":17},"end":{"line":148,"column":36}},"57":{"start":{"line":149,"column":2},"end":{"line":151,"column":3}},"58":{"start":{"line":150,"column":4},"end":{"line":150,"column":27}},"59":{"start":{"line":150,"column":17},"end":{"line":150,"column":26}},"60":{"start":{"line":155,"column":6},"end":{"line":157,"column":4}},"61":{"start":{"line":156,"column":4},"end":{"line":156,"column":41}},"62":{"start":{"line":159,"column":2},"end":{"line":161,"column":4}},"63":{"start":{"line":160,"column":4},"end":{"line":160,"column":31}},"64":{"start":{"line":167,"column":26},"end":{"line":167,"column":53}},"65":{"start":{"line":168,"column":17},"end":{"line":168,"column":40}},"66":{"start":{"line":170,"column":26},"end":{"line":173,"column":4}},"67":{"start":{"line":175,"column":2},"end":{"line":177,"column":3}},"68":{"start":{"line":176,"column":4},"end":{"line":176,"column":35}},"69":{"start":{"line":179,"column":15},"end":{"line":179,"column":37}},"70":{"start":{"line":180,"column":2},"end":{"line":182,"column":3}},"71":{"start":{"line":181,"column":4},"end":{"line":181,"column":50}},"72":{"start":{"line":184,"column":2},"end":{"line":184,"column":14}},"73":{"start":{"line":190,"column":26},"end":{"line":190,"column":53}},"74":{"start":{"line":191,"column":17},"end":{"line":191,"column":40}},"75":{"start":{"line":193,"column":26},"end":{"line":202,"column":4}},"76":{"start":{"line":204,"column":2},"end":{"line":206,"column":3}},"77":{"start":{"line":205,"column":4},"end":{"line":205,"column":35}},"78":{"start":{"line":208,"column":15},"end":{"line":208,"column":37}},"79":{"start":{"line":209,"column":2},"end":{"line":211,"column":3}},"80":{"start":{"line":210,"column":4},"end":{"line":210,"column":51}},"81":{"start":{"line":213,"column":2},"end":{"line":216,"column":4}},"82":{"start":{"line":220,"column":17},"end":{"line":220,"column":40}},"83":{"start":{"line":221,"column":20},"end":{"line":221,"column":47}},"84":{"start":{"line":223,"column":2},"end":{"line":225,"column":3}},"85":{"start":{"line":224,"column":4},"end":{"line":224,"column":35}}},"fnMap":{"0":{"name":"mapAuthUser","decl":{"start":{"line":44,"column":9},"end":{"line":44,"column":20}},"loc":{"start":{"line":44,"column":88},"end":{"line":56,"column":1}},"line":44},"1":{"name":"readPassword","decl":{"start":{"line":58,"column":9},"end":{"line":58,"column":21}},"loc":{"start":{"line":58,"column":38},"end":{"line":61,"column":1}},"line":58},"2":{"name":"validateEmail","decl":{"start":{"line":63,"column":9},"end":{"line":63,"column":22}},"loc":{"start":{"line":63,"column":45},"end":{"line":65,"column":1}},"line":63},"3":{"name":"validatePhone","decl":{"start":{"line":67,"column":9},"end":{"line":67,"column":22}},"loc":{"start":{"line":67,"column":45},"end":{"line":72,"column":1}},"line":67},"4":{"name":"validatePassword","decl":{"start":{"line":74,"column":9},"end":{"line":74,"column":25}},"loc":{"start":{"line":74,"column":51},"end":{"line":81,"column":1}},"line":74},"5":{"name":"normalizeSignInInput","decl":{"start":{"line":83,"column":16},"end":{"line":83,"column":36}},"loc":{"start":{"line":83,"column":57},"end":{"line":99,"column":1}},"line":83},"6":{"name":"normalizeSignUpInput","decl":{"start":{"line":101,"column":16},"end":{"line":101,"column":36}},"loc":{"start":{"line":101,"column":57},"end":{"line":131,"column":1}},"line":101},"7":{"name":"getCurrentAuthUser","decl":{"start":{"line":133,"column":22},"end":{"line":133,"column":40}},"loc":{"start":{"line":133,"column":81},"end":{"line":143,"column":1}},"line":133},"8":{"name":"subscribeToAuthChanges","decl":{"start":{"line":145,"column":16},"end":{"line":145,"column":38}},"loc":{"start":{"line":147,"column":2},"end":{"line":162,"column":1}},"line":147},"9":{"name":"(anonymous_9)","decl":{"start":{"line":150,"column":11},"end":{"line":150,"column":12}},"loc":{"start":{"line":150,"column":17},"end":{"line":150,"column":26}},"line":150},"10":{"name":"(anonymous_10)","decl":{"start":{"line":155,"column":36},"end":{"line":155,"column":37}},"loc":{"start":{"line":155,"column":57},"end":{"line":157,"column":3}},"line":155},"11":{"name":"(anonymous_11)","decl":{"start":{"line":159,"column":9},"end":{"line":159,"column":10}},"loc":{"start":{"line":159,"column":15},"end":{"line":161,"column":3}},"line":159},"12":{"name":"signInWithPassword","decl":{"start":{"line":164,"column":22},"end":{"line":164,"column":40}},"loc":{"start":{"line":166,"column":33},"end":{"line":185,"column":1}},"line":166},"13":{"name":"signUpWithPassword","decl":{"start":{"line":187,"column":22},"end":{"line":187,"column":40}},"loc":{"start":{"line":189,"column":25},"end":{"line":217,"column":1}},"line":189},"14":{"name":"signOutCurrentUser","decl":{"start":{"line":219,"column":22},"end":{"line":219,"column":40}},"loc":{"start":{"line":219,"column":43},"end":{"line":226,"column":1}},"line":219}},"branchMap":{"0":{"loc":{"start":{"line":48,"column":2},"end":{"line":48,"column":33}},"type":"if","locations":[{"start":{"line":48,"column":2},"end":{"line":48,"column":33}},{"start":{},"end":{}}],"line":48},"1":{"loc":{"start":{"line":48,"column":6},"end":{"line":48,"column":19}},"type":"binary-expr","locations":[{"start":{"line":48,"column":6},"end":{"line":48,"column":9}},{"start":{"line":48,"column":13},"end":{"line":48,"column":19}}],"line":48},"2":{"loc":{"start":{"line":54,"column":11},"end":{"line":54,"column":86}},"type":"binary-expr","locations":[{"start":{"line":54,"column":11},"end":{"line":54,"column":39}},{"start":{"line":54,"column":43},"end":{"line":54,"column":86}}],"line":54},"3":{"loc":{"start":{"line":59,"column":2},"end":{"line":59,"column":45}},"type":"if","locations":[{"start":{"line":59,"column":2},"end":{"line":59,"column":45}},{"start":{},"end":{}}],"line":59},"4":{"loc":{"start":{"line":64,"column":17},"end":{"line":64,"column":49}},"type":"binary-expr","locations":[{"start":{"line":64,"column":17},"end":{"line":64,"column":22}},{"start":{"line":64,"column":26},"end":{"line":64,"column":49}}],"line":64},"5":{"loc":{"start":{"line":68,"column":2},"end":{"line":68,"column":27}},"type":"if","locations":[{"start":{"line":68,"column":2},"end":{"line":68,"column":27}},{"start":{},"end":{}}],"line":68},"6":{"loc":{"start":{"line":70,"column":22},"end":{"line":70,"column":58}},"type":"binary-expr","locations":[{"start":{"line":70,"column":22},"end":{"line":70,"column":52}},{"start":{"line":70,"column":56},"end":{"line":70,"column":58}}],"line":70},"7":{"loc":{"start":{"line":71,"column":9},"end":{"line":71,"column":44}},"type":"binary-expr","locations":[{"start":{"line":71,"column":9},"end":{"line":71,"column":24}},{"start":{"line":71,"column":28},"end":{"line":71,"column":44}}],"line":71},"8":{"loc":{"start":{"line":75,"column":2},"end":{"line":75,"column":30}},"type":"if","locations":[{"start":{"line":75,"column":2},"end":{"line":75,"column":30}},{"start":{},"end":{}}],"line":75},"9":{"loc":{"start":{"line":76,"column":2},"end":{"line":76,"column":64}},"type":"if","locations":[{"start":{"line":76,"column":2},"end":{"line":76,"column":64}},{"start":{},"end":{}}],"line":76},"10":{"loc":{"start":{"line":76,"column":6},"end":{"line":76,"column":49}},"type":"binary-expr","locations":[{"start":{"line":76,"column":6},"end":{"line":76,"column":25}},{"start":{"line":76,"column":29},"end":{"line":76,"column":49}}],"line":76},"11":{"loc":{"start":{"line":77,"column":2},"end":{"line":77,"column":61}},"type":"if","locations":[{"start":{"line":77,"column":2},"end":{"line":77,"column":61}},{"start":{},"end":{}}],"line":77},"12":{"loc":{"start":{"line":78,"column":2},"end":{"line":78,"column":57}},"type":"if","locations":[{"start":{"line":78,"column":2},"end":{"line":78,"column":57}},{"start":{},"end":{}}],"line":78},"13":{"loc":{"start":{"line":79,"column":2},"end":{"line":79,"column":56}},"type":"if","locations":[{"start":{"line":79,"column":2},"end":{"line":79,"column":56}},{"start":{},"end":{}}],"line":79},"14":{"loc":{"start":{"line":87,"column":2},"end":{"line":89,"column":3}},"type":"if","locations":[{"start":{"line":87,"column":2},"end":{"line":89,"column":3}},{"start":{},"end":{}}],"line":87},"15":{"loc":{"start":{"line":87,"column":6},"end":{"line":87,"column":37}},"type":"binary-expr","locations":[{"start":{"line":87,"column":6},"end":{"line":87,"column":12}},{"start":{"line":87,"column":16},"end":{"line":87,"column":37}}],"line":87},"16":{"loc":{"start":{"line":91,"column":2},"end":{"line":93,"column":3}},"type":"if","locations":[{"start":{"line":91,"column":2},"end":{"line":93,"column":3}},{"start":{},"end":{}}],"line":91},"17":{"loc":{"start":{"line":107,"column":2},"end":{"line":109,"column":3}},"type":"if","locations":[{"start":{"line":107,"column":2},"end":{"line":109,"column":3}},{"start":{},"end":{}}],"line":107},"18":{"loc":{"start":{"line":111,"column":2},"end":{"line":113,"column":3}},"type":"if","locations":[{"start":{"line":111,"column":2},"end":{"line":113,"column":3}},{"start":{},"end":{}}],"line":111},"19":{"loc":{"start":{"line":111,"column":6},"end":{"line":111,"column":37}},"type":"binary-expr","locations":[{"start":{"line":111,"column":6},"end":{"line":111,"column":12}},{"start":{"line":111,"column":16},"end":{"line":111,"column":37}}],"line":111},"20":{"loc":{"start":{"line":115,"column":2},"end":{"line":117,"column":3}},"type":"if","locations":[{"start":{"line":115,"column":2},"end":{"line":117,"column":3}},{"start":{},"end":{}}],"line":115},"21":{"loc":{"start":{"line":119,"column":2},"end":{"line":123,"column":3}},"type":"if","locations":[{"start":{"line":119,"column":2},"end":{"line":123,"column":3}},{"start":{},"end":{}}],"line":119},"22":{"loc":{"start":{"line":135,"column":2},"end":{"line":135,"column":27}},"type":"if","locations":[{"start":{"line":135,"column":2},"end":{"line":135,"column":27}},{"start":{},"end":{}}],"line":135},"23":{"loc":{"start":{"line":138,"column":2},"end":{"line":140,"column":3}},"type":"if","locations":[{"start":{"line":138,"column":2},"end":{"line":140,"column":3}},{"start":{},"end":{}}],"line":138},"24":{"loc":{"start":{"line":149,"column":2},"end":{"line":151,"column":3}},"type":"if","locations":[{"start":{"line":149,"column":2},"end":{"line":151,"column":3}},{"start":{},"end":{}}],"line":149},"25":{"loc":{"start":{"line":175,"column":2},"end":{"line":177,"column":3}},"type":"if","locations":[{"start":{"line":175,"column":2},"end":{"line":177,"column":3}},{"start":{},"end":{}}],"line":175},"26":{"loc":{"start":{"line":180,"column":2},"end":{"line":182,"column":3}},"type":"if","locations":[{"start":{"line":180,"column":2},"end":{"line":182,"column":3}},{"start":{},"end":{}}],"line":180},"27":{"loc":{"start":{"line":204,"column":2},"end":{"line":206,"column":3}},"type":"if","locations":[{"start":{"line":204,"column":2},"end":{"line":206,"column":3}},{"start":{},"end":{}}],"line":204},"28":{"loc":{"start":{"line":209,"column":2},"end":{"line":211,"column":3}},"type":"if","locations":[{"start":{"line":209,"column":2},"end":{"line":211,"column":3}},{"start":{},"end":{}}],"line":209},"29":{"loc":{"start":{"line":223,"column":2},"end":{"line":225,"column":3}},"type":"if","locations":[{"start":{"line":223,"column":2},"end":{"line":225,"column":3}},{"start":{},"end":{}}],"line":223}},"s":{"0":1,"1":1,"2":1,"3":1,"4":1,"5":10,"6":10,"7":10,"8":4,"9":6,"10":23,"11":1,"12":22,"13":22,"14":13,"15":1,"16":12,"17":12,"18":10,"19":1,"20":9,"21":1,"22":8,"23":1,"24":7,"25":1,"26":6,"27":1,"28":5,"29":8,"30":8,"31":8,"32":1,"33":7,"34":2,"35":5,"36":15,"37":15,"38":15,"39":15,"40":15,"41":1,"42":14,"43":1,"44":13,"45":3,"46":10,"47":5,"48":5,"49":4,"50":4,"51":1,"52":3,"53":3,"54":1,"55":2,"56":2,"57":2,"58":1,"59":1,"60":1,"61":2,"62":1,"63":1,"64":4,"65":4,"66":4,"67":4,"68":1,"69":3,"70":3,"71":1,"72":2,"73":4,"74":4,"75":4,"76":4,"77":1,"78":3,"79":3,"80":1,"81":2,"82":2,"83":2,"84":2,"85":1},"f":{"0":10,"1":23,"2":22,"3":13,"4":10,"5":8,"6":15,"7":4,"8":2,"9":1,"10":2,"11":1,"12":4,"13":4,"14":2},"b":{"0":[4,6],"1":[10,6],"2":[6,5],"3":[1,22],"4":[22,22],"5":[1,12],"6":[12,1],"7":[12,10],"8":[1,9],"9":[1,8],"10":[9,8],"11":[1,7],"12":[1,6],"13":[1,5],"14":[1,7],"15":[8,8],"16":[2,5],"17":[1,14],"18":[1,13],"19":[14,14],"20":[3,10],"21":[5,5],"22":[1,3],"23":[1,2],"24":[1,1],"25":[1,3],"26":[1,2],"27":[1,3],"28":[1,2],"29":[1,1]},"_coverageSchema":"1a1c01bbd47fc00a2c39e90264f33305004495a9","hash":"7102f306b8c79319422a2007d2ddec2769777087"}
,"C:\\Users\\adria\\Documents\\UP\\Semestre 10\\Ing Proyectos Tecnologicos\\ParkPulse\\src\\lib\\communitySession.ts": {"path":"C:\\Users\\adria\\Documents\\UP\\Semestre 10\\Ing Proyectos Tecnologicos\\ParkPulse\\src\\lib\\communitySession.ts","statementMap":{"0":{"start":{"line":1,"column":23},"end":{"line":1,"column":44}},"1":{"start":{"line":3,"column":46},"end":{"line":3,"column":50}},"2":{"start":{"line":9,"column":27},"end":{"line":11,"column":21}},"3":{"start":{"line":13,"column":2},"end":{"line":13,"column":69}},"4":{"start":{"line":17,"column":2},"end":{"line":19,"column":3}},"5":{"start":{"line":18,"column":4},"end":{"line":18,"column":57}},"6":{"start":{"line":21,"column":2},"end":{"line":21,"column":34}},"7":{"start":{"line":25,"column":2},"end":{"line":25,"column":34}}},"fnMap":{"0":{"name":"buildCommunitySessionId","decl":{"start":{"line":5,"column":16},"end":{"line":5,"column":39}},"loc":{"start":{"line":8,"column":2},"end":{"line":14,"column":1}},"line":8},"1":{"name":"getCommunitySessionId","decl":{"start":{"line":16,"column":16},"end":{"line":16,"column":37}},"loc":{"start":{"line":16,"column":40},"end":{"line":22,"column":1}},"line":16},"2":{"name":"resetCommunitySessionIdForTests","decl":{"start":{"line":24,"column":16},"end":{"line":24,"column":47}},"loc":{"start":{"line":24,"column":50},"end":{"line":26,"column":1}},"line":24}},"branchMap":{"0":{"loc":{"start":{"line":6,"column":2},"end":{"line":6,"column":18}},"type":"default-arg","locations":[{"start":{"line":6,"column":8},"end":{"line":6,"column":18}}],"line":6},"1":{"loc":{"start":{"line":7,"column":2},"end":{"line":7,"column":29}},"type":"default-arg","locations":[{"start":{"line":7,"column":16},"end":{"line":7,"column":29}}],"line":7},"2":{"loc":{"start":{"line":17,"column":2},"end":{"line":19,"column":3}},"type":"if","locations":[{"start":{"line":17,"column":2},"end":{"line":19,"column":3}},{"start":{},"end":{}}],"line":17}},"s":{"0":1,"1":1,"2":4,"3":4,"4":4,"5":3,"6":4,"7":4},"f":{"0":4,"1":4,"2":4},"b":{"0":[3],"1":[3],"2":[3,1]},"_coverageSchema":"1a1c01bbd47fc00a2c39e90264f33305004495a9","hash":"6b7aa46471ed89ece880478e429dc352d4efe3ac"}
,"C:\\Users\\adria\\Documents\\UP\\Semestre 10\\Ing Proyectos Tecnologicos\\ParkPulse\\src\\lib\\parkingPresentation.ts": {"path":"C:\\Users\\adria\\Documents\\UP\\Semestre 10\\Ing Proyectos Tecnologicos\\ParkPulse\\src\\lib\\parkingPresentation.ts","statementMap":{"0":{"start":{"line":4,"column":21},"end":{"line":4,"column":46}},"1":{"start":{"line":5,"column":2},"end":{"line":5,"column":83}},"2":{"start":{"line":12,"column":2},"end":{"line":12,"column":49}},"3":{"start":{"line":12,"column":33},"end":{"line":12,"column":49}},"4":{"start":{"line":14,"column":23},"end":{"line":14,"column":50}},"5":{"start":{"line":15,"column":14},"end":{"line":15,"column":33}},"6":{"start":{"line":16,"column":14},"end":{"line":16,"column":33}},"7":{"start":{"line":18,"column":2},"end":{"line":21,"column":3}},"8":{"start":{"line":19,"column":4},"end":{"line":19,"column":73}},"9":{"start":{"line":19,"column":21},"end":{"line":19,"column":73}},"10":{"start":{"line":20,"column":4},"end":{"line":20,"column":81}},"11":{"start":{"line":23,"column":2},"end":{"line":23,"column":78}},"12":{"start":{"line":23,"column":20},"end":{"line":23,"column":78}},"13":{"start":{"line":24,"column":2},"end":{"line":24,"column":78}},"14":{"start":{"line":24,"column":20},"end":{"line":24,"column":78}},"15":{"start":{"line":26,"column":2},"end":{"line":28,"column":3}},"16":{"start":{"line":27,"column":4},"end":{"line":27,"column":45}},"17":{"start":{"line":30,"column":2},"end":{"line":32,"column":3}},"18":{"start":{"line":31,"column":4},"end":{"line":31,"column":51}},"19":{"start":{"line":34,"column":2},"end":{"line":34,"column":40}},"20":{"start":{"line":41,"column":14},"end":{"line":41,"column":31}},"21":{"start":{"line":42,"column":14},"end":{"line":42,"column":31}},"22":{"start":{"line":44,"column":2},"end":{"line":47,"column":3}},"23":{"start":{"line":45,"column":4},"end":{"line":45,"column":43}},"24":{"start":{"line":45,"column":21},"end":{"line":45,"column":43}},"25":{"start":{"line":46,"column":4},"end":{"line":46,"column":33}},"26":{"start":{"line":49,"column":2},"end":{"line":49,"column":43}},"27":{"start":{"line":49,"column":20},"end":{"line":49,"column":43}},"28":{"start":{"line":50,"column":2},"end":{"line":50,"column":48}},"29":{"start":{"line":50,"column":20},"end":{"line":50,"column":48}},"30":{"start":{"line":51,"column":2},"end":{"line":51,"column":23}},"31":{"start":{"line":58,"column":2},"end":{"line":60,"column":3}},"32":{"start":{"line":59,"column":4},"end":{"line":59,"column":32}},"33":{"start":{"line":62,"column":2},"end":{"line":62,"column":70}},"34":{"start":{"line":69,"column":2},"end":{"line":69,"column":58}},"35":{"start":{"line":69,"column":36},"end":{"line":69,"column":58}},"36":{"start":{"line":70,"column":2},"end":{"line":70,"column":55}},"37":{"start":{"line":70,"column":36},"end":{"line":70,"column":55}},"38":{"start":{"line":71,"column":2},"end":{"line":71,"column":46}}},"fnMap":{"0":{"name":"formatMoneyValue","decl":{"start":{"line":3,"column":9},"end":{"line":3,"column":25}},"loc":{"start":{"line":3,"column":42},"end":{"line":6,"column":1}},"line":3},"1":{"name":"formatCostSummary","decl":{"start":{"line":8,"column":16},"end":{"line":8,"column":33}},"loc":{"start":{"line":11,"column":3},"end":{"line":35,"column":1}},"line":11},"2":{"name":"formatCapacitySummary","decl":{"start":{"line":37,"column":16},"end":{"line":37,"column":37}},"loc":{"start":{"line":40,"column":3},"end":{"line":52,"column":1}},"line":40},"3":{"name":"formatRatingSummary","decl":{"start":{"line":54,"column":16},"end":{"line":54,"column":35}},"loc":{"start":{"line":57,"column":3},"end":{"line":63,"column":1}},"line":57},"4":{"name":"formatReportVolumeSummary","decl":{"start":{"line":65,"column":16},"end":{"line":65,"column":41}},"loc":{"start":{"line":68,"column":3},"end":{"line":72,"column":1}},"line":68}},"branchMap":{"0":{"loc":{"start":{"line":5,"column":9},"end":{"line":5,"column":82}},"type":"cond-expr","locations":[{"start":{"line":5,"column":40},"end":{"line":5,"column":58}},{"start":{"line":5,"column":61},"end":{"line":5,"column":82}}],"line":5},"1":{"loc":{"start":{"line":12,"column":2},"end":{"line":12,"column":49}},"type":"if","locations":[{"start":{"line":12,"column":2},"end":{"line":12,"column":49}},{"start":{},"end":{}}],"line":12},"2":{"loc":{"start":{"line":14,"column":23},"end":{"line":14,"column":50}},"type":"binary-expr","locations":[{"start":{"line":14,"column":23},"end":{"line":14,"column":41}},{"start":{"line":14,"column":45},"end":{"line":14,"column":50}}],"line":14},"3":{"loc":{"start":{"line":18,"column":2},"end":{"line":21,"column":3}},"type":"if","locations":[{"start":{"line":18,"column":2},"end":{"line":21,"column":3}},{"start":{},"end":{}}],"line":18},"4":{"loc":{"start":{"line":18,"column":6},"end":{"line":18,"column":34}},"type":"binary-expr","locations":[{"start":{"line":18,"column":6},"end":{"line":18,"column":18}},{"start":{"line":18,"column":22},"end":{"line":18,"column":34}}],"line":18},"5":{"loc":{"start":{"line":19,"column":4},"end":{"line":19,"column":73}},"type":"if","locations":[{"start":{"line":19,"column":4},"end":{"line":19,"column":73}},{"start":{},"end":{}}],"line":19},"6":{"loc":{"start":{"line":23,"column":2},"end":{"line":23,"column":78}},"type":"if","locations":[{"start":{"line":23,"column":2},"end":{"line":23,"column":78}},{"start":{},"end":{}}],"line":23},"7":{"loc":{"start":{"line":24,"column":2},"end":{"line":24,"column":78}},"type":"if","locations":[{"start":{"line":24,"column":2},"end":{"line":24,"column":78}},{"start":{},"end":{}}],"line":24},"8":{"loc":{"start":{"line":26,"column":2},"end":{"line":28,"column":3}},"type":"if","locations":[{"start":{"line":26,"column":2},"end":{"line":28,"column":3}},{"start":{},"end":{}}],"line":26},"9":{"loc":{"start":{"line":27,"column":11},"end":{"line":27,"column":44}},"type":"binary-expr","locations":[{"start":{"line":27,"column":11},"end":{"line":27,"column":26}},{"start":{"line":27,"column":30},"end":{"line":27,"column":44}}],"line":27},"10":{"loc":{"start":{"line":30,"column":2},"end":{"line":32,"column":3}},"type":"if","locations":[{"start":{"line":30,"column":2},"end":{"line":32,"column":3}},{"start":{},"end":{}}],"line":30},"11":{"loc":{"start":{"line":31,"column":11},"end":{"line":31,"column":50}},"type":"binary-expr","locations":[{"start":{"line":31,"column":11},"end":{"line":31,"column":26}},{"start":{"line":31,"column":30},"end":{"line":31,"column":50}}],"line":31},"12":{"loc":{"start":{"line":34,"column":9},"end":{"line":34,"column":39}},"type":"binary-expr","locations":[{"start":{"line":34,"column":9},"end":{"line":34,"column":24}},{"start":{"line":34,"column":28},"end":{"line":34,"column":39}}],"line":34},"13":{"loc":{"start":{"line":44,"column":2},"end":{"line":47,"column":3}},"type":"if","locations":[{"start":{"line":44,"column":2},"end":{"line":47,"column":3}},{"start":{},"end":{}}],"line":44},"14":{"loc":{"start":{"line":44,"column":6},"end":{"line":44,"column":34}},"type":"binary-expr","locations":[{"start":{"line":44,"column":6},"end":{"line":44,"column":18}},{"start":{"line":44,"column":22},"end":{"line":44,"column":34}}],"line":44},"15":{"loc":{"start":{"line":45,"column":4},"end":{"line":45,"column":43}},"type":"if","locations":[{"start":{"line":45,"column":4},"end":{"line":45,"column":43}},{"start":{},"end":{}}],"line":45},"16":{"loc":{"start":{"line":49,"column":2},"end":{"line":49,"column":43}},"type":"if","locations":[{"start":{"line":49,"column":2},"end":{"line":49,"column":43}},{"start":{},"end":{}}],"line":49},"17":{"loc":{"start":{"line":50,"column":2},"end":{"line":50,"column":48}},"type":"if","locations":[{"start":{"line":50,"column":2},"end":{"line":50,"column":48}},{"start":{},"end":{}}],"line":50},"18":{"loc":{"start":{"line":58,"column":2},"end":{"line":60,"column":3}},"type":"if","locations":[{"start":{"line":58,"column":2},"end":{"line":60,"column":3}},{"start":{},"end":{}}],"line":58},"19":{"loc":{"start":{"line":58,"column":6},"end":{"line":58,"column":61}},"type":"binary-expr","locations":[{"start":{"line":58,"column":6},"end":{"line":58,"column":34}},{"start":{"line":58,"column":38},"end":{"line":58,"column":61}}],"line":58},"20":{"loc":{"start":{"line":69,"column":2},"end":{"line":69,"column":58}},"type":"if","locations":[{"start":{"line":69,"column":2},"end":{"line":69,"column":58}},{"start":{},"end":{}}],"line":69},"21":{"loc":{"start":{"line":70,"column":2},"end":{"line":70,"column":55}},"type":"if","locations":[{"start":{"line":70,"column":2},"end":{"line":70,"column":55}},{"start":{},"end":{}}],"line":70}},"s":{"0":67,"1":67,"2":40,"3":1,"4":39,"5":39,"6":39,"7":39,"8":33,"9":1,"10":32,"11":6,"12":1,"13":5,"14":1,"15":4,"16":2,"17":2,"18":1,"19":1,"20":36,"21":36,"22":36,"23":33,"24":1,"25":32,"26":3,"27":1,"28":2,"29":1,"30":1,"31":33,"32":4,"33":29,"34":26,"35":3,"36":23,"37":1,"38":22},"f":{"0":67,"1":40,"2":36,"3":33,"4":26},"b":{"0":[66,1],"1":[1,39],"2":[39,1],"3":[33,6],"4":[39,34],"5":[1,32],"6":[1,5],"7":[1,4],"8":[2,2],"9":[2,1],"10":[1,1],"11":[1,1],"12":[1,1],"13":[33,3],"14":[36,34],"15":[1,32],"16":[1,2],"17":[1,1],"18":[4,29],"19":[33,29],"20":[3,23],"21":[1,22]},"_coverageSchema":"1a1c01bbd47fc00a2c39e90264f33305004495a9","hash":"3c6221c00c74ebfac5cc2718a7f930ffdd528ae0"}
,"C:\\Users\\adria\\Documents\\UP\\Semestre 10\\Ing Proyectos Tecnologicos\\ParkPulse\\src\\lib\\parkingShared.ts": {"path":"C:\\Users\\adria\\Documents\\UP\\Semestre 10\\Ing Proyectos Tecnologicos\\ParkPulse\\src\\lib\\parkingShared.ts","statementMap":{"0":{"start":{"line":58,"column":2},"end":{"line":58,"column":45}},"1":{"start":{"line":58,"column":33},"end":{"line":58,"column":45}},"2":{"start":{"line":60,"column":20},"end":{"line":60,"column":32}},"3":{"start":{"line":61,"column":2},"end":{"line":61,"column":49}},"4":{"start":{"line":65,"column":2},"end":{"line":65,"column":72}},"5":{"start":{"line":65,"column":59},"end":{"line":65,"column":72}},"6":{"start":{"line":66,"column":2},"end":{"line":69,"column":3}},"7":{"start":{"line":67,"column":24},"end":{"line":67,"column":37}},"8":{"start":{"line":68,"column":4},"end":{"line":68,"column":57}},"9":{"start":{"line":68,"column":38},"end":{"line":68,"column":57}},"10":{"start":{"line":71,"column":2},"end":{"line":71,"column":14}},"11":{"start":{"line":75,"column":22},"end":{"line":75,"column":37}},"12":{"start":{"line":76,"column":2},"end":{"line":76,"column":40}},"13":{"start":{"line":76,"column":28},"end":{"line":76,"column":40}},"14":{"start":{"line":78,"column":2},"end":{"line":78,"column":33}},"15":{"start":{"line":84,"column":16},"end":{"line":84,"column":41}},"16":{"start":{"line":85,"column":2},"end":{"line":85,"column":31}},"17":{"start":{"line":85,"column":14},"end":{"line":85,"column":31}},"18":{"start":{"line":87,"column":2},"end":{"line":87,"column":74}},"19":{"start":{"line":87,"column":55},"end":{"line":87,"column":74}},"20":{"start":{"line":88,"column":2},"end":{"line":88,"column":59}},"21":{"start":{"line":88,"column":45},"end":{"line":88,"column":59}},"22":{"start":{"line":89,"column":2},"end":{"line":89,"column":65}},"23":{"start":{"line":89,"column":49},"end":{"line":89,"column":65}},"24":{"start":{"line":90,"column":2},"end":{"line":90,"column":19}},"25":{"start":{"line":96,"column":16},"end":{"line":96,"column":43}},"26":{"start":{"line":97,"column":2},"end":{"line":97,"column":44}},"27":{"start":{"line":103,"column":16},"end":{"line":103,"column":41}},"28":{"start":{"line":104,"column":2},"end":{"line":104,"column":60}},"29":{"start":{"line":104,"column":46},"end":{"line":104,"column":60}},"30":{"start":{"line":105,"column":2},"end":{"line":105,"column":58}},"31":{"start":{"line":105,"column":44},"end":{"line":105,"column":58}},"32":{"start":{"line":106,"column":2},"end":{"line":106,"column":61}},"33":{"start":{"line":106,"column":46},"end":{"line":106,"column":61}},"34":{"start":{"line":107,"column":2},"end":{"line":107,"column":19}},"35":{"start":{"line":113,"column":16},"end":{"line":113,"column":41}},"36":{"start":{"line":114,"column":2},"end":{"line":114,"column":40}},"37":{"start":{"line":114,"column":25},"end":{"line":114,"column":40}},"38":{"start":{"line":115,"column":2},"end":{"line":115,"column":72}},"39":{"start":{"line":115,"column":53},"end":{"line":115,"column":72}},"40":{"start":{"line":116,"column":2},"end":{"line":116,"column":61}},"41":{"start":{"line":116,"column":46},"end":{"line":116,"column":61}},"42":{"start":{"line":117,"column":2},"end":{"line":117,"column":19}},"43":{"start":{"line":123,"column":16},"end":{"line":123,"column":41}},"44":{"start":{"line":124,"column":2},"end":{"line":124,"column":65}},"45":{"start":{"line":124,"column":49},"end":{"line":124,"column":65}},"46":{"start":{"line":125,"column":2},"end":{"line":125,"column":67}},"47":{"start":{"line":125,"column":50},"end":{"line":125,"column":67}},"48":{"start":{"line":126,"column":2},"end":{"line":126,"column":61}},"49":{"start":{"line":126,"column":46},"end":{"line":126,"column":61}},"50":{"start":{"line":127,"column":2},"end":{"line":127,"column":19}},"51":{"start":{"line":134,"column":16},"end":{"line":134,"column":41}},"52":{"start":{"line":135,"column":2},"end":{"line":135,"column":54}},"53":{"start":{"line":139,"column":2},"end":{"line":139,"column":72}},"54":{"start":{"line":139,"column":60},"end":{"line":139,"column":72}},"55":{"start":{"line":141,"column":2},"end":{"line":141,"column":42}},"56":{"start":{"line":141,"column":30},"end":{"line":141,"column":42}},"57":{"start":{"line":142,"column":2},"end":{"line":142,"column":27}},"58":{"start":{"line":146,"column":2},"end":{"line":146,"column":61}},"59":{"start":{"line":146,"column":45},"end":{"line":146,"column":61}},"60":{"start":{"line":147,"column":2},"end":{"line":147,"column":40}}},"fnMap":{"0":{"name":"toTrimmedString","decl":{"start":{"line":57,"column":16},"end":{"line":57,"column":31}},"loc":{"start":{"line":57,"column":48},"end":{"line":62,"column":1}},"line":57},"1":{"name":"toNumber","decl":{"start":{"line":64,"column":16},"end":{"line":64,"column":24}},"loc":{"start":{"line":64,"column":56},"end":{"line":72,"column":1}},"line":64},"2":{"name":"toInteger","decl":{"start":{"line":74,"column":16},"end":{"line":74,"column":25}},"loc":{"start":{"line":74,"column":57},"end":{"line":79,"column":1}},"line":74},"3":{"name":"normalizeParkingStatus","decl":{"start":{"line":81,"column":16},"end":{"line":81,"column":38}},"loc":{"start":{"line":83,"column":17},"end":{"line":91,"column":1}},"line":83},"4":{"name":"normalizeParkingReportStatus","decl":{"start":{"line":93,"column":16},"end":{"line":93,"column":44}},"loc":{"start":{"line":95,"column":30},"end":{"line":98,"column":1}},"line":95},"5":{"name":"normalizeCostType","decl":{"start":{"line":100,"column":16},"end":{"line":100,"column":33}},"loc":{"start":{"line":102,"column":19},"end":{"line":108,"column":1}},"line":102},"6":{"name":"normalizeCapacityConfidence","decl":{"start":{"line":110,"column":16},"end":{"line":110,"column":43}},"loc":{"start":{"line":112,"column":22},"end":{"line":118,"column":1}},"line":112},"7":{"name":"normalizeAccessType","decl":{"start":{"line":120,"column":16},"end":{"line":120,"column":35}},"loc":{"start":{"line":122,"column":14},"end":{"line":128,"column":1}},"line":122},"8":{"name":"normalizeCurrencyCode","decl":{"start":{"line":130,"column":16},"end":{"line":130,"column":37}},"loc":{"start":{"line":133,"column":2},"end":{"line":136,"column":1}},"line":133},"9":{"name":"normalizeRatingValue","decl":{"start":{"line":138,"column":16},"end":{"line":138,"column":36}},"loc":{"start":{"line":138,"column":71},"end":{"line":143,"column":1}},"line":138},"10":{"name":"clampLimit","decl":{"start":{"line":145,"column":16},"end":{"line":145,"column":26}},"loc":{"start":{"line":145,"column":60},"end":{"line":148,"column":1}},"line":145}},"branchMap":{"0":{"loc":{"start":{"line":58,"column":2},"end":{"line":58,"column":45}},"type":"if","locations":[{"start":{"line":58,"column":2},"end":{"line":58,"column":45}},{"start":{},"end":{}}],"line":58},"1":{"loc":{"start":{"line":61,"column":9},"end":{"line":61,"column":48}},"type":"cond-expr","locations":[{"start":{"line":61,"column":32},"end":{"line":61,"column":41}},{"start":{"line":61,"column":44},"end":{"line":61,"column":48}}],"line":61},"2":{"loc":{"start":{"line":65,"column":2},"end":{"line":65,"column":72}},"type":"if","locations":[{"start":{"line":65,"column":2},"end":{"line":65,"column":72}},{"start":{},"end":{}}],"line":65},"3":{"loc":{"start":{"line":65,"column":6},"end":{"line":65,"column":57}},"type":"binary-expr","locations":[{"start":{"line":65,"column":6},"end":{"line":65,"column":31}},{"start":{"line":65,"column":35},"end":{"line":65,"column":57}}],"line":65},"4":{"loc":{"start":{"line":66,"column":2},"end":{"line":69,"column":3}},"type":"if","locations":[{"start":{"line":66,"column":2},"end":{"line":69,"column":3}},{"start":{},"end":{}}],"line":66},"5":{"loc":{"start":{"line":66,"column":6},"end":{"line":66,"column":58}},"type":"binary-expr","locations":[{"start":{"line":66,"column":6},"end":{"line":66,"column":31}},{"start":{"line":66,"column":35},"end":{"line":66,"column":58}}],"line":66},"6":{"loc":{"start":{"line":68,"column":4},"end":{"line":68,"column":57}},"type":"if","locations":[{"start":{"line":68,"column":4},"end":{"line":68,"column":57}},{"start":{},"end":{}}],"line":68},"7":{"loc":{"start":{"line":76,"column":2},"end":{"line":76,"column":40}},"type":"if","locations":[{"start":{"line":76,"column":2},"end":{"line":76,"column":40}},{"start":{},"end":{}}],"line":76},"8":{"loc":{"start":{"line":85,"column":2},"end":{"line":85,"column":31}},"type":"if","locations":[{"start":{"line":85,"column":2},"end":{"line":85,"column":31}},{"start":{},"end":{}}],"line":85},"9":{"loc":{"start":{"line":87,"column":2},"end":{"line":87,"column":74}},"type":"if","locations":[{"start":{"line":87,"column":2},"end":{"line":87,"column":74}},{"start":{},"end":{}}],"line":87},"10":{"loc":{"start":{"line":87,"column":6},"end":{"line":87,"column":53}},"type":"binary-expr","locations":[{"start":{"line":87,"column":6},"end":{"line":87,"column":27}},{"start":{"line":87,"column":31},"end":{"line":87,"column":53}}],"line":87},"11":{"loc":{"start":{"line":88,"column":2},"end":{"line":88,"column":59}},"type":"if","locations":[{"start":{"line":88,"column":2},"end":{"line":88,"column":59}},{"start":{},"end":{}}],"line":88},"12":{"loc":{"start":{"line":88,"column":6},"end":{"line":88,"column":43}},"type":"binary-expr","locations":[{"start":{"line":88,"column":6},"end":{"line":88,"column":22}},{"start":{"line":88,"column":26},"end":{"line":88,"column":43}}],"line":88},"13":{"loc":{"start":{"line":89,"column":2},"end":{"line":89,"column":65}},"type":"if","locations":[{"start":{"line":89,"column":2},"end":{"line":89,"column":65}},{"start":{},"end":{}}],"line":89},"14":{"loc":{"start":{"line":89,"column":6},"end":{"line":89,"column":47}},"type":"binary-expr","locations":[{"start":{"line":89,"column":6},"end":{"line":89,"column":24}},{"start":{"line":89,"column":28},"end":{"line":89,"column":47}}],"line":89},"15":{"loc":{"start":{"line":97,"column":9},"end":{"line":97,"column":43}},"type":"cond-expr","locations":[{"start":{"line":97,"column":31},"end":{"line":97,"column":35}},{"start":{"line":97,"column":38},"end":{"line":97,"column":43}}],"line":97},"16":{"loc":{"start":{"line":104,"column":2},"end":{"line":104,"column":60}},"type":"if","locations":[{"start":{"line":104,"column":2},"end":{"line":104,"column":60}},{"start":{},"end":{}}],"line":104},"17":{"loc":{"start":{"line":104,"column":6},"end":{"line":104,"column":44}},"type":"binary-expr","locations":[{"start":{"line":104,"column":6},"end":{"line":104,"column":22}},{"start":{"line":104,"column":26},"end":{"line":104,"column":44}}],"line":104},"18":{"loc":{"start":{"line":105,"column":2},"end":{"line":105,"column":58}},"type":"if","locations":[{"start":{"line":105,"column":2},"end":{"line":105,"column":58}},{"start":{},"end":{}}],"line":105},"19":{"loc":{"start":{"line":105,"column":6},"end":{"line":105,"column":42}},"type":"binary-expr","locations":[{"start":{"line":105,"column":6},"end":{"line":105,"column":22}},{"start":{"line":105,"column":26},"end":{"line":105,"column":42}}],"line":105},"20":{"loc":{"start":{"line":106,"column":2},"end":{"line":106,"column":61}},"type":"if","locations":[{"start":{"line":106,"column":2},"end":{"line":106,"column":61}},{"start":{},"end":{}}],"line":106},"21":{"loc":{"start":{"line":106,"column":6},"end":{"line":106,"column":44}},"type":"binary-expr","locations":[{"start":{"line":106,"column":6},"end":{"line":106,"column":23}},{"start":{"line":106,"column":27},"end":{"line":106,"column":44}}],"line":106},"22":{"loc":{"start":{"line":114,"column":2},"end":{"line":114,"column":40}},"type":"if","locations":[{"start":{"line":114,"column":2},"end":{"line":114,"column":40}},{"start":{},"end":{}}],"line":114},"23":{"loc":{"start":{"line":115,"column":2},"end":{"line":115,"column":72}},"type":"if","locations":[{"start":{"line":115,"column":2},"end":{"line":115,"column":72}},{"start":{},"end":{}}],"line":115},"24":{"loc":{"start":{"line":115,"column":6},"end":{"line":115,"column":51}},"type":"binary-expr","locations":[{"start":{"line":115,"column":6},"end":{"line":115,"column":27}},{"start":{"line":115,"column":31},"end":{"line":115,"column":51}}],"line":115},"25":{"loc":{"start":{"line":116,"column":2},"end":{"line":116,"column":61}},"type":"if","locations":[{"start":{"line":116,"column":2},"end":{"line":116,"column":61}},{"start":{},"end":{}}],"line":116},"26":{"loc":{"start":{"line":116,"column":6},"end":{"line":116,"column":44}},"type":"binary-expr","locations":[{"start":{"line":116,"column":6},"end":{"line":116,"column":23}},{"start":{"line":116,"column":27},"end":{"line":116,"column":44}}],"line":116},"27":{"loc":{"start":{"line":124,"column":2},"end":{"line":124,"column":65}},"type":"if","locations":[{"start":{"line":124,"column":2},"end":{"line":124,"column":65}},{"start":{},"end":{}}],"line":124},"28":{"loc":{"start":{"line":124,"column":6},"end":{"line":124,"column":47}},"type":"binary-expr","locations":[{"start":{"line":124,"column":6},"end":{"line":124,"column":24}},{"start":{"line":124,"column":28},"end":{"line":124,"column":47}}],"line":124},"29":{"loc":{"start":{"line":125,"column":2},"end":{"line":125,"column":67}},"type":"if","locations":[{"start":{"line":125,"column":2},"end":{"line":125,"column":67}},{"start":{},"end":{}}],"line":125},"30":{"loc":{"start":{"line":125,"column":6},"end":{"line":125,"column":48}},"type":"binary-expr","locations":[{"start":{"line":125,"column":6},"end":{"line":125,"column":25}},{"start":{"line":125,"column":29},"end":{"line":125,"column":48}}],"line":125},"31":{"loc":{"start":{"line":126,"column":2},"end":{"line":126,"column":61}},"type":"if","locations":[{"start":{"line":126,"column":2},"end":{"line":126,"column":61}},{"start":{},"end":{}}],"line":126},"32":{"loc":{"start":{"line":126,"column":6},"end":{"line":126,"column":44}},"type":"binary-expr","locations":[{"start":{"line":126,"column":6},"end":{"line":126,"column":23}},{"start":{"line":126,"column":27},"end":{"line":126,"column":44}}],"line":126},"33":{"loc":{"start":{"line":132,"column":2},"end":{"line":132,"column":18}},"type":"default-arg","locations":[{"start":{"line":132,"column":13},"end":{"line":132,"column":18}}],"line":132},"34":{"loc":{"start":{"line":135,"column":9},"end":{"line":135,"column":53}},"type":"cond-expr","locations":[{"start":{"line":135,"column":37},"end":{"line":135,"column":42}},{"start":{"line":135,"column":45},"end":{"line":135,"column":53}}],"line":135},"35":{"loc":{"start":{"line":135,"column":9},"end":{"line":135,"column":34}},"type":"binary-expr","locations":[{"start":{"line":135,"column":9},"end":{"line":135,"column":14}},{"start":{"line":135,"column":18},"end":{"line":135,"column":34}}],"line":135},"36":{"loc":{"start":{"line":139,"column":2},"end":{"line":139,"column":72}},"type":"if","locations":[{"start":{"line":139,"column":2},"end":{"line":139,"column":72}},{"start":{},"end":{}}],"line":139},"37":{"loc":{"start":{"line":139,"column":6},"end":{"line":139,"column":58}},"type":"binary-expr","locations":[{"start":{"line":139,"column":6},"end":{"line":139,"column":31}},{"start":{"line":139,"column":35},"end":{"line":139,"column":58}}],"line":139},"38":{"loc":{"start":{"line":141,"column":2},"end":{"line":141,"column":42}},"type":"if","locations":[{"start":{"line":141,"column":2},"end":{"line":141,"column":42}},{"start":{},"end":{}}],"line":141},"39":{"loc":{"start":{"line":141,"column":6},"end":{"line":141,"column":28}},"type":"binary-expr","locations":[{"start":{"line":141,"column":6},"end":{"line":141,"column":15}},{"start":{"line":141,"column":19},"end":{"line":141,"column":28}}],"line":141},"40":{"loc":{"start":{"line":146,"column":2},"end":{"line":146,"column":61}},"type":"if","locations":[{"start":{"line":146,"column":2},"end":{"line":146,"column":61}},{"start":{},"end":{}}],"line":146},"41":{"loc":{"start":{"line":146,"column":6},"end":{"line":146,"column":43}},"type":"binary-expr","locations":[{"start":{"line":146,"column":6},"end":{"line":146,"column":29}},{"start":{"line":146,"column":33},"end":{"line":146,"column":43}}],"line":146}},"s":{"0":320,"1":146,"2":174,"3":174,"4":199,"5":48,"6":151,"7":7,"8":7,"9":6,"10":145,"11":86,"12":86,"13":78,"14":8,"15":35,"16":35,"17":2,"18":33,"19":15,"20":18,"21":5,"22":13,"23":8,"24":5,"25":21,"26":21,"27":20,"28":20,"29":1,"30":19,"31":1,"32":18,"33":1,"34":17,"35":20,"36":20,"37":1,"38":19,"39":1,"40":18,"41":1,"42":17,"43":20,"44":20,"45":1,"46":19,"47":1,"48":18,"49":1,"50":17,"51":18,"52":18,"53":22,"54":8,"55":14,"56":4,"57":10,"58":21,"59":3,"60":18},"f":{"0":320,"1":199,"2":86,"3":35,"4":21,"5":20,"6":20,"7":20,"8":18,"9":22,"10":21},"b":{"0":[146,174],"1":[166,8],"2":[48,151],"3":[199,49],"4":[7,144],"5":[151,7],"6":[6,1],"7":[78,8],"8":[2,33],"9":[15,18],"10":[33,19],"11":[5,13],"12":[18,14],"13":[8,5],"14":[13,6],"15":[5,16],"16":[1,19],"17":[20,20],"18":[1,18],"19":[19,19],"20":[1,17],"21":[18,18],"22":[1,19],"23":[1,18],"24":[19,19],"25":[1,17],"26":[18,18],"27":[1,19],"28":[20,20],"29":[1,18],"30":[19,19],"31":[1,17],"32":[18,18],"33":[18],"34":[1,17],"35":[18,1],"36":[8,14],"37":[22,14],"38":[4,10],"39":[14,12],"40":[3,18],"41":[21,20]},"_coverageSchema":"1a1c01bbd47fc00a2c39e90264f33305004495a9","hash":"6a31ebebf7a48a3702d0a6c15deac242d4dc918b"}
,"C:\\Users\\adria\\Documents\\UP\\Semestre 10\\Ing Proyectos Tecnologicos\\ParkPulse\\src\\lib\\places.ts": {"path":"C:\\Users\\adria\\Documents\\UP\\Semestre 10\\Ing Proyectos Tecnologicos\\ParkPulse\\src\\lib\\places.ts","statementMap":{"0":{"start":{"line":71,"column":26},"end":{"line":94,"column":12}},"1":{"start":{"line":96,"column":33},"end":{"line":106,"column":12}},"2":{"start":{"line":108,"column":26},"end":{"line":126,"column":12}},"3":{"start":{"line":128,"column":33},"end":{"line":135,"column":12}},"4":{"start":{"line":137,"column":39},"end":{"line":213,"column":1}},"5":{"start":{"line":216,"column":2},"end":{"line":216,"column":44}},"6":{"start":{"line":222,"column":15},"end":{"line":222,"column":42}},"7":{"start":{"line":223,"column":19},"end":{"line":223,"column":43}},"8":{"start":{"line":224,"column":20},"end":{"line":224,"column":45}},"9":{"start":{"line":225,"column":24},"end":{"line":225,"column":53}},"10":{"start":{"line":226,"column":24},"end":{"line":226,"column":53}},"11":{"start":{"line":227,"column":22},"end":{"line":227,"column":50}},"12":{"start":{"line":228,"column":22},"end":{"line":228,"column":50}},"13":{"start":{"line":230,"column":2},"end":{"line":232,"column":3}},"14":{"start":{"line":231,"column":4},"end":{"line":231,"column":69}},"15":{"start":{"line":234,"column":2},"end":{"line":236,"column":3}},"16":{"start":{"line":235,"column":4},"end":{"line":235,"column":74}},"17":{"start":{"line":238,"column":2},"end":{"line":244,"column":3}},"18":{"start":{"line":243,"column":4},"end":{"line":243,"column":75}},"19":{"start":{"line":246,"column":2},"end":{"line":248,"column":3}},"20":{"start":{"line":247,"column":4},"end":{"line":247,"column":75}},"21":{"start":{"line":250,"column":2},"end":{"line":267,"column":4}},"22":{"start":{"line":271,"column":19},"end":{"line":271,"column":56}},"23":{"start":{"line":272,"column":20},"end":{"line":272,"column":58}},"24":{"start":{"line":273,"column":2},"end":{"line":273,"column":59}},"25":{"start":{"line":273,"column":47},"end":{"line":273,"column":59}},"26":{"start":{"line":275,"column":2},"end":{"line":301,"column":4}},"27":{"start":{"line":305,"column":17},"end":{"line":305,"column":36}},"28":{"start":{"line":306,"column":2},"end":{"line":306,"column":27}},"29":{"start":{"line":306,"column":15},"end":{"line":306,"column":27}},"30":{"start":{"line":308,"column":26},"end":{"line":311,"column":39}},"31":{"start":{"line":313,"column":2},"end":{"line":333,"column":3}},"32":{"start":{"line":314,"column":4},"end":{"line":317,"column":5}},"33":{"start":{"line":315,"column":6},"end":{"line":315,"column":75}},"34":{"start":{"line":316,"column":6},"end":{"line":316,"column":18}},"35":{"start":{"line":319,"column":25},"end":{"line":322,"column":41}},"36":{"start":{"line":324,"column":4},"end":{"line":330,"column":5}},"37":{"start":{"line":325,"column":6},"end":{"line":328,"column":8}},"38":{"start":{"line":329,"column":6},"end":{"line":329,"column":18}},"39":{"start":{"line":332,"column":4},"end":{"line":332,"column":60}},"40":{"start":{"line":335,"column":2},"end":{"line":335,"column":45}},"41":{"start":{"line":339,"column":17},"end":{"line":339,"column":36}},"42":{"start":{"line":340,"column":2},"end":{"line":340,"column":27}},"43":{"start":{"line":340,"column":15},"end":{"line":340,"column":27}},"44":{"start":{"line":342,"column":26},"end":{"line":345,"column":39}},"45":{"start":{"line":347,"column":2},"end":{"line":364,"column":3}},"46":{"start":{"line":348,"column":4},"end":{"line":351,"column":5}},"47":{"start":{"line":349,"column":6},"end":{"line":349,"column":64}},"48":{"start":{"line":350,"column":6},"end":{"line":350,"column":18}},"49":{"start":{"line":353,"column":25},"end":{"line":356,"column":41}},"50":{"start":{"line":358,"column":4},"end":{"line":361,"column":5}},"51":{"start":{"line":359,"column":6},"end":{"line":359,"column":84}},"52":{"start":{"line":360,"column":6},"end":{"line":360,"column":18}},"53":{"start":{"line":363,"column":4},"end":{"line":363,"column":60}},"54":{"start":{"line":366,"column":2},"end":{"line":366,"column":45}},"55":{"start":{"line":370,"column":15},"end":{"line":370,"column":76}},"56":{"start":{"line":372,"column":17},"end":{"line":374,"column":58}},"57":{"start":{"line":374,"column":44},"end":{"line":374,"column":57}},"58":{"start":{"line":376,"column":2},"end":{"line":376,"column":63}},"59":{"start":{"line":380,"column":28},"end":{"line":380,"column":52}},"60":{"start":{"line":381,"column":2},"end":{"line":381,"column":38}},"61":{"start":{"line":381,"column":26},"end":{"line":381,"column":38}},"62":{"start":{"line":383,"column":17},"end":{"line":383,"column":36}},"63":{"start":{"line":384,"column":2},"end":{"line":386,"column":3}},"64":{"start":{"line":385,"column":4},"end":{"line":385,"column":82}},"65":{"start":{"line":385,"column":42},"end":{"line":385,"column":72}},"66":{"start":{"line":388,"column":26},"end":{"line":392,"column":18}},"67":{"start":{"line":394,"column":2},"end":{"line":412,"column":3}},"68":{"start":{"line":395,"column":4},"end":{"line":398,"column":5}},"69":{"start":{"line":396,"column":6},"end":{"line":396,"column":60}},"70":{"start":{"line":397,"column":6},"end":{"line":397,"column":18}},"71":{"start":{"line":400,"column":25},"end":{"line":404,"column":20}},"72":{"start":{"line":406,"column":4},"end":{"line":409,"column":5}},"73":{"start":{"line":407,"column":6},"end":{"line":407,"column":80}},"74":{"start":{"line":408,"column":6},"end":{"line":408,"column":18}},"75":{"start":{"line":411,"column":4},"end":{"line":411,"column":69}},"76":{"start":{"line":414,"column":2},"end":{"line":414,"column":54}},"77":{"start":{"line":420,"column":26},"end":{"line":420,"column":65}},"78":{"start":{"line":421,"column":17},"end":{"line":421,"column":40}},"79":{"start":{"line":423,"column":26},"end":{"line":439,"column":4}},"80":{"start":{"line":441,"column":2},"end":{"line":443,"column":3}},"81":{"start":{"line":442,"column":4},"end":{"line":442,"column":35}},"82":{"start":{"line":445,"column":23},"end":{"line":445,"column":59}},"83":{"start":{"line":446,"column":22},"end":{"line":446,"column":74}},"84":{"start":{"line":448,"column":2},"end":{"line":450,"column":3}},"85":{"start":{"line":449,"column":4},"end":{"line":449,"column":73}},"86":{"start":{"line":452,"column":2},"end":{"line":452,"column":21}},"87":{"start":{"line":456,"column":2},"end":{"line":456,"column":60}}},"fnMap":{"0":{"name":"isMissingSchemaFieldError","decl":{"start":{"line":215,"column":9},"end":{"line":215,"column":34}},"loc":{"start":{"line":215,"column":52},"end":{"line":217,"column":1}},"line":215},"1":{"name":"normalizeCreateParkingPlaceInput","decl":{"start":{"line":219,"column":16},"end":{"line":219,"column":48}},"loc":{"start":{"line":221,"column":2},"end":{"line":268,"column":1}},"line":221},"2":{"name":"mapRawPlace","decl":{"start":{"line":270,"column":9},"end":{"line":270,"column":20}},"loc":{"start":{"line":270,"column":59},"end":{"line":302,"column":1}},"line":270},"3":{"name":"readPlacesFromView","decl":{"start":{"line":304,"column":15},"end":{"line":304,"column":33}},"loc":{"start":{"line":304,"column":36},"end":{"line":336,"column":1}},"line":304},"4":{"name":"readPlacesFromTable","decl":{"start":{"line":338,"column":15},"end":{"line":338,"column":34}},"loc":{"start":{"line":338,"column":37},"end":{"line":367,"column":1}},"line":338},"5":{"name":"fetchPlaces","decl":{"start":{"line":369,"column":22},"end":{"line":369,"column":33}},"loc":{"start":{"line":369,"column":61},"end":{"line":377,"column":1}},"line":369},"6":{"name":"(anonymous_6)","decl":{"start":{"line":374,"column":12},"end":{"line":374,"column":13}},"loc":{"start":{"line":374,"column":44},"end":{"line":374,"column":57}},"line":374},"7":{"name":"fetchPlaceById","decl":{"start":{"line":379,"column":22},"end":{"line":379,"column":36}},"loc":{"start":{"line":379,"column":84},"end":{"line":415,"column":1}},"line":379},"8":{"name":"(anonymous_8)","decl":{"start":{"line":385,"column":31},"end":{"line":385,"column":32}},"loc":{"start":{"line":385,"column":42},"end":{"line":385,"column":72}},"line":385},"9":{"name":"createParkingPlace","decl":{"start":{"line":417,"column":22},"end":{"line":417,"column":40}},"loc":{"start":{"line":419,"column":25},"end":{"line":453,"column":1}},"line":419},"10":{"name":"limitPlaces","decl":{"start":{"line":455,"column":16},"end":{"line":455,"column":27}},"loc":{"start":{"line":455,"column":65},"end":{"line":457,"column":1}},"line":455}},"branchMap":{"0":{"loc":{"start":{"line":230,"column":2},"end":{"line":232,"column":3}},"type":"if","locations":[{"start":{"line":230,"column":2},"end":{"line":232,"column":3}},{"start":{},"end":{}}],"line":230},"1":{"loc":{"start":{"line":234,"column":2},"end":{"line":236,"column":3}},"type":"if","locations":[{"start":{"line":234,"column":2},"end":{"line":236,"column":3}},{"start":{},"end":{}}],"line":234},"2":{"loc":{"start":{"line":234,"column":6},"end":{"line":234,"column":45}},"type":"binary-expr","locations":[{"start":{"line":234,"column":6},"end":{"line":234,"column":23}},{"start":{"line":234,"column":27},"end":{"line":234,"column":45}}],"line":234},"3":{"loc":{"start":{"line":238,"column":2},"end":{"line":244,"column":3}},"type":"if","locations":[{"start":{"line":238,"column":2},"end":{"line":244,"column":3}},{"start":{},"end":{}}],"line":238},"4":{"loc":{"start":{"line":239,"column":4},"end":{"line":241,"column":33}},"type":"binary-expr","locations":[{"start":{"line":239,"column":4},"end":{"line":239,"column":26}},{"start":{"line":240,"column":4},"end":{"line":240,"column":26}},{"start":{"line":241,"column":4},"end":{"line":241,"column":33}}],"line":239},"5":{"loc":{"start":{"line":246,"column":2},"end":{"line":248,"column":3}},"type":"if","locations":[{"start":{"line":246,"column":2},"end":{"line":248,"column":3}},{"start":{},"end":{}}],"line":246},"6":{"loc":{"start":{"line":246,"column":6},"end":{"line":246,"column":79}},"type":"binary-expr","locations":[{"start":{"line":246,"column":6},"end":{"line":246,"column":26}},{"start":{"line":246,"column":30},"end":{"line":246,"column":50}},{"start":{"line":246,"column":54},"end":{"line":246,"column":79}}],"line":246},"7":{"loc":{"start":{"line":266,"column":6},"end":{"line":266,"column":74}},"type":"binary-expr","locations":[{"start":{"line":266,"column":6},"end":{"line":266,"column":47}},{"start":{"line":266,"column":51},"end":{"line":266,"column":74}}],"line":266},"8":{"loc":{"start":{"line":271,"column":28},"end":{"line":271,"column":55}},"type":"binary-expr","locations":[{"start":{"line":271,"column":28},"end":{"line":271,"column":42}},{"start":{"line":271,"column":46},"end":{"line":271,"column":55}}],"line":271},"9":{"loc":{"start":{"line":272,"column":29},"end":{"line":272,"column":57}},"type":"binary-expr","locations":[{"start":{"line":272,"column":29},"end":{"line":272,"column":44}},{"start":{"line":272,"column":48},"end":{"line":272,"column":57}}],"line":272},"10":{"loc":{"start":{"line":273,"column":2},"end":{"line":273,"column":59}},"type":"if","locations":[{"start":{"line":273,"column":2},"end":{"line":273,"column":59}},{"start":{},"end":{}}],"line":273},"11":{"loc":{"start":{"line":273,"column":6},"end":{"line":273,"column":45}},"type":"binary-expr","locations":[{"start":{"line":273,"column":6},"end":{"line":273,"column":23}},{"start":{"line":273,"column":27},"end":{"line":273,"column":45}}],"line":273},"12":{"loc":{"start":{"line":276,"column":15},"end":{"line":276,"column":63}},"type":"binary-expr","locations":[{"start":{"line":276,"column":15},"end":{"line":276,"column":23}},{"start":{"line":276,"column":27},"end":{"line":276,"column":63}}],"line":276},"13":{"loc":{"start":{"line":277,"column":10},"end":{"line":277,"column":58}},"type":"binary-expr","locations":[{"start":{"line":277,"column":10},"end":{"line":277,"column":37}},{"start":{"line":277,"column":41},"end":{"line":277,"column":58}}],"line":277},"14":{"loc":{"start":{"line":283,"column":6},"end":{"line":283,"column":68}},"type":"binary-expr","locations":[{"start":{"line":283,"column":6},"end":{"line":283,"column":28}},{"start":{"line":283,"column":32},"end":{"line":283,"column":52}},{"start":{"line":283,"column":56},"end":{"line":283,"column":68}}],"line":283},"15":{"loc":{"start":{"line":285,"column":15},"end":{"line":285,"column":39}},"type":"binary-expr","locations":[{"start":{"line":285,"column":15},"end":{"line":285,"column":31}},{"start":{"line":285,"column":35},"end":{"line":285,"column":39}}],"line":285},"16":{"loc":{"start":{"line":286,"column":20},"end":{"line":286,"column":50}},"type":"binary-expr","locations":[{"start":{"line":286,"column":20},"end":{"line":286,"column":42}},{"start":{"line":286,"column":46},"end":{"line":286,"column":50}}],"line":286},"17":{"loc":{"start":{"line":287,"column":23},"end":{"line":287,"column":64}},"type":"binary-expr","locations":[{"start":{"line":287,"column":23},"end":{"line":287,"column":59}},{"start":{"line":287,"column":63},"end":{"line":287,"column":64}}],"line":287},"18":{"loc":{"start":{"line":288,"column":22},"end":{"line":288,"column":62}},"type":"binary-expr","locations":[{"start":{"line":288,"column":22},"end":{"line":288,"column":57}},{"start":{"line":288,"column":61},"end":{"line":288,"column":62}}],"line":288},"19":{"loc":{"start":{"line":290,"column":17},"end":{"line":290,"column":51}},"type":"binary-expr","locations":[{"start":{"line":290,"column":17},"end":{"line":290,"column":46}},{"start":{"line":290,"column":50},"end":{"line":290,"column":51}}],"line":290},"20":{"loc":{"start":{"line":306,"column":2},"end":{"line":306,"column":27}},"type":"if","locations":[{"start":{"line":306,"column":2},"end":{"line":306,"column":27}},{"start":{},"end":{}}],"line":306},"21":{"loc":{"start":{"line":313,"column":2},"end":{"line":333,"column":3}},"type":"if","locations":[{"start":{"line":313,"column":2},"end":{"line":333,"column":3}},{"start":{},"end":{}}],"line":313},"22":{"loc":{"start":{"line":314,"column":4},"end":{"line":317,"column":5}},"type":"if","locations":[{"start":{"line":314,"column":4},"end":{"line":317,"column":5}},{"start":{},"end":{}}],"line":314},"23":{"loc":{"start":{"line":324,"column":4},"end":{"line":330,"column":5}},"type":"if","locations":[{"start":{"line":324,"column":4},"end":{"line":330,"column":5}},{"start":{},"end":{}}],"line":324},"24":{"loc":{"start":{"line":332,"column":11},"end":{"line":332,"column":59}},"type":"binary-expr","locations":[{"start":{"line":332,"column":12},"end":{"line":332,"column":50}},{"start":{"line":332,"column":55},"end":{"line":332,"column":59}}],"line":332},"25":{"loc":{"start":{"line":335,"column":9},"end":{"line":335,"column":44}},"type":"binary-expr","locations":[{"start":{"line":335,"column":10},"end":{"line":335,"column":35}},{"start":{"line":335,"column":40},"end":{"line":335,"column":44}}],"line":335},"26":{"loc":{"start":{"line":340,"column":2},"end":{"line":340,"column":27}},"type":"if","locations":[{"start":{"line":340,"column":2},"end":{"line":340,"column":27}},{"start":{},"end":{}}],"line":340},"27":{"loc":{"start":{"line":347,"column":2},"end":{"line":364,"column":3}},"type":"if","locations":[{"start":{"line":347,"column":2},"end":{"line":364,"column":3}},{"start":{},"end":{}}],"line":347},"28":{"loc":{"start":{"line":348,"column":4},"end":{"line":351,"column":5}},"type":"if","locations":[{"start":{"line":348,"column":4},"end":{"line":351,"column":5}},{"start":{},"end":{}}],"line":348},"29":{"loc":{"start":{"line":358,"column":4},"end":{"line":361,"column":5}},"type":"if","locations":[{"start":{"line":358,"column":4},"end":{"line":361,"column":5}},{"start":{},"end":{}}],"line":358},"30":{"loc":{"start":{"line":363,"column":11},"end":{"line":363,"column":59}},"type":"binary-expr","locations":[{"start":{"line":363,"column":12},"end":{"line":363,"column":50}},{"start":{"line":363,"column":55},"end":{"line":363,"column":59}}],"line":363},"31":{"loc":{"start":{"line":366,"column":9},"end":{"line":366,"column":44}},"type":"binary-expr","locations":[{"start":{"line":366,"column":10},"end":{"line":366,"column":35}},{"start":{"line":366,"column":40},"end":{"line":366,"column":44}}],"line":366},"32":{"loc":{"start":{"line":370,"column":15},"end":{"line":370,"column":76}},"type":"binary-expr","locations":[{"start":{"line":370,"column":16},"end":{"line":370,"column":42}},{"start":{"line":370,"column":48},"end":{"line":370,"column":75}}],"line":370},"33":{"loc":{"start":{"line":376,"column":9},"end":{"line":376,"column":62}},"type":"cond-expr","locations":[{"start":{"line":376,"column":39},"end":{"line":376,"column":45}},{"start":{"line":376,"column":48},"end":{"line":376,"column":62}}],"line":376},"34":{"loc":{"start":{"line":376,"column":9},"end":{"line":376,"column":36}},"type":"binary-expr","locations":[{"start":{"line":376,"column":9},"end":{"line":376,"column":15}},{"start":{"line":376,"column":19},"end":{"line":376,"column":36}}],"line":376},"35":{"loc":{"start":{"line":381,"column":2},"end":{"line":381,"column":38}},"type":"if","locations":[{"start":{"line":381,"column":2},"end":{"line":381,"column":38}},{"start":{},"end":{}}],"line":381},"36":{"loc":{"start":{"line":384,"column":2},"end":{"line":386,"column":3}},"type":"if","locations":[{"start":{"line":384,"column":2},"end":{"line":386,"column":3}},{"start":{},"end":{}}],"line":384},"37":{"loc":{"start":{"line":385,"column":11},"end":{"line":385,"column":81}},"type":"binary-expr","locations":[{"start":{"line":385,"column":11},"end":{"line":385,"column":73}},{"start":{"line":385,"column":77},"end":{"line":385,"column":81}}],"line":385},"38":{"loc":{"start":{"line":394,"column":2},"end":{"line":412,"column":3}},"type":"if","locations":[{"start":{"line":394,"column":2},"end":{"line":412,"column":3}},{"start":{},"end":{}}],"line":394},"39":{"loc":{"start":{"line":395,"column":4},"end":{"line":398,"column":5}},"type":"if","locations":[{"start":{"line":395,"column":4},"end":{"line":398,"column":5}},{"start":{},"end":{}}],"line":395},"40":{"loc":{"start":{"line":406,"column":4},"end":{"line":409,"column":5}},"type":"if","locations":[{"start":{"line":406,"column":4},"end":{"line":409,"column":5}},{"start":{},"end":{}}],"line":406},"41":{"loc":{"start":{"line":411,"column":23},"end":{"line":411,"column":67}},"type":"binary-expr","locations":[{"start":{"line":411,"column":24},"end":{"line":411,"column":60}},{"start":{"line":411,"column":65},"end":{"line":411,"column":67}}],"line":411},"42":{"loc":{"start":{"line":414,"column":21},"end":{"line":414,"column":52}},"type":"binary-expr","locations":[{"start":{"line":414,"column":22},"end":{"line":414,"column":45}},{"start":{"line":414,"column":50},"end":{"line":414,"column":52}}],"line":414},"43":{"loc":{"start":{"line":441,"column":2},"end":{"line":443,"column":3}},"type":"if","locations":[{"start":{"line":441,"column":2},"end":{"line":443,"column":3}},{"start":{},"end":{}}],"line":441},"44":{"loc":{"start":{"line":445,"column":23},"end":{"line":445,"column":59}},"type":"cond-expr","locations":[{"start":{"line":445,"column":45},"end":{"line":445,"column":52}},{"start":{"line":445,"column":55},"end":{"line":445,"column":59}}],"line":445},"45":{"loc":{"start":{"line":446,"column":34},"end":{"line":446,"column":73}},"type":"binary-expr","locations":[{"start":{"line":446,"column":35},"end":{"line":446,"column":66}},{"start":{"line":446,"column":71},"end":{"line":446,"column":73}}],"line":446},"46":{"loc":{"start":{"line":448,"column":2},"end":{"line":450,"column":3}},"type":"if","locations":[{"start":{"line":448,"column":2},"end":{"line":450,"column":3}},{"start":{},"end":{}}],"line":448},"47":{"loc":{"start":{"line":456,"column":41},"end":{"line":456,"column":57}},"type":"binary-expr","locations":[{"start":{"line":456,"column":41},"end":{"line":456,"column":52}},{"start":{"line":456,"column":56},"end":{"line":456,"column":57}}],"line":456}},"s":{"0":1,"1":1,"2":1,"3":1,"4":1,"5":17,"6":10,"7":10,"8":10,"9":10,"10":10,"11":10,"12":10,"13":10,"14":1,"15":9,"16":1,"17":8,"18":1,"19":7,"20":1,"21":6,"22":14,"23":14,"24":14,"25":4,"26":10,"27":12,"28":12,"29":1,"30":11,"31":11,"32":8,"33":5,"34":5,"35":3,"36":3,"37":1,"38":1,"39":2,"40":3,"41":9,"42":9,"43":1,"44":8,"45":8,"46":5,"47":1,"48":1,"49":4,"50":4,"51":1,"52":1,"53":3,"54":3,"55":12,"56":12,"57":6,"58":12,"59":9,"60":9,"61":1,"62":8,"63":8,"64":2,"65":4,"66":6,"67":6,"68":4,"69":1,"70":1,"71":3,"72":3,"73":1,"74":1,"75":2,"76":2,"77":5,"78":5,"79":5,"80":5,"81":1,"82":4,"83":4,"84":4,"85":2,"86":2,"87":3},"f":{"0":17,"1":10,"2":14,"3":12,"4":9,"5":12,"6":6,"7":9,"8":4,"9":5,"10":3},"b":{"0":[1,9],"1":[1,8],"2":[9,8],"3":[1,7],"4":[8,2,2],"5":[1,6],"6":[7,2,2],"7":[6,6],"8":[14,4],"9":[14,4],"10":[4,10],"11":[14,10],"12":[10,1],"13":[10,2],"14":[10,10,1],"15":[10,10],"16":[10,10],"17":[10,10],"18":[10,10],"19":[10,9],"20":[1,11],"21":[8,3],"22":[5,3],"23":[1,2],"24":[2,1],"25":[3,1],"26":[1,8],"27":[5,3],"28":[1,4],"29":[1,3],"30":[3,2],"31":[3,1],"32":[12,9],"33":[6,6],"34":[12,6],"35":[1,8],"36":[2,6],"37":[2,1],"38":[4,2],"39":[1,3],"40":[1,2],"41":[2,1],"42":[2,1],"43":[1,4],"44":[2,2],"45":[4,1],"46":[2,2],"47":[3,1]},"_coverageSchema":"1a1c01bbd47fc00a2c39e90264f33305004495a9","hash":"6d0851f2678e1c0bbd9c412fb8bf1ba6ad206ffe"}
,"C:\\Users\\adria\\Documents\\UP\\Semestre 10\\Ing Proyectos Tecnologicos\\ParkPulse\\src\\lib\\profiles.ts": {"path":"C:\\Users\\adria\\Documents\\UP\\Semestre 10\\Ing Proyectos Tecnologicos\\ParkPulse\\src\\lib\\profiles.ts","statementMap":{"0":{"start":{"line":32,"column":17},"end":{"line":32,"column":50}},"1":{"start":{"line":33,"column":16},"end":{"line":33,"column":47}},"2":{"start":{"line":35,"column":2},"end":{"line":35,"column":37}},"3":{"start":{"line":35,"column":25},"end":{"line":35,"column":37}},"4":{"start":{"line":37,"column":2},"end":{"line":45,"column":4}},"5":{"start":{"line":49,"column":17},"end":{"line":49,"column":40}},"6":{"start":{"line":50,"column":26},"end":{"line":50,"column":53}},"7":{"start":{"line":52,"column":2},"end":{"line":54,"column":3}},"8":{"start":{"line":53,"column":4},"end":{"line":53,"column":35}},"9":{"start":{"line":56,"column":2},"end":{"line":56,"column":27}},"10":{"start":{"line":60,"column":17},"end":{"line":60,"column":36}},"11":{"start":{"line":61,"column":2},"end":{"line":61,"column":27}},"12":{"start":{"line":61,"column":15},"end":{"line":61,"column":27}},"13":{"start":{"line":63,"column":47},"end":{"line":63,"column":74}},"14":{"start":{"line":64,"column":2},"end":{"line":66,"column":3}},"15":{"start":{"line":65,"column":4},"end":{"line":65,"column":39}},"16":{"start":{"line":68,"column":2},"end":{"line":68,"column":38}},"17":{"start":{"line":68,"column":26},"end":{"line":68,"column":38}},"18":{"start":{"line":70,"column":26},"end":{"line":74,"column":18}},"19":{"start":{"line":76,"column":2},"end":{"line":78,"column":3}},"20":{"start":{"line":77,"column":4},"end":{"line":77,"column":35}},"21":{"start":{"line":80,"column":2},"end":{"line":80,"column":64}},"22":{"start":{"line":86,"column":17},"end":{"line":86,"column":40}},"23":{"start":{"line":87,"column":15},"end":{"line":87,"column":43}},"24":{"start":{"line":89,"column":2},"end":{"line":91,"column":3}},"25":{"start":{"line":90,"column":4},"end":{"line":90,"column":71}},"26":{"start":{"line":93,"column":16},"end":{"line":93,"column":75}},"27":{"start":{"line":94,"column":2},"end":{"line":96,"column":3}},"28":{"start":{"line":95,"column":4},"end":{"line":95,"column":60}},"29":{"start":{"line":98,"column":18},"end":{"line":105,"column":3}},"30":{"start":{"line":107,"column":26},"end":{"line":111,"column":13}},"31":{"start":{"line":113,"column":2},"end":{"line":115,"column":3}},"32":{"start":{"line":114,"column":4},"end":{"line":114,"column":35}},"33":{"start":{"line":117,"column":24},"end":{"line":117,"column":78}},"34":{"start":{"line":118,"column":2},"end":{"line":120,"column":3}},"35":{"start":{"line":119,"column":4},"end":{"line":119,"column":69}},"36":{"start":{"line":122,"column":2},"end":{"line":122,"column":23}}},"fnMap":{"0":{"name":"mapRawProfile","decl":{"start":{"line":31,"column":9},"end":{"line":31,"column":22}},"loc":{"start":{"line":31,"column":87},"end":{"line":46,"column":1}},"line":31},"1":{"name":"getAuthenticatedUser","decl":{"start":{"line":48,"column":15},"end":{"line":48,"column":35}},"loc":{"start":{"line":48,"column":38},"end":{"line":57,"column":1}},"line":48},"2":{"name":"fetchCurrentUserProfile","decl":{"start":{"line":59,"column":22},"end":{"line":59,"column":45}},"loc":{"start":{"line":59,"column":77},"end":{"line":81,"column":1}},"line":59},"3":{"name":"upsertCurrentUserProfile","decl":{"start":{"line":83,"column":22},"end":{"line":83,"column":46}},"loc":{"start":{"line":85,"column":24},"end":{"line":123,"column":1}},"line":85}},"branchMap":{"0":{"loc":{"start":{"line":35,"column":2},"end":{"line":35,"column":37}},"type":"if","locations":[{"start":{"line":35,"column":2},"end":{"line":35,"column":37}},{"start":{},"end":{}}],"line":35},"1":{"loc":{"start":{"line":35,"column":6},"end":{"line":35,"column":23}},"type":"binary-expr","locations":[{"start":{"line":35,"column":6},"end":{"line":35,"column":13}},{"start":{"line":35,"column":17},"end":{"line":35,"column":23}}],"line":35},"2":{"loc":{"start":{"line":52,"column":2},"end":{"line":54,"column":3}},"type":"if","locations":[{"start":{"line":52,"column":2},"end":{"line":54,"column":3}},{"start":{},"end":{}}],"line":52},"3":{"loc":{"start":{"line":56,"column":9},"end":{"line":56,"column":26}},"type":"binary-expr","locations":[{"start":{"line":56,"column":9},"end":{"line":56,"column":18}},{"start":{"line":56,"column":22},"end":{"line":56,"column":26}}],"line":56},"4":{"loc":{"start":{"line":61,"column":2},"end":{"line":61,"column":27}},"type":"if","locations":[{"start":{"line":61,"column":2},"end":{"line":61,"column":27}},{"start":{},"end":{}}],"line":61},"5":{"loc":{"start":{"line":64,"column":2},"end":{"line":66,"column":3}},"type":"if","locations":[{"start":{"line":64,"column":2},"end":{"line":66,"column":3}},{"start":{},"end":{}}],"line":64},"6":{"loc":{"start":{"line":68,"column":2},"end":{"line":68,"column":38}},"type":"if","locations":[{"start":{"line":68,"column":2},"end":{"line":68,"column":38}},{"start":{},"end":{}}],"line":68},"7":{"loc":{"start":{"line":76,"column":2},"end":{"line":78,"column":3}},"type":"if","locations":[{"start":{"line":76,"column":2},"end":{"line":78,"column":3}},{"start":{},"end":{}}],"line":76},"8":{"loc":{"start":{"line":80,"column":23},"end":{"line":80,"column":62}},"type":"binary-expr","locations":[{"start":{"line":80,"column":24},"end":{"line":80,"column":53}},{"start":{"line":80,"column":58},"end":{"line":80,"column":62}}],"line":80},"9":{"loc":{"start":{"line":89,"column":2},"end":{"line":91,"column":3}},"type":"if","locations":[{"start":{"line":89,"column":2},"end":{"line":91,"column":3}},{"start":{},"end":{}}],"line":89},"10":{"loc":{"start":{"line":93,"column":16},"end":{"line":93,"column":75}},"type":"binary-expr","locations":[{"start":{"line":93,"column":16},"end":{"line":93,"column":44}},{"start":{"line":93,"column":48},"end":{"line":93,"column":75}}],"line":93},"11":{"loc":{"start":{"line":94,"column":2},"end":{"line":96,"column":3}},"type":"if","locations":[{"start":{"line":94,"column":2},"end":{"line":96,"column":3}},{"start":{},"end":{}}],"line":94},"12":{"loc":{"start":{"line":113,"column":2},"end":{"line":115,"column":3}},"type":"if","locations":[{"start":{"line":113,"column":2},"end":{"line":115,"column":3}},{"start":{},"end":{}}],"line":113},"13":{"loc":{"start":{"line":117,"column":38},"end":{"line":117,"column":77}},"type":"binary-expr","locations":[{"start":{"line":117,"column":39},"end":{"line":117,"column":68}},{"start":{"line":117,"column":73},"end":{"line":117,"column":77}}],"line":117},"14":{"loc":{"start":{"line":118,"column":2},"end":{"line":120,"column":3}},"type":"if","locations":[{"start":{"line":118,"column":2},"end":{"line":120,"column":3}},{"start":{},"end":{}}],"line":118}},"s":{"0":7,"1":7,"2":7,"3":4,"4":3,"5":8,"6":8,"7":8,"8":1,"9":7,"10":7,"11":7,"12":1,"13":6,"14":6,"15":1,"16":5,"17":1,"18":4,"19":4,"20":1,"21":3,"22":8,"23":8,"24":7,"25":1,"26":6,"27":6,"28":1,"29":5,"30":5,"31":5,"32":1,"33":4,"34":4,"35":2,"36":2},"f":{"0":7,"1":8,"2":7,"3":8},"b":{"0":[4,3],"1":[7,5],"2":[1,7],"3":[7,1],"4":[1,6],"5":[1,5],"6":[1,4],"7":[1,3],"8":[3,1],"9":[1,6],"10":[6,5],"11":[1,5],"12":[1,4],"13":[4,1],"14":[2,2]},"_coverageSchema":"1a1c01bbd47fc00a2c39e90264f33305004495a9","hash":"b3cd56f0fb469365e19c9adf8974df7ea8a8ef5f"}
,"C:\\Users\\adria\\Documents\\UP\\Semestre 10\\Ing Proyectos Tecnologicos\\ParkPulse\\src\\lib\\ratings.ts": {"path":"C:\\Users\\adria\\Documents\\UP\\Semestre 10\\Ing Proyectos Tecnologicos\\ParkPulse\\src\\lib\\ratings.ts","statementMap":{"0":{"start":{"line":28,"column":18},"end":{"line":28,"column":48}},"1":{"start":{"line":29,"column":17},"end":{"line":29,"column":51}},"2":{"start":{"line":31,"column":2},"end":{"line":33,"column":3}},"3":{"start":{"line":32,"column":4},"end":{"line":32,"column":75}},"4":{"start":{"line":35,"column":2},"end":{"line":37,"column":3}},"5":{"start":{"line":36,"column":4},"end":{"line":36,"column":63}},"6":{"start":{"line":39,"column":2},"end":{"line":45,"column":4}},"7":{"start":{"line":51,"column":18},"end":{"line":51,"column":51}},"8":{"start":{"line":53,"column":4},"end":{"line":55,"column":33}},"9":{"start":{"line":57,"column":2},"end":{"line":59,"column":3}},"10":{"start":{"line":58,"column":4},"end":{"line":58,"column":16}},"11":{"start":{"line":62,"column":4},"end":{"line":64,"column":38}},"12":{"start":{"line":66,"column":4},"end":{"line":68,"column":48}},"13":{"start":{"line":70,"column":2},"end":{"line":79,"column":4}},"14":{"start":{"line":85,"column":26},"end":{"line":85,"column":66}},"15":{"start":{"line":86,"column":17},"end":{"line":86,"column":40}},"16":{"start":{"line":88,"column":26},"end":{"line":93,"column":4}},"17":{"start":{"line":95,"column":2},"end":{"line":97,"column":3}},"18":{"start":{"line":96,"column":4},"end":{"line":96,"column":35}},"19":{"start":{"line":99,"column":18},"end":{"line":99,"column":54}},"20":{"start":{"line":100,"column":24},"end":{"line":102,"column":3}},"21":{"start":{"line":104,"column":2},"end":{"line":106,"column":3}},"22":{"start":{"line":105,"column":4},"end":{"line":105,"column":83}},"23":{"start":{"line":108,"column":2},"end":{"line":108,"column":23}}},"fnMap":{"0":{"name":"normalizeSubmitParkingRatingInput","decl":{"start":{"line":25,"column":16},"end":{"line":25,"column":49}},"loc":{"start":{"line":27,"column":2},"end":{"line":46,"column":1}},"line":27},"1":{"name":"mapRawParkingRatingSummary","decl":{"start":{"line":48,"column":9},"end":{"line":48,"column":35}},"loc":{"start":{"line":50,"column":31},"end":{"line":80,"column":1}},"line":50},"2":{"name":"submitParkingRating","decl":{"start":{"line":82,"column":22},"end":{"line":82,"column":41}},"loc":{"start":{"line":84,"column":33},"end":{"line":109,"column":1}},"line":84}},"branchMap":{"0":{"loc":{"start":{"line":31,"column":2},"end":{"line":33,"column":3}},"type":"if","locations":[{"start":{"line":31,"column":2},"end":{"line":33,"column":3}},{"start":{},"end":{}}],"line":31},"1":{"loc":{"start":{"line":35,"column":2},"end":{"line":37,"column":3}},"type":"if","locations":[{"start":{"line":35,"column":2},"end":{"line":37,"column":3}},{"start":{},"end":{}}],"line":35},"2":{"loc":{"start":{"line":44,"column":6},"end":{"line":44,"column":70}},"type":"binary-expr","locations":[{"start":{"line":44,"column":6},"end":{"line":44,"column":43}},{"start":{"line":44,"column":47},"end":{"line":44,"column":70}}],"line":44},"3":{"loc":{"start":{"line":53,"column":4},"end":{"line":55,"column":33}},"type":"cond-expr","locations":[{"start":{"line":54,"column":8},"end":{"line":54,"column":12}},{"start":{"line":55,"column":8},"end":{"line":55,"column":33}}],"line":53},"4":{"loc":{"start":{"line":53,"column":4},"end":{"line":53,"column":65}},"type":"binary-expr","locations":[{"start":{"line":53,"column":4},"end":{"line":53,"column":30}},{"start":{"line":53,"column":34},"end":{"line":53,"column":65}}],"line":53},"5":{"loc":{"start":{"line":57,"column":2},"end":{"line":59,"column":3}},"type":"if","locations":[{"start":{"line":57,"column":2},"end":{"line":59,"column":3}},{"start":{},"end":{}}],"line":57},"6":{"loc":{"start":{"line":57,"column":6},"end":{"line":57,"column":65}},"type":"binary-expr","locations":[{"start":{"line":57,"column":6},"end":{"line":57,"column":14}},{"start":{"line":57,"column":18},"end":{"line":57,"column":35}},{"start":{"line":57,"column":39},"end":{"line":57,"column":65}}],"line":57},"7":{"loc":{"start":{"line":62,"column":4},"end":{"line":64,"column":38}},"type":"cond-expr","locations":[{"start":{"line":63,"column":8},"end":{"line":63,"column":12}},{"start":{"line":64,"column":8},"end":{"line":64,"column":38}}],"line":62},"8":{"loc":{"start":{"line":62,"column":4},"end":{"line":62,"column":75}},"type":"binary-expr","locations":[{"start":{"line":62,"column":4},"end":{"line":62,"column":35}},{"start":{"line":62,"column":39},"end":{"line":62,"column":75}}],"line":62},"9":{"loc":{"start":{"line":66,"column":4},"end":{"line":68,"column":48}},"type":"cond-expr","locations":[{"start":{"line":67,"column":8},"end":{"line":67,"column":9}},{"start":{"line":68,"column":8},"end":{"line":68,"column":48}}],"line":66},"10":{"loc":{"start":{"line":66,"column":4},"end":{"line":66,"column":71}},"type":"binary-expr","locations":[{"start":{"line":66,"column":4},"end":{"line":66,"column":33}},{"start":{"line":66,"column":37},"end":{"line":66,"column":71}}],"line":66},"11":{"loc":{"start":{"line":73,"column":6},"end":{"line":75,"column":23}},"type":"cond-expr","locations":[{"start":{"line":74,"column":10},"end":{"line":74,"column":14}},{"start":{"line":75,"column":10},"end":{"line":75,"column":23}}],"line":73},"12":{"loc":{"start":{"line":73,"column":6},"end":{"line":73,"column":63}},"type":"binary-expr","locations":[{"start":{"line":73,"column":6},"end":{"line":73,"column":28}},{"start":{"line":73,"column":32},"end":{"line":73,"column":63}}],"line":73},"13":{"loc":{"start":{"line":76,"column":17},"end":{"line":76,"column":63}},"type":"cond-expr","locations":[{"start":{"line":76,"column":48},"end":{"line":76,"column":59}},{"start":{"line":76,"column":62},"end":{"line":76,"column":63}}],"line":76},"14":{"loc":{"start":{"line":95,"column":2},"end":{"line":97,"column":3}},"type":"if","locations":[{"start":{"line":95,"column":2},"end":{"line":97,"column":3}},{"start":{},"end":{}}],"line":95},"15":{"loc":{"start":{"line":99,"column":18},"end":{"line":99,"column":54}},"type":"cond-expr","locations":[{"start":{"line":99,"column":40},"end":{"line":99,"column":47}},{"start":{"line":99,"column":50},"end":{"line":99,"column":54}}],"line":99},"16":{"loc":{"start":{"line":101,"column":4},"end":{"line":101,"column":53}},"type":"binary-expr","locations":[{"start":{"line":101,"column":5},"end":{"line":101,"column":46}},{"start":{"line":101,"column":51},"end":{"line":101,"column":53}}],"line":101},"17":{"loc":{"start":{"line":104,"column":2},"end":{"line":106,"column":3}},"type":"if","locations":[{"start":{"line":104,"column":2},"end":{"line":106,"column":3}},{"start":{},"end":{}}],"line":104}},"s":{"0":9,"1":9,"2":9,"3":1,"4":8,"5":1,"6":7,"7":5,"8":5,"9":5,"10":2,"11":3,"12":3,"13":3,"14":6,"15":6,"16":6,"17":6,"18":1,"19":5,"20":5,"21":5,"22":2,"23":3},"f":{"0":9,"1":5,"2":6},"b":{"0":[1,8],"1":[1,7],"2":[7,7],"3":[2,3],"4":[5,5],"5":[2,3],"6":[5,4,3],"7":[1,2],"8":[3,2],"9":[1,2],"10":[3,2],"11":[2,1],"12":[3,2],"13":[2,1],"14":[1,5],"15":[2,3],"16":[5,1],"17":[2,3]},"_coverageSchema":"1a1c01bbd47fc00a2c39e90264f33305004495a9","hash":"d25d26df4b2a168d298fc1c5a5af36e431744e2d"}
,"C:\\Users\\adria\\Documents\\UP\\Semestre 10\\Ing Proyectos Tecnologicos\\ParkPulse\\src\\lib\\reports.ts": {"path":"C:\\Users\\adria\\Documents\\UP\\Semestre 10\\Ing Proyectos Tecnologicos\\ParkPulse\\src\\lib\\reports.ts","statementMap":{"0":{"start":{"line":46,"column":22},"end":{"line":57,"column":12}},"1":{"start":{"line":59,"column":29},"end":{"line":69,"column":12}},"2":{"start":{"line":71,"column":47},"end":{"line":98,"column":1}},"3":{"start":{"line":101,"column":2},"end":{"line":101,"column":44}},"4":{"start":{"line":107,"column":18},"end":{"line":107,"column":48}},"5":{"start":{"line":108,"column":20},"end":{"line":108,"column":52}},"6":{"start":{"line":109,"column":17},"end":{"line":109,"column":59}},"7":{"start":{"line":110,"column":17},"end":{"line":110,"column":51}},"8":{"start":{"line":112,"column":2},"end":{"line":114,"column":3}},"9":{"start":{"line":113,"column":4},"end":{"line":113,"column":70}},"10":{"start":{"line":116,"column":2},"end":{"line":118,"column":3}},"11":{"start":{"line":117,"column":4},"end":{"line":117,"column":58}},"12":{"start":{"line":120,"column":2},"end":{"line":122,"column":3}},"13":{"start":{"line":121,"column":4},"end":{"line":121,"column":75}},"14":{"start":{"line":124,"column":2},"end":{"line":135,"column":4}},"15":{"start":{"line":139,"column":2},"end":{"line":143,"column":4}},"16":{"start":{"line":142,"column":47},"end":{"line":142,"column":60}},"17":{"start":{"line":153,"column":20},"end":{"line":160,"column":3}},"18":{"start":{"line":154,"column":22},"end":{"line":154,"column":75}},"19":{"start":{"line":155,"column":24},"end":{"line":155,"column":79}},"20":{"start":{"line":157,"column":4},"end":{"line":159,"column":20}},"21":{"start":{"line":162,"column":17},"end":{"line":162,"column":47}},"22":{"start":{"line":164,"column":2},"end":{"line":177,"column":3}},"23":{"start":{"line":165,"column":4},"end":{"line":168,"column":5}},"24":{"start":{"line":166,"column":6},"end":{"line":166,"column":61}},"25":{"start":{"line":167,"column":6},"end":{"line":167,"column":16}},"26":{"start":{"line":170,"column":25},"end":{"line":170,"column":62}},"27":{"start":{"line":171,"column":4},"end":{"line":174,"column":5}},"28":{"start":{"line":172,"column":6},"end":{"line":172,"column":66}},"29":{"start":{"line":173,"column":6},"end":{"line":173,"column":16}},"30":{"start":{"line":176,"column":4},"end":{"line":176,"column":83}},"31":{"start":{"line":179,"column":2},"end":{"line":179,"column":75}},"32":{"start":{"line":183,"column":17},"end":{"line":183,"column":84}},"33":{"start":{"line":184,"column":2},"end":{"line":184,"column":27}},"34":{"start":{"line":184,"column":15},"end":{"line":184,"column":27}},"35":{"start":{"line":186,"column":20},"end":{"line":186,"column":65}},"36":{"start":{"line":188,"column":2},"end":{"line":200,"column":4}},"37":{"start":{"line":204,"column":17},"end":{"line":204,"column":36}},"38":{"start":{"line":205,"column":2},"end":{"line":205,"column":75}},"39":{"start":{"line":205,"column":15},"end":{"line":205,"column":75}},"40":{"start":{"line":207,"column":2},"end":{"line":213,"column":4}},"41":{"start":{"line":220,"column":28},"end":{"line":220,"column":52}},"42":{"start":{"line":221,"column":2},"end":{"line":221,"column":36}},"43":{"start":{"line":221,"column":26},"end":{"line":221,"column":36}},"44":{"start":{"line":223,"column":17},"end":{"line":223,"column":36}},"45":{"start":{"line":224,"column":2},"end":{"line":228,"column":3}},"46":{"start":{"line":225,"column":4},"end":{"line":227,"column":39}},"47":{"start":{"line":226,"column":26},"end":{"line":226,"column":62}},"48":{"start":{"line":230,"column":2},"end":{"line":236,"column":4}},"49":{"start":{"line":242,"column":26},"end":{"line":242,"column":66}},"50":{"start":{"line":243,"column":17},"end":{"line":243,"column":40}},"51":{"start":{"line":245,"column":26},"end":{"line":254,"column":4}},"52":{"start":{"line":256,"column":2},"end":{"line":258,"column":3}},"53":{"start":{"line":257,"column":4},"end":{"line":257,"column":35}},"54":{"start":{"line":260,"column":24},"end":{"line":260,"column":60}},"55":{"start":{"line":261,"column":23},"end":{"line":261,"column":85}},"56":{"start":{"line":263,"column":2},"end":{"line":265,"column":3}},"57":{"start":{"line":264,"column":4},"end":{"line":264,"column":65}},"58":{"start":{"line":267,"column":2},"end":{"line":267,"column":22}}},"fnMap":{"0":{"name":"isMissingSchemaFieldError","decl":{"start":{"line":100,"column":9},"end":{"line":100,"column":34}},"loc":{"start":{"line":100,"column":52},"end":{"line":102,"column":1}},"line":100},"1":{"name":"normalizeSubmitParkingReportInput","decl":{"start":{"line":104,"column":16},"end":{"line":104,"column":49}},"loc":{"start":{"line":106,"column":2},"end":{"line":136,"column":1}},"line":106},"2":{"name":"mapReportRows","decl":{"start":{"line":138,"column":9},"end":{"line":138,"column":22}},"loc":{"start":{"line":138,"column":73},"end":{"line":144,"column":1}},"line":138},"3":{"name":"(anonymous_3)","decl":{"start":{"line":142,"column":14},"end":{"line":142,"column":15}},"loc":{"start":{"line":142,"column":47},"end":{"line":142,"column":60}},"line":142},"4":{"name":"readReportFeed","decl":{"start":{"line":146,"column":15},"end":{"line":146,"column":29}},"loc":{"start":{"line":152,"column":28},"end":{"line":180,"column":1}},"line":152},"5":{"name":"(anonymous_5)","decl":{"start":{"line":153,"column":20},"end":{"line":153,"column":21}},"loc":{"start":{"line":153,"column":52},"end":{"line":160,"column":3}},"line":153},"6":{"name":"mapRawReport","decl":{"start":{"line":182,"column":9},"end":{"line":182,"column":21}},"loc":{"start":{"line":182,"column":70},"end":{"line":201,"column":1}},"line":182},"7":{"name":"fetchRecentReports","decl":{"start":{"line":203,"column":22},"end":{"line":203,"column":40}},"loc":{"start":{"line":203,"column":78},"end":{"line":214,"column":1}},"line":203},"8":{"name":"fetchReportsForPlace","decl":{"start":{"line":216,"column":22},"end":{"line":216,"column":42}},"loc":{"start":{"line":219,"column":28},"end":{"line":237,"column":1}},"line":219},"9":{"name":"(anonymous_9)","decl":{"start":{"line":226,"column":14},"end":{"line":226,"column":15}},"loc":{"start":{"line":226,"column":26},"end":{"line":226,"column":62}},"line":226},"10":{"name":"submitParkingReport","decl":{"start":{"line":239,"column":22},"end":{"line":239,"column":41}},"loc":{"start":{"line":241,"column":26},"end":{"line":268,"column":1}},"line":241}},"branchMap":{"0":{"loc":{"start":{"line":112,"column":2},"end":{"line":114,"column":3}},"type":"if","locations":[{"start":{"line":112,"column":2},"end":{"line":114,"column":3}},{"start":{},"end":{}}],"line":112},"1":{"loc":{"start":{"line":112,"column":6},"end":{"line":112,"column":28}},"type":"binary-expr","locations":[{"start":{"line":112,"column":6},"end":{"line":112,"column":14}},{"start":{"line":112,"column":18},"end":{"line":112,"column":28}}],"line":112},"2":{"loc":{"start":{"line":116,"column":2},"end":{"line":118,"column":3}},"type":"if","locations":[{"start":{"line":116,"column":2},"end":{"line":118,"column":3}},{"start":{},"end":{}}],"line":116},"3":{"loc":{"start":{"line":120,"column":2},"end":{"line":122,"column":3}},"type":"if","locations":[{"start":{"line":120,"column":2},"end":{"line":122,"column":3}},{"start":{},"end":{}}],"line":120},"4":{"loc":{"start":{"line":120,"column":6},"end":{"line":120,"column":76}},"type":"binary-expr","locations":[{"start":{"line":120,"column":6},"end":{"line":120,"column":27}},{"start":{"line":120,"column":31},"end":{"line":120,"column":57}},{"start":{"line":120,"column":61},"end":{"line":120,"column":76}}],"line":120},"5":{"loc":{"start":{"line":130,"column":6},"end":{"line":130,"column":73}},"type":"binary-expr","locations":[{"start":{"line":130,"column":6},"end":{"line":130,"column":46}},{"start":{"line":130,"column":50},"end":{"line":130,"column":73}}],"line":130},"6":{"loc":{"start":{"line":140,"column":4},"end":{"line":142,"column":67}},"type":"binary-expr","locations":[{"start":{"line":140,"column":4},"end":{"line":142,"column":61}},{"start":{"line":142,"column":65},"end":{"line":142,"column":67}}],"line":140},"7":{"loc":{"start":{"line":155,"column":24},"end":{"line":155,"column":79}},"type":"cond-expr","locations":[{"start":{"line":155,"column":34},"end":{"line":155,"column":67}},{"start":{"line":155,"column":70},"end":{"line":155,"column":79}}],"line":155},"8":{"loc":{"start":{"line":164,"column":2},"end":{"line":177,"column":3}},"type":"if","locations":[{"start":{"line":164,"column":2},"end":{"line":177,"column":3}},{"start":{},"end":{}}],"line":164},"9":{"loc":{"start":{"line":165,"column":4},"end":{"line":168,"column":5}},"type":"if","locations":[{"start":{"line":165,"column":4},"end":{"line":168,"column":5}},{"start":{},"end":{}}],"line":165},"10":{"loc":{"start":{"line":171,"column":4},"end":{"line":174,"column":5}},"type":"if","locations":[{"start":{"line":171,"column":4},"end":{"line":174,"column":5}},{"start":{},"end":{}}],"line":171},"11":{"loc":{"start":{"line":176,"column":25},"end":{"line":176,"column":81}},"type":"binary-expr","locations":[{"start":{"line":176,"column":26},"end":{"line":176,"column":72}},{"start":{"line":176,"column":77},"end":{"line":176,"column":81}}],"line":176},"12":{"loc":{"start":{"line":179,"column":23},"end":{"line":179,"column":73}},"type":"binary-expr","locations":[{"start":{"line":179,"column":24},"end":{"line":179,"column":64}},{"start":{"line":179,"column":69},"end":{"line":179,"column":73}}],"line":179},"13":{"loc":{"start":{"line":183,"column":46},"end":{"line":183,"column":83}},"type":"binary-expr","locations":[{"start":{"line":183,"column":46},"end":{"line":183,"column":59}},{"start":{"line":183,"column":63},"end":{"line":183,"column":83}}],"line":183},"14":{"loc":{"start":{"line":184,"column":2},"end":{"line":184,"column":27}},"type":"if","locations":[{"start":{"line":184,"column":2},"end":{"line":184,"column":27}},{"start":{},"end":{}}],"line":184},"15":{"loc":{"start":{"line":186,"column":20},"end":{"line":186,"column":65}},"type":"binary-expr","locations":[{"start":{"line":186,"column":20},"end":{"line":186,"column":37}},{"start":{"line":186,"column":41},"end":{"line":186,"column":65}}],"line":186},"16":{"loc":{"start":{"line":189,"column":15},"end":{"line":189,"column":49}},"type":"binary-expr","locations":[{"start":{"line":189,"column":15},"end":{"line":189,"column":24}},{"start":{"line":189,"column":28},"end":{"line":189,"column":49}}],"line":189},"17":{"loc":{"start":{"line":190,"column":20},"end":{"line":190,"column":54}},"type":"binary-expr","locations":[{"start":{"line":190,"column":20},"end":{"line":190,"column":35}},{"start":{"line":190,"column":39},"end":{"line":190,"column":54}}],"line":190},"18":{"loc":{"start":{"line":191,"column":15},"end":{"line":191,"column":70}},"type":"binary-expr","locations":[{"start":{"line":191,"column":15},"end":{"line":191,"column":49}},{"start":{"line":191,"column":53},"end":{"line":191,"column":70}}],"line":191},"19":{"loc":{"start":{"line":195,"column":15},"end":{"line":195,"column":40}},"type":"binary-expr","locations":[{"start":{"line":195,"column":15},"end":{"line":195,"column":32}},{"start":{"line":195,"column":36},"end":{"line":195,"column":40}}],"line":195},"20":{"loc":{"start":{"line":197,"column":20},"end":{"line":197,"column":51}},"type":"binary-expr","locations":[{"start":{"line":197,"column":20},"end":{"line":197,"column":43}},{"start":{"line":197,"column":47},"end":{"line":197,"column":51}}],"line":197},"21":{"loc":{"start":{"line":203,"column":41},"end":{"line":203,"column":50}},"type":"default-arg","locations":[{"start":{"line":203,"column":49},"end":{"line":203,"column":50}}],"line":203},"22":{"loc":{"start":{"line":205,"column":2},"end":{"line":205,"column":75}},"type":"if","locations":[{"start":{"line":205,"column":2},"end":{"line":205,"column":75}},{"start":{},"end":{}}],"line":205},"23":{"loc":{"start":{"line":218,"column":2},"end":{"line":218,"column":12}},"type":"default-arg","locations":[{"start":{"line":218,"column":10},"end":{"line":218,"column":12}}],"line":218},"24":{"loc":{"start":{"line":221,"column":2},"end":{"line":221,"column":36}},"type":"if","locations":[{"start":{"line":221,"column":2},"end":{"line":221,"column":36}},{"start":{},"end":{}}],"line":221},"25":{"loc":{"start":{"line":224,"column":2},"end":{"line":228,"column":3}},"type":"if","locations":[{"start":{"line":224,"column":2},"end":{"line":228,"column":3}},{"start":{},"end":{}}],"line":224},"26":{"loc":{"start":{"line":256,"column":2},"end":{"line":258,"column":3}},"type":"if","locations":[{"start":{"line":256,"column":2},"end":{"line":258,"column":3}},{"start":{},"end":{}}],"line":256},"27":{"loc":{"start":{"line":260,"column":24},"end":{"line":260,"column":60}},"type":"cond-expr","locations":[{"start":{"line":260,"column":46},"end":{"line":260,"column":53}},{"start":{"line":260,"column":56},"end":{"line":260,"column":60}}],"line":260},"28":{"loc":{"start":{"line":261,"column":36},"end":{"line":261,"column":84}},"type":"binary-expr","locations":[{"start":{"line":261,"column":37},"end":{"line":261,"column":77}},{"start":{"line":261,"column":82},"end":{"line":261,"column":84}}],"line":261},"29":{"loc":{"start":{"line":263,"column":2},"end":{"line":265,"column":3}},"type":"if","locations":[{"start":{"line":263,"column":2},"end":{"line":265,"column":3}},{"start":{},"end":{}}],"line":263}},"s":{"0":1,"1":1,"2":1,"3":8,"4":9,"5":9,"6":9,"7":9,"8":9,"9":1,"10":8,"11":1,"12":7,"13":1,"14":6,"15":9,"16":6,"17":13,"18":19,"19":19,"20":19,"21":13,"22":13,"23":8,"24":2,"25":2,"26":6,"27":6,"28":2,"29":2,"30":4,"31":5,"32":10,"33":10,"34":3,"35":7,"36":7,"37":8,"38":8,"39":1,"40":7,"41":8,"42":8,"43":1,"44":7,"45":7,"46":1,"47":2,"48":6,"49":5,"50":5,"51":5,"52":5,"53":1,"54":4,"55":4,"56":4,"57":2,"58":2},"f":{"0":8,"1":9,"2":9,"3":6,"4":13,"5":19,"6":10,"7":8,"8":8,"9":2,"10":5},"b":{"0":[1,8],"1":[9,8],"2":[1,7],"3":[1,6],"4":[7,7,2],"5":[6,6],"6":[9,4],"7":[9,10],"8":[8,5],"9":[2,6],"10":[2,4],"11":[4,2],"12":[5,2],"13":[10,2],"14":[3,7],"15":[7,2],"16":[7,1],"17":[7,1],"18":[7,2],"19":[7,7],"20":[7,7],"21":[1],"22":[1,7],"23":[1],"24":[1,7],"25":[1,6],"26":[1,4],"27":[2,2],"28":[4,1],"29":[2,2]},"_coverageSchema":"1a1c01bbd47fc00a2c39e90264f33305004495a9","hash":"ef8b7d9f0ad5f6a8db4dc4548ffcfabe8a50a677"}
,"C:\\Users\\adria\\Documents\\UP\\Semestre 10\\Ing Proyectos Tecnologicos\\ParkPulse\\src\\lib\\supabase.ts": {"path":"C:\\Users\\adria\\Documents\\UP\\Semestre 10\\Ing Proyectos Tecnologicos\\ParkPulse\\src\\lib\\supabase.ts","statementMap":{"0":{"start":{"line":4,"column":20},"end":{"line":4,"column":56}},"1":{"start":{"line":5,"column":24},"end":{"line":5,"column":65}},"2":{"start":{"line":7,"column":36},"end":{"line":7,"column":75}},"3":{"start":{"line":9,"column":24},"end":{"line":18,"column":8}},"4":{"start":{"line":21,"column":2},"end":{"line":21,"column":18}},"5":{"start":{"line":25,"column":2},"end":{"line":29,"column":3}},"6":{"start":{"line":26,"column":4},"end":{"line":28,"column":6}},"7":{"start":{"line":31,"column":2},"end":{"line":31,"column":18}}},"fnMap":{"0":{"name":"getSupabaseClient","decl":{"start":{"line":20,"column":16},"end":{"line":20,"column":33}},"loc":{"start":{"line":20,"column":36},"end":{"line":22,"column":1}},"line":20},"1":{"name":"requireSupabaseClient","decl":{"start":{"line":24,"column":16},"end":{"line":24,"column":37}},"loc":{"start":{"line":24,"column":40},"end":{"line":32,"column":1}},"line":24}},"branchMap":{"0":{"loc":{"start":{"line":7,"column":44},"end":{"line":7,"column":74}},"type":"binary-expr","locations":[{"start":{"line":7,"column":44},"end":{"line":7,"column":55}},{"start":{"line":7,"column":59},"end":{"line":7,"column":74}}],"line":7},"1":{"loc":{"start":{"line":9,"column":24},"end":{"line":18,"column":8}},"type":"cond-expr","locations":[{"start":{"line":10,"column":4},"end":{"line":17,"column":6}},{"start":{"line":18,"column":4},"end":{"line":18,"column":8}}],"line":9},"2":{"loc":{"start":{"line":25,"column":2},"end":{"line":29,"column":3}},"type":"if","locations":[{"start":{"line":25,"column":2},"end":{"line":29,"column":3}},{"start":{},"end":{}}],"line":25}},"s":{"0":2,"1":2,"2":2,"3":2,"4":2,"5":2,"6":1,"7":1},"f":{"0":2,"1":2},"b":{"0":[2,1],"1":[1,1],"2":[1,1]},"_coverageSchema":"1a1c01bbd47fc00a2c39e90264f33305004495a9","hash":"67918e4a96a7b32d508b33c7f70d0abf7444b168"}
}
