TN:
SF:src\lib\auth.ts
FN:44,mapAuthUser
FN:58,readPassword
FN:63,validateEmail
FN:67,validatePhone
FN:74,validatePassword
FN:83,normalizeSignInInput
FN:101,normalizeSignUpInput
FN:133,getCurrentAuthUser
FN:145,subscribeToAuthChanges
FN:150,(anonymous_9)
FN:155,(anonymous_10)
FN:159,(anonymous_11)
FN:164,signInWithPassword
FN:187,signUpWithPassword
FN:219,signOutCurrentUser
FNF:15
FNH:15
FNDA:10,mapAuthUser
FNDA:23,readPassword
FNDA:22,validateEmail
FNDA:13,validatePhone
FNDA:10,validatePassword
FNDA:8,normalizeSignInInput
FNDA:15,normalizeSignUpInput
FNDA:4,getCurrentAuthUser
FNDA:2,subscribeToAuthChanges
FNDA:1,(anonymous_9)
FNDA:2,(anonymous_10)
FNDA:1,(anonymous_11)
FNDA:4,signInWithPassword
FNDA:4,signUpWithPassword
FNDA:2,signOutCurrentUser
DA:38,1
DA:39,1
DA:40,1
DA:41,1
DA:42,1
DA:45,10
DA:46,10
DA:48,10
DA:50,6
DA:59,23
DA:60,22
DA:64,22
DA:68,13
DA:70,12
DA:71,12
DA:75,10
DA:76,9
DA:77,8
DA:78,7
DA:79,6
DA:80,5
DA:84,8
DA:85,8
DA:87,8
DA:88,1
DA:91,7
DA:92,2
DA:95,5
DA:102,15
DA:103,15
DA:104,15
DA:105,15
DA:107,15
DA:108,1
DA:111,14
DA:112,1
DA:115,13
DA:116,3
DA:119,10
DA:120,5
DA:125,5
DA:134,4
DA:135,4
DA:137,3
DA:138,3
DA:139,1
DA:142,2
DA:148,2
DA:149,2
DA:150,1
DA:155,1
DA:156,2
DA:159,1
DA:160,1
DA:167,4
DA:168,4
DA:170,4
DA:175,4
DA:176,1
DA:179,3
DA:180,3
DA:181,1
DA:184,2
DA:190,4
DA:191,4
DA:193,4
DA:204,4
DA:205,1
DA:208,3
DA:209,3
DA:210,1
DA:213,2
DA:220,2
DA:221,2
DA:223,2
DA:224,1
LF:76
LH:76
BRDA:48,0,0,4
BRDA:48,0,1,6
BRDA:48,1,0,10
BRDA:48,1,1,6
BRDA:54,2,0,6
BRDA:54,2,1,5
BRDA:59,3,0,1
BRDA:59,3,1,22
BRDA:64,4,0,22
BRDA:64,4,1,22
BRDA:68,5,0,1
BRDA:68,5,1,12
BRDA:70,6,0,12
BRDA:70,6,1,1
BRDA:71,7,0,12
BRDA:71,7,1,10
BRDA:75,8,0,1
BRDA:75,8,1,9
BRDA:76,9,0,1
BRDA:76,9,1,8
BRDA:76,10,0,9
BRDA:76,10,1,8
BRDA:77,11,0,1
BRDA:77,11,1,7
BRDA:78,12,0,1
BRDA:78,12,1,6
BRDA:79,13,0,1
BRDA:79,13,1,5
BRDA:87,14,0,1
BRDA:87,14,1,7
BRDA:87,15,0,8
BRDA:87,15,1,8
BRDA:91,16,0,2
BRDA:91,16,1,5
BRDA:107,17,0,1
BRDA:107,17,1,14
BRDA:111,18,0,1
BRDA:111,18,1,13
BRDA:111,19,0,14
BRDA:111,19,1,14
BRDA:115,20,0,3
BRDA:115,20,1,10
BRDA:119,21,0,5
BRDA:119,21,1,5
BRDA:135,22,0,1
BRDA:135,22,1,3
BRDA:138,23,0,1
BRDA:138,23,1,2
BRDA:149,24,0,1
BRDA:149,24,1,1
BRDA:175,25,0,1
BRDA:175,25,1,3
BRDA:180,26,0,1
BRDA:180,26,1,2
BRDA:204,27,0,1
BRDA:204,27,1,3
BRDA:209,28,0,1
BRDA:209,28,1,2
BRDA:223,29,0,1
BRDA:223,29,1,1
BRF:60
BRH:60
end_of_record
TN:
SF:src\lib\communitySession.ts
FN:5,buildCommunitySessionId
FN:16,getCommunitySessionId
FN:24,resetCommunitySessionIdForTests
FNF:3
FNH:3
FNDA:4,buildCommunitySessionId
FNDA:4,getCommunitySessionId
FNDA:4,resetCommunitySessionIdForTests
DA:1,1
DA:3,1
DA:9,4
DA:13,4
DA:17,4
DA:18,3
DA:21,4
DA:25,4
LF:8
LH:8
BRDA:6,0,0,3
BRDA:7,1,0,3
BRDA:17,2,0,3
BRDA:17,2,1,1
BRF:4
BRH:4
end_of_record
TN:
SF:src\lib\parkingPresentation.ts
FN:3,formatMoneyValue
FN:8,formatCostSummary
FN:37,formatCapacitySummary
FN:54,formatRatingSummary
FN:65,formatReportVolumeSummary
FNF:5
FNH:5
FNDA:71,formatMoneyValue
FNDA:42,formatCostSummary
FNDA:38,formatCapacitySummary
FNDA:35,formatRatingSummary
FNDA:28,formatReportVolumeSummary
DA:4,71
DA:5,71
DA:12,42
DA:14,41
DA:15,41
DA:16,41
DA:18,41
DA:19,35
DA:20,34
DA:23,6
DA:24,5
DA:26,4
DA:27,2
DA:30,2
DA:31,1
DA:34,1
DA:41,38
DA:42,38
DA:44,38
DA:45,35
DA:46,34
DA:49,3
DA:50,2
DA:51,1
DA:58,35
DA:59,4
DA:62,31
DA:69,28
DA:70,25
DA:71,24
LF:30
LH:30
BRDA:5,0,0,70
BRDA:5,0,1,1
BRDA:12,1,0,1
BRDA:12,1,1,41
BRDA:14,2,0,41
BRDA:14,2,1,1
BRDA:18,3,0,35
BRDA:18,3,1,6
BRDA:18,4,0,41
BRDA:18,4,1,36
BRDA:19,5,0,1
BRDA:19,5,1,34
BRDA:23,6,0,1
BRDA:23,6,1,5
BRDA:24,7,0,1
BRDA:24,7,1,4
BRDA:26,8,0,2
BRDA:26,8,1,2
BRDA:27,9,0,2
BRDA:27,9,1,1
BRDA:30,10,0,1
BRDA:30,10,1,1
BRDA:31,11,0,1
BRDA:31,11,1,1
BRDA:34,12,0,1
BRDA:34,12,1,1
BRDA:44,13,0,35
BRDA:44,13,1,3
BRDA:44,14,0,38
BRDA:44,14,1,36
BRDA:45,15,0,1
BRDA:45,15,1,34
BRDA:49,16,0,1
BRDA:49,16,1,2
BRDA:50,17,0,1
BRDA:50,17,1,1
BRDA:58,18,0,4
BRDA:58,18,1,31
BRDA:58,19,0,35
BRDA:58,19,1,31
BRDA:69,20,0,3
BRDA:69,20,1,25
BRDA:70,21,0,1
BRDA:70,21,1,24
BRF:44
BRH:44
end_of_record
TN:
SF:src\lib\parkingShared.ts
FN:57,toTrimmedString
FN:64,toNumber
FN:74,toInteger
FN:81,normalizeParkingStatus
FN:93,normalizeParkingReportStatus
FN:100,normalizeCostType
FN:110,normalizeCapacityConfidence
FN:120,normalizeAccessType
FN:130,normalizeCurrencyCode
FN:138,normalizeRatingValue
FN:145,clampLimit
FNF:11
FNH:11
FNDA:320,toTrimmedString
FNDA:199,toNumber
FNDA:86,toInteger
FNDA:35,normalizeParkingStatus
FNDA:21,normalizeParkingReportStatus
FNDA:20,normalizeCostType
FNDA:20,normalizeCapacityConfidence
FNDA:20,normalizeAccessType
FNDA:18,normalizeCurrencyCode
FNDA:22,normalizeRatingValue
FNDA:21,clampLimit
DA:58,320
DA:60,174
DA:61,174
DA:65,199
DA:66,151
DA:67,7
DA:68,7
DA:71,145
DA:75,86
DA:76,86
DA:78,8
DA:84,35
DA:85,35
DA:87,33
DA:88,18
DA:89,13
DA:90,5
DA:96,21
DA:97,21
DA:103,20
DA:104,20
DA:105,19
DA:106,18
DA:107,17
DA:113,20
DA:114,20
DA:115,19
DA:116,18
DA:117,17
DA:123,20
DA:124,20
DA:125,19
DA:126,18
DA:127,17
DA:134,18
DA:135,18
DA:139,22
DA:141,14
DA:142,10
DA:146,21
DA:147,18
LF:41
LH:41
BRDA:58,0,0,146
BRDA:58,0,1,174
BRDA:61,1,0,166
BRDA:61,1,1,8
BRDA:65,2,0,48
BRDA:65,2,1,151
BRDA:65,3,0,199
BRDA:65,3,1,49
BRDA:66,4,0,7
BRDA:66,4,1,144
BRDA:66,5,0,151
BRDA:66,5,1,7
BRDA:68,6,0,6
BRDA:68,6,1,1
BRDA:76,7,0,78
BRDA:76,7,1,8
BRDA:85,8,0,2
BRDA:85,8,1,33
BRDA:87,9,0,15
BRDA:87,9,1,18
BRDA:87,10,0,33
BRDA:87,10,1,19
BRDA:88,11,0,5
BRDA:88,11,1,13
BRDA:88,12,0,18
BRDA:88,12,1,14
BRDA:89,13,0,8
BRDA:89,13,1,5
BRDA:89,14,0,13
BRDA:89,14,1,6
BRDA:97,15,0,5
BRDA:97,15,1,16
BRDA:104,16,0,1
BRDA:104,16,1,19
BRDA:104,17,0,20
BRDA:104,17,1,20
BRDA:105,18,0,1
BRDA:105,18,1,18
BRDA:105,19,0,19
BRDA:105,19,1,19
BRDA:106,20,0,1
BRDA:106,20,1,17
BRDA:106,21,0,18
BRDA:106,21,1,18
BRDA:114,22,0,1
BRDA:114,22,1,19
BRDA:115,23,0,1
BRDA:115,23,1,18
BRDA:115,24,0,19
BRDA:115,24,1,19
BRDA:116,25,0,1
BRDA:116,25,1,17
BRDA:116,26,0,18
BRDA:116,26,1,18
BRDA:124,27,0,1
BRDA:124,27,1,19
BRDA:124,28,0,20
BRDA:124,28,1,20
BRDA:125,29,0,1
BRDA:125,29,1,18
BRDA:125,30,0,19
BRDA:125,30,1,19
BRDA:126,31,0,1
BRDA:126,31,1,17
BRDA:126,32,0,18
BRDA:126,32,1,18
BRDA:132,33,0,18
BRDA:135,34,0,1
BRDA:135,34,1,17
BRDA:135,35,0,18
BRDA:135,35,1,1
BRDA:139,36,0,8
BRDA:139,36,1,14
BRDA:139,37,0,22
BRDA:139,37,1,14
BRDA:141,38,0,4
BRDA:141,38,1,10
BRDA:141,39,0,14
BRDA:141,39,1,12
BRDA:146,40,0,3
BRDA:146,40,1,18
BRDA:146,41,0,21
BRDA:146,41,1,20
BRF:83
BRH:83
end_of_record
TN:
SF:src\lib\places.ts
FN:215,isMissingSchemaFieldError
FN:219,normalizeCreateParkingPlaceInput
FN:270,mapRawPlace
FN:304,readPlacesFromView
FN:338,readPlacesFromTable
FN:369,fetchPlaces
FN:374,(anonymous_6)
FN:379,fetchPlaceById
FN:385,(anonymous_8)
FN:417,createParkingPlace
FN:455,limitPlaces
FNF:11
FNH:11
FNDA:17,isMissingSchemaFieldError
FNDA:10,normalizeCreateParkingPlaceInput
FNDA:14,mapRawPlace
FNDA:12,readPlacesFromView
FNDA:9,readPlacesFromTable
FNDA:12,fetchPlaces
FNDA:6,(anonymous_6)
FNDA:9,fetchPlaceById
FNDA:4,(anonymous_8)
FNDA:5,createParkingPlace
FNDA:3,limitPlaces
DA:71,1
DA:96,1
DA:108,1
DA:128,1
DA:137,1
DA:216,17
DA:222,10
DA:223,10
DA:224,10
DA:225,10
DA:226,10
DA:227,10
DA:228,10
DA:230,10
DA:231,1
DA:234,9
DA:235,1
DA:238,8
DA:243,1
DA:246,7
DA:247,1
DA:250,6
DA:271,14
DA:272,14
DA:273,14
DA:275,10
DA:305,12
DA:306,12
DA:308,11
DA:313,11
DA:314,8
DA:315,5
DA:316,5
DA:319,3
DA:324,3
DA:325,1
DA:329,1
DA:332,2
DA:335,3
DA:339,9
DA:340,9
DA:342,8
DA:347,8
DA:348,5
DA:349,1
DA:350,1
DA:353,4
DA:358,4
DA:359,1
DA:360,1
DA:363,3
DA:366,3
DA:370,12
DA:372,12
DA:374,6
DA:376,12
DA:380,9
DA:381,9
DA:383,8
DA:384,8
DA:385,4
DA:388,6
DA:394,6
DA:395,4
DA:396,1
DA:397,1
DA:400,3
DA:406,3
DA:407,1
DA:408,1
DA:411,2
DA:414,2
DA:420,5
DA:421,5
DA:423,5
DA:441,5
DA:442,1
DA:445,4
DA:446,4
DA:448,4
DA:449,2
DA:452,2
DA:456,3
LF:83
LH:83
BRDA:230,0,0,1
BRDA:230,0,1,9
BRDA:234,1,0,1
BRDA:234,1,1,8
BRDA:234,2,0,9
BRDA:234,2,1,8
BRDA:238,3,0,1
BRDA:238,3,1,7
BRDA:239,4,0,8
BRDA:239,4,1,2
BRDA:239,4,2,2
BRDA:246,5,0,1
BRDA:246,5,1,6
BRDA:246,6,0,7
BRDA:246,6,1,2
BRDA:246,6,2,2
BRDA:266,7,0,6
BRDA:266,7,1,6
BRDA:271,8,0,14
BRDA:271,8,1,4
BRDA:272,9,0,14
BRDA:272,9,1,4
BRDA:273,10,0,4
BRDA:273,10,1,10
BRDA:273,11,0,14
BRDA:273,11,1,10
BRDA:276,12,0,10
BRDA:276,12,1,1
BRDA:277,13,0,10
BRDA:277,13,1,2
BRDA:283,14,0,10
BRDA:283,14,1,10
BRDA:283,14,2,1
BRDA:285,15,0,10
BRDA:285,15,1,10
BRDA:286,16,0,10
BRDA:286,16,1,10
BRDA:287,17,0,10
BRDA:287,17,1,10
BRDA:288,18,0,10
BRDA:288,18,1,10
BRDA:290,19,0,10
BRDA:290,19,1,9
BRDA:306,20,0,1
BRDA:306,20,1,11
BRDA:313,21,0,8
BRDA:313,21,1,3
BRDA:314,22,0,5
BRDA:314,22,1,3
BRDA:324,23,0,1
BRDA:324,23,1,2
BRDA:332,24,0,2
BRDA:332,24,1,1
BRDA:335,25,0,3
BRDA:335,25,1,1
BRDA:340,26,0,1
BRDA:340,26,1,8
BRDA:347,27,0,5
BRDA:347,27,1,3
BRDA:348,28,0,1
BRDA:348,28,1,4
BRDA:358,29,0,1
BRDA:358,29,1,3
BRDA:363,30,0,3
BRDA:363,30,1,2
BRDA:366,31,0,3
BRDA:366,31,1,1
BRDA:370,32,0,12
BRDA:370,32,1,9
BRDA:376,33,0,6
BRDA:376,33,1,6
BRDA:376,34,0,12
BRDA:376,34,1,6
BRDA:381,35,0,1
BRDA:381,35,1,8
BRDA:384,36,0,2
BRDA:384,36,1,6
BRDA:385,37,0,2
BRDA:385,37,1,1
BRDA:394,38,0,4
BRDA:394,38,1,2
BRDA:395,39,0,1
BRDA:395,39,1,3
BRDA:406,40,0,1
BRDA:406,40,1,2
BRDA:411,41,0,2
BRDA:411,41,1,1
BRDA:414,42,0,2
BRDA:414,42,1,1
BRDA:441,43,0,1
BRDA:441,43,1,4
BRDA:445,44,0,2
BRDA:445,44,1,2
BRDA:446,45,0,4
BRDA:446,45,1,1
BRDA:448,46,0,2
BRDA:448,46,1,2
BRDA:456,47,0,3
BRDA:456,47,1,1
BRF:99
BRH:99
end_of_record
TN:
SF:src\lib\profiles.ts
FN:31,mapRawProfile
FN:48,getAuthenticatedUser
FN:59,fetchCurrentUserProfile
FN:83,upsertCurrentUserProfile
FNF:4
FNH:4
FNDA:7,mapRawProfile
FNDA:8,getAuthenticatedUser
FNDA:7,fetchCurrentUserProfile
FNDA:8,upsertCurrentUserProfile
DA:32,7
DA:33,7
DA:35,7
DA:37,3
DA:49,8
DA:50,8
DA:52,8
DA:53,1
DA:56,7
DA:60,7
DA:61,7
DA:63,6
DA:64,6
DA:65,1
DA:68,5
DA:70,4
DA:76,4
DA:77,1
DA:80,3
DA:86,8
DA:87,8
DA:89,7
DA:90,1
DA:93,6
DA:94,6
DA:95,1
DA:98,5
DA:107,5
DA:113,5
DA:114,1
DA:117,4
DA:118,4
DA:119,2
DA:122,2
LF:34
LH:34
BRDA:35,0,0,4
BRDA:35,0,1,3
BRDA:35,1,0,7
BRDA:35,1,1,5
BRDA:52,2,0,1
BRDA:52,2,1,7
BRDA:56,3,0,7
BRDA:56,3,1,1
BRDA:61,4,0,1
BRDA:61,4,1,6
BRDA:64,5,0,1
BRDA:64,5,1,5
BRDA:68,6,0,1
BRDA:68,6,1,4
BRDA:76,7,0,1
BRDA:76,7,1,3
BRDA:80,8,0,3
BRDA:80,8,1,1
BRDA:89,9,0,1
BRDA:89,9,1,6
BRDA:93,10,0,6
BRDA:93,10,1,5
BRDA:94,11,0,1
BRDA:94,11,1,5
BRDA:113,12,0,1
BRDA:113,12,1,4
BRDA:117,13,0,4
BRDA:117,13,1,1
BRDA:118,14,0,2
BRDA:118,14,1,2
BRF:30
BRH:30
end_of_record
TN:
SF:src\lib\ratings.ts
FN:25,normalizeSubmitParkingRatingInput
FN:48,mapRawParkingRatingSummary
FN:82,submitParkingRating
FNF:3
FNH:3
FNDA:9,normalizeSubmitParkingRatingInput
FNDA:5,mapRawParkingRatingSummary
FNDA:6,submitParkingRating
DA:28,9
DA:29,9
DA:31,9
DA:32,1
DA:35,8
DA:36,1
DA:39,7
DA:51,5
DA:53,5
DA:57,5
DA:58,2
DA:62,3
DA:66,3
DA:70,3
DA:85,6
DA:86,6
DA:88,6
DA:95,6
DA:96,1
DA:99,5
DA:100,5
DA:104,5
DA:105,2
DA:108,3
LF:24
LH:24
BRDA:31,0,0,1
BRDA:31,0,1,8
BRDA:35,1,0,1
BRDA:35,1,1,7
BRDA:44,2,0,7
BRDA:44,2,1,7
BRDA:53,3,0,2
BRDA:53,3,1,3
BRDA:53,4,0,5
BRDA:53,4,1,5
BRDA:57,5,0,2
BRDA:57,5,1,3
BRDA:57,6,0,5
BRDA:57,6,1,4
BRDA:57,6,2,3
BRDA:62,7,0,1
BRDA:62,7,1,2
BRDA:62,8,0,3
BRDA:62,8,1,2
BRDA:66,9,0,1
BRDA:66,9,1,2
BRDA:66,10,0,3
BRDA:66,10,1,2
BRDA:73,11,0,2
BRDA:73,11,1,1
BRDA:73,12,0,3
BRDA:73,12,1,2
BRDA:76,13,0,2
BRDA:76,13,1,1
BRDA:95,14,0,1
BRDA:95,14,1,5
BRDA:99,15,0,2
BRDA:99,15,1,3
BRDA:101,16,0,5
BRDA:101,16,1,1
BRDA:104,17,0,2
BRDA:104,17,1,3
BRF:37
BRH:37
end_of_record
TN:
SF:src\lib\reports.ts
FN:100,isMissingSchemaFieldError
FN:104,normalizeSubmitParkingReportInput
FN:138,mapReportRows
FN:142,(anonymous_3)
FN:146,readReportFeed
FN:153,(anonymous_5)
FN:182,mapRawReport
FN:203,fetchRecentReports
FN:216,fetchReportsForPlace
FN:226,(anonymous_9)
FN:239,submitParkingReport
FNF:11
FNH:11
FNDA:8,isMissingSchemaFieldError
FNDA:9,normalizeSubmitParkingReportInput
FNDA:9,mapReportRows
FNDA:6,(anonymous_3)
FNDA:13,readReportFeed
FNDA:19,(anonymous_5)
FNDA:10,mapRawReport
FNDA:8,fetchRecentReports
FNDA:8,fetchReportsForPlace
FNDA:2,(anonymous_9)
FNDA:5,submitParkingReport
DA:46,1
DA:59,1
DA:71,1
DA:101,8
DA:107,9
DA:108,9
DA:109,9
DA:110,9
DA:112,9
DA:113,1
DA:116,8
DA:117,1
DA:120,7
DA:121,1
DA:124,6
DA:139,9
DA:142,6
DA:153,13
DA:154,19
DA:155,19
DA:157,19
DA:162,13
DA:164,13
DA:165,8
DA:166,2
DA:167,2
DA:170,6
DA:171,6
DA:172,2
DA:173,2
DA:176,4
DA:179,5
DA:183,10
DA:184,10
DA:186,7
DA:188,7
DA:204,8
DA:205,8
DA:207,7
DA:220,8
DA:221,8
DA:223,7
DA:224,7
DA:225,1
DA:226,2
DA:230,6
DA:242,5
DA:243,5
DA:245,5
DA:256,5
DA:257,1
DA:260,4
DA:261,4
DA:263,4
DA:264,2
DA:267,2
LF:56
LH:56
BRDA:112,0,0,1
BRDA:112,0,1,8
BRDA:112,1,0,9
BRDA:112,1,1,8
BRDA:116,2,0,1
BRDA:116,2,1,7
BRDA:120,3,0,1
BRDA:120,3,1,6
BRDA:120,4,0,7
BRDA:120,4,1,7
BRDA:120,4,2,2
BRDA:130,5,0,6
BRDA:130,5,1,6
BRDA:140,6,0,9
BRDA:140,6,1,4
BRDA:155,7,0,9
BRDA:155,7,1,10
BRDA:164,8,0,8
BRDA:164,8,1,5
BRDA:165,9,0,2
BRDA:165,9,1,6
BRDA:171,10,0,2
BRDA:171,10,1,4
BRDA:176,11,0,4
BRDA:176,11,1,2
BRDA:179,12,0,5
BRDA:179,12,1,2
BRDA:183,13,0,10
BRDA:183,13,1,2
BRDA:184,14,0,3
BRDA:184,14,1,7
BRDA:186,15,0,7
BRDA:186,15,1,2
BRDA:189,16,0,7
BRDA:189,16,1,1
BRDA:190,17,0,7
BRDA:190,17,1,1
BRDA:191,18,0,7
BRDA:191,18,1,2
BRDA:195,19,0,7
BRDA:195,19,1,7
BRDA:197,20,0,7
BRDA:197,20,1,7
BRDA:203,21,0,1
BRDA:205,22,0,1
BRDA:205,22,1,7
BRDA:218,23,0,1
BRDA:221,24,0,1
BRDA:221,24,1,7
BRDA:224,25,0,1
BRDA:224,25,1,6
BRDA:256,26,0,1
BRDA:256,26,1,4
BRDA:260,27,0,2
BRDA:260,27,1,2
BRDA:261,28,0,4
BRDA:261,28,1,1
BRDA:263,29,0,2
BRDA:263,29,1,2
BRF:59
BRH:59
end_of_record
TN:
SF:src\lib\supabase.ts
FN:15,hasStorageMethods
FN:25,isNativeStorageUnavailableError
FN:34,createMemoryStorage
FN:38,(anonymous_3)
FN:41,(anonymous_4)
FN:44,(anonymous_5)
FN:50,createSessionStorage
FN:57,(anonymous_7)
FN:68,(anonymous_8)
FN:88,(anonymous_9)
FN:90,(anonymous_10)
FN:91,(anonymous_11)
FN:94,(anonymous_12)
FN:96,(anonymous_13)
FN:97,(anonymous_14)
FN:100,(anonymous_15)
FN:102,(anonymous_16)
FN:103,(anonymous_17)
FN:122,getSupabaseClient
FN:126,requireSupabaseClient
FNF:20
FNH:20
FNDA:10,hasStorageMethods
FNDA:10,isNativeStorageUnavailableError
FNDA:11,createMemoryStorage
FNDA:6,(anonymous_3)
FNDA:3,(anonymous_4)
FNDA:3,(anonymous_5)
FNDA:10,createSessionStorage
FNDA:3,(anonymous_7)
FNDA:10,(anonymous_8)
FNDA:4,(anonymous_9)
FNDA:4,(anonymous_10)
FNDA:1,(anonymous_11)
FNDA:3,(anonymous_12)
FNDA:3,(anonymous_13)
FNDA:1,(anonymous_14)
FNDA:3,(anonymous_15)
FNDA:3,(anonymous_16)
FNDA:1,(anonymous_17)
FNDA:2,getSupabaseClient
FNDA:2,requireSupabaseClient
DA:4,7
DA:5,7
DA:13,7
DA:16,10
DA:26,10
DA:28,10
DA:35,11
DA:37,11
DA:39,6
DA:42,3
DA:45,3
DA:53,10
DA:54,10
DA:55,10
DA:57,10
DA:58,3
DA:59,1
DA:60,1
DA:65,3
DA:68,10
DA:72,10
DA:73,10
DA:75,6
DA:76,3
DA:79,3
DA:83,10
DA:84,1
DA:87,9
DA:89,4
DA:90,4
DA:91,1
DA:95,3
DA:96,3
DA:97,1
DA:101,3
DA:102,3
DA:103,1
DA:109,7
DA:111,7
DA:123,2
DA:127,2
DA:128,1
DA:133,1
LF:43
LH:43
BRDA:13,0,0,7
BRDA:13,0,1,1
BRDA:17,1,0,10
BRDA:17,1,1,9
BRDA:17,1,2,9
BRDA:17,1,3,9
BRDA:17,1,4,9
BRDA:26,2,0,8
BRDA:26,2,1,2
BRDA:26,3,0,2
BRDA:26,3,1,1
BRDA:29,4,0,10
BRDA:29,4,1,6
BRDA:39,5,0,6
BRDA:39,5,1,3
BRDA:51,6,0,7
BRDA:54,7,0,9
BRDA:54,7,1,1
BRDA:58,8,0,1
BRDA:58,8,1,2
BRDA:75,9,0,3
BRDA:75,9,1,3
BRDA:83,10,0,1
BRDA:83,10,1,9
BRDA:111,11,0,1
BRDA:111,11,1,6
BRDA:127,12,0,1
BRDA:127,12,1,1
BRF:28
BRH:28
end_of_record
