TN:
SF:src\lib\communitySession.ts
FN:5,buildCommunitySessionId
FN:16,getCommunitySessionId
FN:24,resetCommunitySessionIdForTests
FNF:3
FNH:3
FNDA:4,buildCommunitySessionId
FNDA:4,getCommunitySessionId
FNDA:4,resetCommunitySessionIdForTests
DA:1,1
DA:3,1
DA:9,4
DA:13,4
DA:17,4
DA:18,3
DA:21,4
DA:25,4
LF:8
LH:8
BRDA:6,0,0,3
BRDA:7,1,0,3
BRDA:17,2,0,3
BRDA:17,2,1,1
BRF:4
BRH:4
end_of_record
TN:
SF:src\lib\parkingPresentation.ts
FN:3,formatMoneyValue
FN:8,formatCostSummary
FN:37,formatCapacitySummary
FN:54,formatRatingSummary
FN:65,formatReportVolumeSummary
FNF:5
FNH:5
FNDA:61,formatMoneyValue
FNDA:37,formatCostSummary
FNDA:33,formatCapacitySummary
FNDA:30,formatRatingSummary
FNDA:24,formatReportVolumeSummary
DA:4,61
DA:5,61
DA:12,37
DA:14,36
DA:15,36
DA:16,36
DA:18,36
DA:19,30
DA:20,29
DA:23,6
DA:24,5
DA:26,4
DA:27,2
DA:30,2
DA:31,1
DA:34,1
DA:41,33
DA:42,33
DA:44,33
DA:45,30
DA:46,29
DA:49,3
DA:50,2
DA:51,1
DA:58,30
DA:59,4
DA:62,26
DA:69,24
DA:70,21
DA:71,20
LF:30
LH:30
BRDA:5,0,0,60
BRDA:5,0,1,1
BRDA:12,1,0,1
BRDA:12,1,1,36
BRDA:14,2,0,36
BRDA:14,2,1,1
BRDA:18,3,0,30
BRDA:18,3,1,6
BRDA:18,4,0,36
BRDA:18,4,1,31
BRDA:19,5,0,1
BRDA:19,5,1,29
BRDA:23,6,0,1
BRDA:23,6,1,5
BRDA:24,7,0,1
BRDA:24,7,1,4
BRDA:26,8,0,2
BRDA:26,8,1,2
BRDA:27,9,0,2
BRDA:27,9,1,1
BRDA:30,10,0,1
BRDA:30,10,1,1
BRDA:31,11,0,1
BRDA:31,11,1,1
BRDA:34,12,0,1
BRDA:34,12,1,1
BRDA:44,13,0,30
BRDA:44,13,1,3
BRDA:44,14,0,33
BRDA:44,14,1,31
BRDA:45,15,0,1
BRDA:45,15,1,29
BRDA:49,16,0,1
BRDA:49,16,1,2
BRDA:50,17,0,1
BRDA:50,17,1,1
BRDA:58,18,0,4
BRDA:58,18,1,26
BRDA:58,19,0,30
BRDA:58,19,1,26
BRDA:69,20,0,3
BRDA:69,20,1,21
BRDA:70,21,0,1
BRDA:70,21,1,20
BRF:44
BRH:44
end_of_record
TN:
SF:src\lib\parkingShared.ts
FN:57,toTrimmedString
FN:64,toNumber
FN:74,toInteger
FN:81,normalizeParkingStatus
FN:93,normalizeParkingReportStatus
FN:100,normalizeCostType
FN:110,normalizeCapacityConfidence
FN:120,normalizeAccessType
FN:130,normalizeCurrencyCode
FN:138,normalizeRatingValue
FN:145,clampLimit
FNF:11
FNH:11
FNDA:202,toTrimmedString
FNDA:155,toNumber
FNDA:64,toInteger
FNDA:29,normalizeParkingStatus
FNDA:19,normalizeParkingReportStatus
FNDA:16,normalizeCostType
FNDA:16,normalizeCapacityConfidence
FNDA:16,normalizeAccessType
FNDA:14,normalizeCurrencyCode
FNDA:22,normalizeRatingValue
FNDA:15,clampLimit
DA:58,202
DA:60,86
DA:61,86
DA:65,155
DA:66,115
DA:67,7
DA:68,7
DA:71,109
DA:75,64
DA:76,64
DA:78,8
DA:84,29
DA:85,29
DA:87,27
DA:88,13
DA:89,10
DA:90,5
DA:96,19
DA:97,19
DA:103,16
DA:104,16
DA:105,15
DA:106,14
DA:107,13
DA:113,16
DA:114,16
DA:115,15
DA:116,14
DA:117,13
DA:123,16
DA:124,16
DA:125,15
DA:126,14
DA:127,13
DA:134,14
DA:135,14
DA:139,22
DA:141,14
DA:142,10
DA:146,15
DA:147,12
LF:41
LH:41
BRDA:58,0,0,116
BRDA:58,0,1,86
BRDA:61,1,0,80
BRDA:61,1,1,6
BRDA:65,2,0,40
BRDA:65,2,1,115
BRDA:65,3,0,155
BRDA:65,3,1,41
BRDA:66,4,0,7
BRDA:66,4,1,108
BRDA:66,5,0,115
BRDA:66,5,1,7
BRDA:68,6,0,6
BRDA:68,6,1,1
BRDA:76,7,0,56
BRDA:76,7,1,8
BRDA:85,8,0,2
BRDA:85,8,1,27
BRDA:87,9,0,14
BRDA:87,9,1,13
BRDA:87,10,0,27
BRDA:87,10,1,14
BRDA:88,11,0,3
BRDA:88,11,1,10
BRDA:88,12,0,13
BRDA:88,12,1,11
BRDA:89,13,0,5
BRDA:89,13,1,5
BRDA:89,14,0,10
BRDA:89,14,1,6
BRDA:97,15,0,5
BRDA:97,15,1,14
BRDA:104,16,0,1
BRDA:104,16,1,15
BRDA:104,17,0,16
BRDA:104,17,1,16
BRDA:105,18,0,1
BRDA:105,18,1,14
BRDA:105,19,0,15
BRDA:105,19,1,15
BRDA:106,20,0,1
BRDA:106,20,1,13
BRDA:106,21,0,14
BRDA:106,21,1,14
BRDA:114,22,0,1
BRDA:114,22,1,15
BRDA:115,23,0,1
BRDA:115,23,1,14
BRDA:115,24,0,15
BRDA:115,24,1,15
BRDA:116,25,0,1
BRDA:116,25,1,13
BRDA:116,26,0,14
BRDA:116,26,1,14
BRDA:124,27,0,1
BRDA:124,27,1,15
BRDA:124,28,0,16
BRDA:124,28,1,16
BRDA:125,29,0,1
BRDA:125,29,1,14
BRDA:125,30,0,15
BRDA:125,30,1,15
BRDA:126,31,0,1
BRDA:126,31,1,13
BRDA:126,32,0,14
BRDA:126,32,1,14
BRDA:132,33,0,14
BRDA:135,34,0,1
BRDA:135,34,1,13
BRDA:135,35,0,14
BRDA:135,35,1,1
BRDA:139,36,0,8
BRDA:139,36,1,14
BRDA:139,37,0,22
BRDA:139,37,1,14
BRDA:141,38,0,4
BRDA:141,38,1,10
BRDA:141,39,0,14
BRDA:141,39,1,12
BRDA:146,40,0,3
BRDA:146,40,1,12
BRDA:146,41,0,15
BRDA:146,41,1,14
BRF:83
BRH:83
end_of_record
TN:
SF:src\lib\places.ts
FN:195,normalizeCreateParkingPlaceInput
FN:246,mapRawPlace
FN:280,readPlacesFromView
FN:297,readPlacesFromTable
FN:314,fetchPlaces
FN:319,(anonymous_5)
FN:324,fetchPlaceById
FN:330,(anonymous_7)
FN:347,createParkingPlace
FN:385,limitPlaces
FNF:10
FNH:10
FNDA:10,normalizeCreateParkingPlaceInput
FNDA:9,mapRawPlace
FNDA:6,readPlacesFromView
FNDA:4,readPlacesFromTable
FNDA:6,fetchPlaces
FNDA:3,(anonymous_5)
FNDA:6,fetchPlaceById
FNDA:4,(anonymous_7)
FNDA:5,createParkingPlace
FNDA:3,limitPlaces
DA:72,1
DA:97,1
DA:117,1
DA:198,10
DA:199,10
DA:200,10
DA:201,10
DA:202,10
DA:203,10
DA:204,10
DA:206,10
DA:207,1
DA:210,9
DA:211,1
DA:214,8
DA:219,1
DA:222,7
DA:223,1
DA:226,6
DA:247,9
DA:248,9
DA:249,9
DA:251,6
DA:281,6
DA:282,6
DA:284,5
DA:289,5
DA:290,2
DA:291,2
DA:294,3
DA:298,4
DA:299,4
DA:301,3
DA:306,3
DA:307,1
DA:308,1
DA:311,2
DA:315,6
DA:317,6
DA:319,3
DA:321,6
DA:325,6
DA:326,6
DA:328,5
DA:329,5
DA:330,4
DA:333,3
DA:339,3
DA:340,1
DA:341,1
DA:344,2
DA:350,5
DA:351,5
DA:353,5
DA:371,5
DA:372,1
DA:375,4
DA:376,4
DA:378,4
DA:379,2
DA:382,2
DA:386,3
LF:62
LH:62
BRDA:206,0,0,1
BRDA:206,0,1,9
BRDA:210,1,0,1
BRDA:210,1,1,8
BRDA:210,2,0,9
BRDA:210,2,1,8
BRDA:214,3,0,1
BRDA:214,3,1,7
BRDA:215,4,0,8
BRDA:215,4,1,2
BRDA:215,4,2,2
BRDA:222,5,0,1
BRDA:222,5,1,6
BRDA:222,6,0,7
BRDA:222,6,1,2
BRDA:222,6,2,2
BRDA:242,7,0,6
BRDA:242,7,1,6
BRDA:247,8,0,9
BRDA:247,8,1,3
BRDA:248,9,0,9
BRDA:248,9,1,3
BRDA:249,10,0,3
BRDA:249,10,1,6
BRDA:249,11,0,9
BRDA:249,11,1,6
BRDA:252,12,0,6
BRDA:252,12,1,1
BRDA:253,13,0,6
BRDA:253,13,1,2
BRDA:259,14,0,6
BRDA:259,14,1,6
BRDA:259,14,2,1
BRDA:261,15,0,6
BRDA:261,15,1,6
BRDA:262,16,0,6
BRDA:262,16,1,6
BRDA:263,17,0,6
BRDA:263,17,1,6
BRDA:264,18,0,6
BRDA:264,18,1,6
BRDA:266,19,0,6
BRDA:266,19,1,5
BRDA:282,20,0,1
BRDA:282,20,1,5
BRDA:289,21,0,2
BRDA:289,21,1,3
BRDA:294,22,0,3
BRDA:294,22,1,1
BRDA:299,23,0,1
BRDA:299,23,1,3
BRDA:306,24,0,1
BRDA:306,24,1,2
BRDA:311,25,0,2
BRDA:311,25,1,1
BRDA:315,26,0,6
BRDA:315,26,1,4
BRDA:321,27,0,3
BRDA:321,27,1,3
BRDA:321,28,0,6
BRDA:321,28,1,3
BRDA:326,29,0,1
BRDA:326,29,1,5
BRDA:329,30,0,2
BRDA:329,30,1,3
BRDA:330,31,0,2
BRDA:330,31,1,1
BRDA:339,32,0,1
BRDA:339,32,1,2
BRDA:344,33,0,2
BRDA:344,33,1,1
BRDA:371,34,0,1
BRDA:371,34,1,4
BRDA:375,35,0,2
BRDA:375,35,1,2
BRDA:376,36,0,4
BRDA:376,36,1,1
BRDA:378,37,0,2
BRDA:378,37,1,2
BRDA:386,38,0,3
BRDA:386,38,1,1
BRF:81
BRH:81
end_of_record
TN:
SF:src\lib\profiles.ts
FN:31,mapRawProfile
FN:48,getAuthenticatedUser
FN:59,fetchCurrentUserProfile
FN:83,upsertCurrentUserProfile
FNF:4
FNH:4
FNDA:7,mapRawProfile
FNDA:8,getAuthenticatedUser
FNDA:7,fetchCurrentUserProfile
FNDA:8,upsertCurrentUserProfile
DA:32,7
DA:33,7
DA:35,7
DA:37,3
DA:49,8
DA:50,8
DA:52,8
DA:53,1
DA:56,7
DA:60,7
DA:61,7
DA:63,6
DA:64,6
DA:65,1
DA:68,5
DA:70,4
DA:76,4
DA:77,1
DA:80,3
DA:86,8
DA:87,8
DA:89,7
DA:90,1
DA:93,6
DA:94,6
DA:95,1
DA:98,5
DA:107,5
DA:113,5
DA:114,1
DA:117,4
DA:118,4
DA:119,2
DA:122,2
LF:34
LH:34
BRDA:35,0,0,4
BRDA:35,0,1,3
BRDA:35,1,0,7
BRDA:35,1,1,5
BRDA:52,2,0,1
BRDA:52,2,1,7
BRDA:56,3,0,7
BRDA:56,3,1,1
BRDA:61,4,0,1
BRDA:61,4,1,6
BRDA:64,5,0,1
BRDA:64,5,1,5
BRDA:68,6,0,1
BRDA:68,6,1,4
BRDA:76,7,0,1
BRDA:76,7,1,3
BRDA:80,8,0,3
BRDA:80,8,1,1
BRDA:89,9,0,1
BRDA:89,9,1,6
BRDA:93,10,0,6
BRDA:93,10,1,5
BRDA:94,11,0,1
BRDA:94,11,1,5
BRDA:113,12,0,1
BRDA:113,12,1,4
BRDA:117,13,0,4
BRDA:117,13,1,1
BRDA:118,14,0,2
BRDA:118,14,1,2
BRF:30
BRH:30
end_of_record
TN:
SF:src\lib\ratings.ts
FN:25,normalizeSubmitParkingRatingInput
FN:48,mapRawParkingRatingSummary
FN:82,submitParkingRating
FNF:3
FNH:3
FNDA:9,normalizeSubmitParkingRatingInput
FNDA:5,mapRawParkingRatingSummary
FNDA:6,submitParkingRating
DA:28,9
DA:29,9
DA:31,9
DA:32,1
DA:35,8
DA:36,1
DA:39,7
DA:51,5
DA:53,5
DA:57,5
DA:58,2
DA:62,3
DA:66,3
DA:70,3
DA:85,6
DA:86,6
DA:88,6
DA:95,6
DA:96,1
DA:99,5
DA:100,5
DA:104,5
DA:105,2
DA:108,3
LF:24
LH:24
BRDA:31,0,0,1
BRDA:31,0,1,8
BRDA:35,1,0,1
BRDA:35,1,1,7
BRDA:44,2,0,7
BRDA:44,2,1,7
BRDA:53,3,0,2
BRDA:53,3,1,3
BRDA:53,4,0,5
BRDA:53,4,1,5
BRDA:57,5,0,2
BRDA:57,5,1,3
BRDA:57,6,0,5
BRDA:57,6,1,4
BRDA:57,6,2,3
BRDA:62,7,0,1
BRDA:62,7,1,2
BRDA:62,8,0,3
BRDA:62,8,1,2
BRDA:66,9,0,1
BRDA:66,9,1,2
BRDA:66,10,0,3
BRDA:66,10,1,2
BRDA:73,11,0,2
BRDA:73,11,1,1
BRDA:73,12,0,3
BRDA:73,12,1,2
BRDA:76,13,0,2
BRDA:76,13,1,1
BRDA:95,14,0,1
BRDA:95,14,1,5
BRDA:99,15,0,2
BRDA:99,15,1,3
BRDA:101,16,0,5
BRDA:101,16,1,1
BRDA:104,17,0,2
BRDA:104,17,1,3
BRF:37
BRH:37
end_of_record
TN:
SF:src\lib\reports.ts
FN:88,normalizeSubmitParkingReportInput
FN:122,mapRawReport
FN:143,fetchRecentReports
FN:161,(anonymous_3)
FN:165,fetchReportsForPlace
FN:175,(anonymous_5)
FN:192,(anonymous_6)
FN:196,submitParkingReport
FNF:8
FNH:8
FNDA:9,normalizeSubmitParkingReportInput
FNDA:8,mapRawReport
FNDA:5,fetchRecentReports
FNDA:3,(anonymous_3)
FNDA:5,fetchReportsForPlace
FNDA:2,(anonymous_5)
FNDA:1,(anonymous_6)
FNDA:5,submitParkingReport
DA:46,1
DA:59,1
DA:91,9
DA:92,9
DA:93,9
DA:94,9
DA:96,9
DA:97,1
DA:100,8
DA:101,1
DA:104,7
DA:105,1
DA:108,6
DA:123,8
DA:124,8
DA:126,5
DA:128,5
DA:144,5
DA:145,5
DA:147,4
DA:153,4
DA:154,1
DA:155,1
DA:158,3
DA:161,3
DA:169,5
DA:170,5
DA:172,4
DA:173,4
DA:174,1
DA:175,2
DA:179,3
DA:184,3
DA:185,1
DA:186,1
DA:189,2
DA:192,1
DA:199,5
DA:200,5
DA:202,5
DA:213,5
DA:214,1
DA:217,4
DA:218,4
DA:220,4
DA:221,2
DA:224,2
LF:47
LH:47
BRDA:96,0,0,1
BRDA:96,0,1,8
BRDA:96,1,0,9
BRDA:96,1,1,8
BRDA:100,2,0,1
BRDA:100,2,1,7
BRDA:104,3,0,1
BRDA:104,3,1,6
BRDA:104,4,0,7
BRDA:104,4,1,7
BRDA:104,4,2,2
BRDA:114,5,0,6
BRDA:114,5,1,6
BRDA:123,6,0,8
BRDA:123,6,1,2
BRDA:124,7,0,3
BRDA:124,7,1,5
BRDA:126,8,0,5
BRDA:126,8,1,2
BRDA:129,9,0,5
BRDA:129,9,1,1
BRDA:130,10,0,5
BRDA:130,10,1,1
BRDA:131,11,0,5
BRDA:131,11,1,2
BRDA:135,12,0,5
BRDA:135,12,1,5
BRDA:137,13,0,5
BRDA:137,13,1,5
BRDA:143,14,0,1
BRDA:145,15,0,1
BRDA:145,15,1,4
BRDA:153,16,0,1
BRDA:153,16,1,3
BRDA:159,17,0,3
BRDA:159,17,1,1
BRDA:167,18,0,1
BRDA:170,19,0,1
BRDA:170,19,1,4
BRDA:173,20,0,1
BRDA:173,20,1,3
BRDA:184,21,0,1
BRDA:184,21,1,2
BRDA:190,22,0,2
BRDA:190,22,1,1
BRDA:213,23,0,1
BRDA:213,23,1,4
BRDA:217,24,0,2
BRDA:217,24,1,2
BRDA:218,25,0,4
BRDA:218,25,1,1
BRDA:220,26,0,2
BRDA:220,26,1,2
BRF:53
BRH:53
end_of_record
TN:
SF:src\lib\supabase.ts
FN:17,getSupabaseClient
FN:21,requireSupabaseClient
FNF:2
FNH:2
FNDA:2,getSupabaseClient
FNDA:2,requireSupabaseClient
DA:3,2
DA:4,2
DA:6,2
DA:8,2
DA:18,2
DA:22,2
DA:23,1
DA:28,1
LF:8
LH:8
BRDA:6,0,0,2
BRDA:6,0,1,1
BRDA:8,1,0,1
BRDA:8,1,1,1
BRDA:22,2,0,1
BRDA:22,2,1,1
BRF:6
BRH:6
end_of_record
